TpTrace Verbose: 0 : 21604, 1, 2023/01/18, 11:10:55.640, 6559380830795, vstest.console.dll, Version: 17.3.1 Current process architecture: X64
TpTrace Verbose: 0 : 21604, 1, 2023/01/18, 11:10:55.641, 6559380849653, vstest.console.dll, Runtime location: C:\Program Files\dotnet\shared\Microsoft.NETCore.App\6.0.11
TpTrace Information: 0 : 21604, 1, 2023/01/18, 11:10:55.648, 6559380913407, vstest.console.dll, FilePatternParser: The given file D:\Project\Petzey.Department\DeptUnitTest\bin\Debug\net6.0\fine-code-coverage\build-output\DeptUnitTest.dll is a full path.
TpTrace Verbose: 0 : 21604, 1, 2023/01/18, 11:10:55.654, 6559380974912, vstest.console.dll, TestPluginCache.DiscoverTestExtensions: finding test extensions in assemblies ends with: RuntimeProvider.dll TPluginInfo: Microsoft.VisualStudio.TestPlatform.Common.ExtensionFramework.Utilities.TestRuntimePluginInformation TExtension: Microsoft.VisualStudio.TestPlatform.ObjectModel.Host.ITestRuntimeProvider
TpTrace Verbose: 0 : 21604, 1, 2023/01/18, 11:10:55.654, 6559380979775, vstest.console.dll, TestPluginCache.GetExtensionPaths: Filtered extension paths: 
TpTrace Verbose: 0 : 21604, 1, 2023/01/18, 11:10:55.655, 6559380980857, vstest.console.dll, TestPluginCache.GetExtensionPaths: Added default extension paths: C:\Program Files\dotnet\sdk\6.0.403\Extensions\Microsoft.Diagnostics.NETCore.Client.dll
C:\Program Files\dotnet\sdk\6.0.403\Extensions\Microsoft.TestPlatform.Extensions.BlameDataCollector.dll
C:\Program Files\dotnet\sdk\6.0.403\Extensions\Microsoft.TestPlatform.Extensions.EventLogCollector.dll
C:\Program Files\dotnet\sdk\6.0.403\Extensions\Microsoft.TestPlatform.TestHostRuntimeProvider.dll
C:\Program Files\dotnet\sdk\6.0.403\Extensions\Microsoft.VisualStudio.TestPlatform.Extensions.Html.TestLogger.dll
C:\Program Files\dotnet\sdk\6.0.403\Extensions\Microsoft.VisualStudio.TestPlatform.Extensions.Trx.TestLogger.dll
TpTrace Verbose: 0 : 21604, 1, 2023/01/18, 11:10:55.655, 6559380981369, vstest.console.dll, TestPluginCache.GetExtensionPaths: Added unfilterableExtensionPaths: 
TpTrace Information: 0 : 21604, 1, 2023/01/18, 11:10:55.655, 6559380987322, vstest.console.dll, AssemblyResolver.ctor: Creating AssemblyResolver with searchDirectories C:\Program Files\dotnet\sdk\6.0.403\Extensions,C:\Program Files\dotnet\sdk\6.0.403
TpTrace Verbose: 0 : 21604, 1, 2023/01/18, 11:10:55.656, 6559380997966, vstest.console.dll, TestPluginCache.DiscoverTestExtensions: Discovering the extensions using extension path.
TpTrace Verbose: 0 : 21604, 1, 2023/01/18, 11:10:55.656, 6559380999316, vstest.console.dll, TestPluginCache.GetExtensionPaths: Filtered extension paths: 
TpTrace Verbose: 0 : 21604, 1, 2023/01/18, 11:10:55.656, 6559380999835, vstest.console.dll, TestPluginCache.GetExtensionPaths: Added default extension paths: C:\Program Files\dotnet\sdk\6.0.403\Extensions\Microsoft.Diagnostics.NETCore.Client.dll
C:\Program Files\dotnet\sdk\6.0.403\Extensions\Microsoft.TestPlatform.Extensions.BlameDataCollector.dll
C:\Program Files\dotnet\sdk\6.0.403\Extensions\Microsoft.TestPlatform.Extensions.EventLogCollector.dll
C:\Program Files\dotnet\sdk\6.0.403\Extensions\Microsoft.TestPlatform.TestHostRuntimeProvider.dll
C:\Program Files\dotnet\sdk\6.0.403\Extensions\Microsoft.VisualStudio.TestPlatform.Extensions.Html.TestLogger.dll
C:\Program Files\dotnet\sdk\6.0.403\Extensions\Microsoft.VisualStudio.TestPlatform.Extensions.Trx.TestLogger.dll
TpTrace Verbose: 0 : 21604, 1, 2023/01/18, 11:10:55.656, 6559381000243, vstest.console.dll, TestPluginCache.GetExtensionPaths: Added unfilterableExtensionPaths: 
TpTrace Verbose: 0 : 21604, 1, 2023/01/18, 11:10:55.657, 6559381001073, vstest.console.dll, TestPluginCache.DiscoverTestExtensions: Discovering the extensions using allExtensionPaths: C:\Program Files\dotnet\sdk\6.0.403\Extensions\Microsoft.Diagnostics.NETCore.Client.dll
C:\Program Files\dotnet\sdk\6.0.403\Extensions\Microsoft.TestPlatform.Extensions.BlameDataCollector.dll
C:\Program Files\dotnet\sdk\6.0.403\Extensions\Microsoft.TestPlatform.Extensions.EventLogCollector.dll
C:\Program Files\dotnet\sdk\6.0.403\Extensions\Microsoft.TestPlatform.TestHostRuntimeProvider.dll
C:\Program Files\dotnet\sdk\6.0.403\Extensions\Microsoft.VisualStudio.TestPlatform.Extensions.Html.TestLogger.dll
C:\Program Files\dotnet\sdk\6.0.403\Extensions\Microsoft.VisualStudio.TestPlatform.Extensions.Trx.TestLogger.dll
TpTrace Information: 0 : 21604, 1, 2023/01/18, 11:10:55.657, 6559381002783, vstest.console.dll, AssemblyResolver.AddSearchDirectories: Adding more searchDirectories C:\Program Files\dotnet\sdk\6.0.403\Extensions,C:\Program Files\dotnet\sdk\6.0.403
TpTrace Information: 0 : 21604, 1, 2023/01/18, 11:10:55.657, 6559381003415, vstest.console.dll, AssemblyResolver.AddSearchDirectories: Adding more searchDirectories C:\Program Files\dotnet\sdk\6.0.403\Extensions,C:\Program Files\dotnet\sdk\6.0.403
TpTrace Information: 0 : 21604, 1, 2023/01/18, 11:10:55.657, 6559381003864, vstest.console.dll, AssemblyResolver.AddSearchDirectories: Adding more searchDirectories C:\Program Files\dotnet\sdk\6.0.403\Extensions,C:\Program Files\dotnet\sdk\6.0.403
TpTrace Information: 0 : 21604, 1, 2023/01/18, 11:10:55.657, 6559381004269, vstest.console.dll, AssemblyResolver.AddSearchDirectories: Adding more searchDirectories C:\Program Files\dotnet\sdk\6.0.403\Extensions,C:\Program Files\dotnet\sdk\6.0.403
TpTrace Information: 0 : 21604, 1, 2023/01/18, 11:10:55.657, 6559381004746, vstest.console.dll, AssemblyResolver.AddSearchDirectories: Adding more searchDirectories C:\Program Files\dotnet\sdk\6.0.403\Extensions,C:\Program Files\dotnet\sdk\6.0.403
TpTrace Information: 0 : 21604, 1, 2023/01/18, 11:10:55.657, 6559381005144, vstest.console.dll, AssemblyResolver.AddSearchDirectories: Adding more searchDirectories C:\Program Files\dotnet\sdk\6.0.403\Extensions,C:\Program Files\dotnet\sdk\6.0.403
TpTrace Information: 0 : 21604, 1, 2023/01/18, 11:10:55.657, 6559381008662, vstest.console.dll, AssemblyResolver.OnResolve: Microsoft.Diagnostics.NETCore.Client: Resolving assembly.
TpTrace Information: 0 : 21604, 1, 2023/01/18, 11:10:55.657, 6559381009416, vstest.console.dll, AssemblyResolver.OnResolve: Microsoft.Diagnostics.NETCore.Client: Searching in: 'C:\Program Files\dotnet\sdk\6.0.403\Extensions'.
TpTrace Information: 0 : 21604, 1, 2023/01/18, 11:10:55.658, 6559381013685, vstest.console.dll, AssemblyResolver.OnResolve: Microsoft.Diagnostics.NETCore.Client: Loading assembly 'C:\Program Files\dotnet\sdk\6.0.403\Extensions\Microsoft.Diagnostics.NETCore.Client.dll'.
TpTrace Information: 0 : 21604, 1, 2023/01/18, 11:10:55.659, 6559381025181, vstest.console.dll, AssemblyResolver.OnResolve: Resolved assembly: Microsoft.Diagnostics.NETCore.Client, from path: C:\Program Files\dotnet\sdk\6.0.403\Extensions\Microsoft.Diagnostics.NETCore.Client.dll
TpTrace Verbose: 0 : 21604, 1, 2023/01/18, 11:10:55.665, 6559381084262, vstest.console.dll, MetadataReaderExtensionsHelper: Discovering extensions inside assembly 'Microsoft.Diagnostics.NETCore.Client, Version=0.2.5.801, Culture=neutral, PublicKeyToken=31bf3856ad364e35' file path 'C:\Program Files\dotnet\sdk\6.0.403\Extensions\Microsoft.Diagnostics.NETCore.Client.dll'
TpTrace Information: 0 : 21604, 1, 2023/01/18, 11:10:55.682, 6559381257836, vstest.console.dll, AssemblyResolver.OnResolve: Microsoft.Bcl.AsyncInterfaces: Resolving assembly.
TpTrace Information: 0 : 21604, 1, 2023/01/18, 11:10:55.682, 6559381259618, vstest.console.dll, AssemblyResolver.OnResolve: Microsoft.Bcl.AsyncInterfaces: Searching in: 'C:\Program Files\dotnet\sdk\6.0.403\Extensions'.
TpTrace Information: 0 : 21604, 1, 2023/01/18, 11:10:55.683, 6559381260841, vstest.console.dll, AssemblyResolver.OnResolve: Microsoft.Bcl.AsyncInterfaces: Assembly path does not exist: 'C:\Program Files\dotnet\sdk\6.0.403\Extensions\Microsoft.Bcl.AsyncInterfaces.dll', returning.
TpTrace Information: 0 : 21604, 1, 2023/01/18, 11:10:55.683, 6559381261905, vstest.console.dll, AssemblyResolver.OnResolve: Microsoft.Bcl.AsyncInterfaces: Assembly path does not exist: 'C:\Program Files\dotnet\sdk\6.0.403\Extensions\Microsoft.Bcl.AsyncInterfaces.exe', returning.
TpTrace Information: 0 : 21604, 1, 2023/01/18, 11:10:55.683, 6559381263098, vstest.console.dll, AssemblyResolver.OnResolve: Microsoft.Bcl.AsyncInterfaces: Searching in: 'C:\Program Files\dotnet\sdk\6.0.403'.
TpTrace Information: 0 : 21604, 1, 2023/01/18, 11:10:55.683, 6559381264168, vstest.console.dll, AssemblyResolver.OnResolve: Microsoft.Bcl.AsyncInterfaces: Assembly path does not exist: 'C:\Program Files\dotnet\sdk\6.0.403\Microsoft.Bcl.AsyncInterfaces.dll', returning.
TpTrace Information: 0 : 21604, 1, 2023/01/18, 11:10:55.683, 6559381265074, vstest.console.dll, AssemblyResolver.OnResolve: Microsoft.Bcl.AsyncInterfaces: Assembly path does not exist: 'C:\Program Files\dotnet\sdk\6.0.403\Microsoft.Bcl.AsyncInterfaces.exe', returning.
TpTrace Information: 0 : 21604, 1, 2023/01/18, 11:10:55.683, 6559381265651, vstest.console.dll, AssemblyResolver.OnResolve: Microsoft.Bcl.AsyncInterfaces: Failed to load assembly.
TpTrace Verbose: 0 : 21604, 1, 2023/01/18, 11:10:55.683, 6559381266426, vstest.console.dll, CurrentDomainAssemblyResolve: Resolving assembly 'Microsoft.Bcl.AsyncInterfaces'.
TpTrace Information: 0 : 21604, 1, 2023/01/18, 11:10:55.683, 6559381267401, vstest.console.dll, AssemblyResolver.OnResolve: Microsoft.Bcl.AsyncInterfaces: Resolving assembly.
TpTrace Information: 0 : 21604, 1, 2023/01/18, 11:10:55.683, 6559381268110, vstest.console.dll, AssemblyResolver.OnResolve: Microsoft.Bcl.AsyncInterfaces: Resolved from cache.
TpTrace Verbose: 0 : 21604, 1, 2023/01/18, 11:10:55.683, 6559381268711, vstest.console.dll, CurrentDomainAssemblyResolve: Resolving assembly 'Microsoft.Bcl.AsyncInterfaces'.
TpTrace Verbose: 0 : 21604, 1, 2023/01/18, 11:10:55.683, 6559381269370, vstest.console.dll, CurrentDomainAssemblyResolve: Failed to resolve assembly 'Microsoft.Bcl.AsyncInterfaces'.
TpTrace Verbose: 0 : 21604, 1, 2023/01/18, 11:10:55.684, 6559381275751, vstest.console.dll, CurrentDomainAssemblyResolve: Failed to resolve assembly 'Microsoft.Bcl.AsyncInterfaces'.
TpTrace Warning: 0 : 21604, 1, 2023/01/18, 11:10:55.700, 6559381439195, vstest.console.dll, TestPluginDiscoverer: Failed to get types from assembly 'Microsoft.Diagnostics.NETCore.Client, Version=0.2.5.801, Culture=neutral, PublicKeyToken=31bf3856ad364e35'. Error: System.Reflection.ReflectionTypeLoadException: Unable to load one or more of the requested types.
Could not load file or assembly 'Microsoft.Bcl.AsyncInterfaces, Version=1.0.0.0, Culture=neutral, PublicKeyToken=cc7b13ffcd2ddd51'. The system cannot find the file specified.
   at System.Reflection.RuntimeModule.GetTypes(RuntimeModule module)
   at System.Reflection.Assembly.GetTypes()
   at Microsoft.VisualStudio.TestPlatform.Common.ExtensionFramework.TestPluginDiscoverer.GetTestExtensionsFromAssembly[TPluginInfo,TExtension](Assembly assembly, Dictionary`2 pluginInfos, String filePath)
System.IO.FileNotFoundException: Could not load file or assembly 'Microsoft.Bcl.AsyncInterfaces, Version=1.0.0.0, Culture=neutral, PublicKeyToken=cc7b13ffcd2ddd51'. The system cannot find the file specified.
File name: 'Microsoft.Bcl.AsyncInterfaces, Version=1.0.0.0, Culture=neutral, PublicKeyToken=cc7b13ffcd2ddd51'
 ---> System.IO.FileNotFoundException: Could not load file or assembly 'Microsoft.Bcl.AsyncInterfaces, Culture=neutral, PublicKeyToken=null'. The system cannot find the file specified.
File name: 'Microsoft.Bcl.AsyncInterfaces, Culture=neutral, PublicKeyToken=null'
   at System.Reflection.RuntimeAssembly.InternalLoad(ObjectHandleOnStack assemblyName, ObjectHandleOnStack requestingAssembly, StackCrawlMarkHandle stackMark, Boolean throwOnFileNotFound, ObjectHandleOnStack assemblyLoadContext, ObjectHandleOnStack retAssembly)
   at System.Reflection.RuntimeAssembly.InternalLoad(AssemblyName assemblyName, RuntimeAssembly requestingAssembly, StackCrawlMark& stackMark, Boolean throwOnFileNotFound, AssemblyLoadContext assemblyLoadContext)
   at System.Reflection.Assembly.Load(AssemblyName assemblyRef)
   at Microsoft.VisualStudio.TestPlatform.Common.ExtensionFramework.TestPluginCache.CurrentDomainAssemblyResolve(Object sender, AssemblyResolveEventArgs args)
   at Microsoft.VisualStudio.TestPlatform.PlatformAbstractions.PlatformAssemblyResolver.AssemblyResolverEvent(Object sender, Object eventArgs)
   at System.Runtime.Loader.AssemblyLoadContext.GetFirstResolvedAssemblyFromResolvingEvent(AssemblyName assemblyName)
   at System.Runtime.Loader.AssemblyLoadContext.ResolveUsingEvent(AssemblyName assemblyName)
   at System.Runtime.Loader.AssemblyLoadContext.ResolveUsingResolvingEvent(IntPtr gchManagedAssemblyLoadContext, AssemblyName assemblyName)
TpTrace Warning: 0 : 21604, 1, 2023/01/18, 11:10:55.701, 6559381444986, vstest.console.dll, LoaderExceptions: System.IO.FileNotFoundException: Could not load file or assembly 'Microsoft.Bcl.AsyncInterfaces, Version=1.0.0.0, Culture=neutral, PublicKeyToken=cc7b13ffcd2ddd51'. The system cannot find the file specified.
File name: 'Microsoft.Bcl.AsyncInterfaces, Version=1.0.0.0, Culture=neutral, PublicKeyToken=cc7b13ffcd2ddd51'
 ---> System.IO.FileNotFoundException: Could not load file or assembly 'Microsoft.Bcl.AsyncInterfaces, Culture=neutral, PublicKeyToken=null'. The system cannot find the file specified.
File name: 'Microsoft.Bcl.AsyncInterfaces, Culture=neutral, PublicKeyToken=null'
   at System.Reflection.RuntimeAssembly.InternalLoad(ObjectHandleOnStack assemblyName, ObjectHandleOnStack requestingAssembly, StackCrawlMarkHandle stackMark, Boolean throwOnFileNotFound, ObjectHandleOnStack assemblyLoadContext, ObjectHandleOnStack retAssembly)
   at System.Reflection.RuntimeAssembly.InternalLoad(AssemblyName assemblyName, RuntimeAssembly requestingAssembly, StackCrawlMark& stackMark, Boolean throwOnFileNotFound, AssemblyLoadContext assemblyLoadContext)
   at System.Reflection.Assembly.Load(AssemblyName assemblyRef)
   at Microsoft.VisualStudio.TestPlatform.Common.ExtensionFramework.TestPluginCache.CurrentDomainAssemblyResolve(Object sender, AssemblyResolveEventArgs args)
   at Microsoft.VisualStudio.TestPlatform.PlatformAbstractions.PlatformAssemblyResolver.AssemblyResolverEvent(Object sender, Object eventArgs)
   at System.Runtime.Loader.AssemblyLoadContext.GetFirstResolvedAssemblyFromResolvingEvent(AssemblyName assemblyName)
   at System.Runtime.Loader.AssemblyLoadContext.ResolveUsingEvent(AssemblyName assemblyName)
   at System.Runtime.Loader.AssemblyLoadContext.ResolveUsingResolvingEvent(IntPtr gchManagedAssemblyLoadContext, AssemblyName assemblyName)
TpTrace Information: 0 : 21604, 1, 2023/01/18, 11:10:55.701, 6559381447342, vstest.console.dll, AssemblyResolver.OnResolve: Microsoft.TestPlatform.Extensions.BlameDataCollector: Resolving assembly.
TpTrace Information: 0 : 21604, 1, 2023/01/18, 11:10:55.701, 6559381448158, vstest.console.dll, AssemblyResolver.OnResolve: Microsoft.TestPlatform.Extensions.BlameDataCollector: Searching in: 'C:\Program Files\dotnet\sdk\6.0.403\Extensions'.
TpTrace Information: 0 : 21604, 1, 2023/01/18, 11:10:55.702, 6559381452666, vstest.console.dll, AssemblyResolver.OnResolve: Microsoft.TestPlatform.Extensions.BlameDataCollector: Loading assembly 'C:\Program Files\dotnet\sdk\6.0.403\Extensions\Microsoft.TestPlatform.Extensions.BlameDataCollector.dll'.
TpTrace Information: 0 : 21604, 1, 2023/01/18, 11:10:55.703, 6559381467847, vstest.console.dll, AssemblyResolver.OnResolve: Resolved assembly: Microsoft.TestPlatform.Extensions.BlameDataCollector, from path: C:\Program Files\dotnet\sdk\6.0.403\Extensions\Microsoft.TestPlatform.Extensions.BlameDataCollector.dll
TpTrace Verbose: 0 : 21604, 1, 2023/01/18, 11:10:55.703, 6559381469076, vstest.console.dll, MetadataReaderExtensionsHelper: Discovering extensions inside assembly 'Microsoft.TestPlatform.Extensions.BlameDataCollector, Version=15.0.0.0, Culture=neutral, PublicKeyToken=b03f5f7f11d50a3a' file path 'C:\Program Files\dotnet\sdk\6.0.403\Extensions\Microsoft.TestPlatform.Extensions.BlameDataCollector.dll'
TpTrace Information: 0 : 21604, 1, 2023/01/18, 11:10:55.705, 6559381486720, vstest.console.dll, AssemblyResolver.OnResolve: Microsoft.TestPlatform.Extensions.EventLogCollector: Resolving assembly.
TpTrace Information: 0 : 21604, 1, 2023/01/18, 11:10:55.705, 6559381488367, vstest.console.dll, AssemblyResolver.OnResolve: Microsoft.TestPlatform.Extensions.EventLogCollector: Searching in: 'C:\Program Files\dotnet\sdk\6.0.403\Extensions'.
TpTrace Information: 0 : 21604, 1, 2023/01/18, 11:10:55.706, 6559381498192, vstest.console.dll, AssemblyResolver.OnResolve: Microsoft.TestPlatform.Extensions.EventLogCollector: Loading assembly 'C:\Program Files\dotnet\sdk\6.0.403\Extensions\Microsoft.TestPlatform.Extensions.EventLogCollector.dll'.
TpTrace Information: 0 : 21604, 1, 2023/01/18, 11:10:55.708, 6559381510658, vstest.console.dll, AssemblyResolver.OnResolve: Resolved assembly: Microsoft.TestPlatform.Extensions.EventLogCollector, from path: C:\Program Files\dotnet\sdk\6.0.403\Extensions\Microsoft.TestPlatform.Extensions.EventLogCollector.dll
TpTrace Verbose: 0 : 21604, 1, 2023/01/18, 11:10:55.708, 6559381511750, vstest.console.dll, MetadataReaderExtensionsHelper: Discovering extensions inside assembly 'Microsoft.TestPlatform.Extensions.EventLogCollector, Version=15.0.0.0, Culture=neutral, PublicKeyToken=b03f5f7f11d50a3a' file path 'C:\Program Files\dotnet\sdk\6.0.403\Extensions\Microsoft.TestPlatform.Extensions.EventLogCollector.dll'
TpTrace Information: 0 : 21604, 1, 2023/01/18, 11:10:55.713, 6559381565516, vstest.console.dll, AssemblyResolver.OnResolve: Microsoft.TestPlatform.TestHostRuntimeProvider: Resolving assembly.
TpTrace Information: 0 : 21604, 1, 2023/01/18, 11:10:55.713, 6559381566869, vstest.console.dll, AssemblyResolver.OnResolve: Microsoft.TestPlatform.TestHostRuntimeProvider: Searching in: 'C:\Program Files\dotnet\sdk\6.0.403\Extensions'.
TpTrace Information: 0 : 21604, 1, 2023/01/18, 11:10:55.714, 6559381571568, vstest.console.dll, AssemblyResolver.OnResolve: Microsoft.TestPlatform.TestHostRuntimeProvider: Loading assembly 'C:\Program Files\dotnet\sdk\6.0.403\Extensions\Microsoft.TestPlatform.TestHostRuntimeProvider.dll'.
TpTrace Information: 0 : 21604, 1, 2023/01/18, 11:10:55.715, 6559381586771, vstest.console.dll, AssemblyResolver.OnResolve: Resolved assembly: Microsoft.TestPlatform.TestHostRuntimeProvider, from path: C:\Program Files\dotnet\sdk\6.0.403\Extensions\Microsoft.TestPlatform.TestHostRuntimeProvider.dll
TpTrace Verbose: 0 : 21604, 1, 2023/01/18, 11:10:55.715, 6559381588270, vstest.console.dll, MetadataReaderExtensionsHelper: Discovering extensions inside assembly 'Microsoft.TestPlatform.TestHostRuntimeProvider, Version=15.0.0.0, Culture=neutral, PublicKeyToken=b03f5f7f11d50a3a' file path 'C:\Program Files\dotnet\sdk\6.0.403\Extensions\Microsoft.TestPlatform.TestHostRuntimeProvider.dll'
TpTrace Information: 0 : 21604, 1, 2023/01/18, 11:10:55.718, 6559381617333, vstest.console.dll, GetTestExtensionFromType: Register extension with identifier data 'HostProvider://DefaultTestHost' and type 'Microsoft.VisualStudio.TestPlatform.CrossPlatEngine.Hosting.DefaultTestHostManager, Microsoft.TestPlatform.TestHostRuntimeProvider, Version=15.0.0.0, Culture=neutral, PublicKeyToken=b03f5f7f11d50a3a' inside file 'C:\Program Files\dotnet\sdk\6.0.403\Extensions\Microsoft.TestPlatform.TestHostRuntimeProvider.dll'
TpTrace Information: 0 : 21604, 1, 2023/01/18, 11:10:55.718, 6559381618787, vstest.console.dll, GetTestExtensionFromType: Register extension with identifier data 'HostProvider://DotnetTestHost' and type 'Microsoft.VisualStudio.TestPlatform.CrossPlatEngine.Hosting.DotnetTestHostManager, Microsoft.TestPlatform.TestHostRuntimeProvider, Version=15.0.0.0, Culture=neutral, PublicKeyToken=b03f5f7f11d50a3a' inside file 'C:\Program Files\dotnet\sdk\6.0.403\Extensions\Microsoft.TestPlatform.TestHostRuntimeProvider.dll'
TpTrace Information: 0 : 21604, 1, 2023/01/18, 11:10:55.718, 6559381620290, vstest.console.dll, AssemblyResolver.OnResolve: Microsoft.VisualStudio.TestPlatform.Extensions.Html.TestLogger: Resolving assembly.
TpTrace Information: 0 : 21604, 1, 2023/01/18, 11:10:55.719, 6559381621120, vstest.console.dll, AssemblyResolver.OnResolve: Microsoft.VisualStudio.TestPlatform.Extensions.Html.TestLogger: Searching in: 'C:\Program Files\dotnet\sdk\6.0.403\Extensions'.
TpTrace Information: 0 : 21604, 1, 2023/01/18, 11:10:55.719, 6559381625888, vstest.console.dll, AssemblyResolver.OnResolve: Microsoft.VisualStudio.TestPlatform.Extensions.Html.TestLogger: Loading assembly 'C:\Program Files\dotnet\sdk\6.0.403\Extensions\Microsoft.VisualStudio.TestPlatform.Extensions.Html.TestLogger.dll'.
TpTrace Information: 0 : 21604, 1, 2023/01/18, 11:10:55.721, 6559381644321, vstest.console.dll, AssemblyResolver.OnResolve: Resolved assembly: Microsoft.VisualStudio.TestPlatform.Extensions.Html.TestLogger, from path: C:\Program Files\dotnet\sdk\6.0.403\Extensions\Microsoft.VisualStudio.TestPlatform.Extensions.Html.TestLogger.dll
TpTrace Verbose: 0 : 21604, 1, 2023/01/18, 11:10:55.721, 6559381645809, vstest.console.dll, MetadataReaderExtensionsHelper: Discovering extensions inside assembly 'Microsoft.VisualStudio.TestPlatform.Extensions.Html.TestLogger, Version=15.0.0.0, Culture=neutral, PublicKeyToken=b03f5f7f11d50a3a' file path 'C:\Program Files\dotnet\sdk\6.0.403\Extensions\Microsoft.VisualStudio.TestPlatform.Extensions.Html.TestLogger.dll'
TpTrace Information: 0 : 21604, 1, 2023/01/18, 11:10:55.722, 6559381656459, vstest.console.dll, AssemblyResolver.OnResolve: Microsoft.VisualStudio.TestPlatform.Extensions.Trx.TestLogger: Resolving assembly.
TpTrace Information: 0 : 21604, 1, 2023/01/18, 11:10:55.722, 6559381657613, vstest.console.dll, AssemblyResolver.OnResolve: Microsoft.VisualStudio.TestPlatform.Extensions.Trx.TestLogger: Searching in: 'C:\Program Files\dotnet\sdk\6.0.403\Extensions'.
TpTrace Information: 0 : 21604, 1, 2023/01/18, 11:10:55.723, 6559381662265, vstest.console.dll, AssemblyResolver.OnResolve: Microsoft.VisualStudio.TestPlatform.Extensions.Trx.TestLogger: Loading assembly 'C:\Program Files\dotnet\sdk\6.0.403\Extensions\Microsoft.VisualStudio.TestPlatform.Extensions.Trx.TestLogger.dll'.
TpTrace Information: 0 : 21604, 1, 2023/01/18, 11:10:55.724, 6559381678376, vstest.console.dll, AssemblyResolver.OnResolve: Resolved assembly: Microsoft.VisualStudio.TestPlatform.Extensions.Trx.TestLogger, from path: C:\Program Files\dotnet\sdk\6.0.403\Extensions\Microsoft.VisualStudio.TestPlatform.Extensions.Trx.TestLogger.dll
TpTrace Verbose: 0 : 21604, 1, 2023/01/18, 11:10:55.724, 6559381679768, vstest.console.dll, MetadataReaderExtensionsHelper: Discovering extensions inside assembly 'Microsoft.VisualStudio.TestPlatform.Extensions.Trx.TestLogger, Version=15.0.0.0, Culture=neutral, PublicKeyToken=b03f5f7f11d50a3a' file path 'C:\Program Files\dotnet\sdk\6.0.403\Extensions\Microsoft.VisualStudio.TestPlatform.Extensions.Trx.TestLogger.dll'
TpTrace Verbose: 0 : 21604, 1, 2023/01/18, 11:10:55.726, 6559381693661, vstest.console.dll, TestPluginCache: Discovered the extensions using extension path ''.
TpTrace Verbose: 0 : 21604, 1, 2023/01/18, 11:10:55.726, 6559381694884, vstest.console.dll, TestPluginCache: Discoverers are ''.
TpTrace Verbose: 0 : 21604, 1, 2023/01/18, 11:10:55.726, 6559381695558, vstest.console.dll, TestPluginCache: Executors are ''.
TpTrace Verbose: 0 : 21604, 1, 2023/01/18, 11:10:55.726, 6559381696145, vstest.console.dll, TestPluginCache: Executors2 are ''.
TpTrace Verbose: 0 : 21604, 1, 2023/01/18, 11:10:55.726, 6559381696713, vstest.console.dll, TestPluginCache: Setting providers are ''.
TpTrace Verbose: 0 : 21604, 1, 2023/01/18, 11:10:55.726, 6559381697272, vstest.console.dll, TestPluginCache: Loggers are ''.
TpTrace Verbose: 0 : 21604, 1, 2023/01/18, 11:10:55.726, 6559381698627, vstest.console.dll, TestPluginCache: TestHosts are 'HostProvider://DefaultTestHost,HostProvider://DotnetTestHost'.
TpTrace Verbose: 0 : 21604, 1, 2023/01/18, 11:10:55.726, 6559381699351, vstest.console.dll, TestPluginCache: DataCollectors are ''.
TpTrace Information: 0 : 21604, 1, 2023/01/18, 11:10:55.749, 6559381928924, vstest.console.dll, RunTestsArgumentProcessor:Execute: Test run is starting.
TpTrace Verbose: 0 : 21604, 1, 2023/01/18, 11:10:55.750, 6559381930674, vstest.console.dll, RunTestsArgumentProcessor:Execute: Queuing Test run.
TpTrace Information: 0 : 21604, 1, 2023/01/18, 11:10:55.750, 6559381935431, vstest.console.dll, TestRequestManager.RunTests: run tests started.
TpTrace Information: 0 : 21604, 1, 2023/01/18, 11:10:55.753, 6559381963882, vstest.console.dll, AssemblyMetadataProvider.GetFrameworkName: Determined framework:'.NETCoreApp,Version=v6.0' for source: 'D:\Project\Petzey.Department\DeptUnitTest\bin\Debug\net6.0\fine-code-coverage\build-output\DeptUnitTest.dll'
TpTrace Information: 0 : 21604, 1, 2023/01/18, 11:10:55.753, 6559381966818, vstest.console.dll, Determined framework for all sources: .NETCoreApp,Version=v6.0
TpTrace Verbose: 0 : 21604, 1, 2023/01/18, 11:10:55.754, 6559381976797, vstest.console.dll, TestRequestManager.UpdateRunSettingsIfRequired: Default architecture: X64 IsDefaultTargetArchitecture: True, Current process architecture: X64 OperatingSystem: Windows.
TpTrace Information: 0 : 21604, 1, 2023/01/18, 11:10:55.759, 6559382028591, vstest.console.dll, AssemblyMetadataProvider.GetArchitecture: Determined architecture:AnyCPU info for assembly: D:\Project\Petzey.Department\DeptUnitTest\bin\Debug\net6.0\fine-code-coverage\build-output\DeptUnitTest.dll
TpTrace Information: 0 : 21604, 1, 2023/01/18, 11:10:55.759, 6559382029948, vstest.console.dll, Determined platform for source 'D:\Project\Petzey.Department\DeptUnitTest\bin\Debug\net6.0\fine-code-coverage\build-output\DeptUnitTest.dll' was AnyCPU and it will use the default plaform X64.
TpTrace Information: 0 : 21604, 1, 2023/01/18, 11:10:55.760, 6559382030877, vstest.console.dll, None of the sources provided any runnable platform, using the default platform: X64
TpTrace Information: 0 : 21604, 1, 2023/01/18, 11:10:55.760, 6559382032593, vstest.console.dll, Platform was updated to 'X64'.
TpTrace Information: 0 : 21604, 1, 2023/01/18, 11:10:55.768, 6559382113232, vstest.console.dll, InferRunSettingsHelper.IsTestSettingsEnabled: Unable to navigate to RunSettings/MSTest. Current node: RunSettings
TpTrace Information: 0 : 21604, 1, 2023/01/18, 11:10:55.769, 6559382126841, vstest.console.dll, AssemblyResolver.OnResolve: Microsoft.VisualStudio.TestPlatform.Fakes: Resolving assembly.
TpTrace Information: 0 : 21604, 1, 2023/01/18, 11:10:55.769, 6559382128391, vstest.console.dll, AssemblyResolver.OnResolve: Microsoft.VisualStudio.TestPlatform.Fakes: Searching in: 'C:\Program Files\dotnet\sdk\6.0.403\Extensions'.
TpTrace Information: 0 : 21604, 1, 2023/01/18, 11:10:55.769, 6559382130227, vstest.console.dll, AssemblyResolver.OnResolve: Microsoft.VisualStudio.TestPlatform.Fakes: Assembly path does not exist: 'C:\Program Files\dotnet\sdk\6.0.403\Extensions\Microsoft.VisualStudio.TestPlatform.Fakes.dll', returning.
TpTrace Information: 0 : 21604, 1, 2023/01/18, 11:10:55.770, 6559382131797, vstest.console.dll, AssemblyResolver.OnResolve: Microsoft.VisualStudio.TestPlatform.Fakes: Assembly path does not exist: 'C:\Program Files\dotnet\sdk\6.0.403\Extensions\Microsoft.VisualStudio.TestPlatform.Fakes.exe', returning.
TpTrace Information: 0 : 21604, 1, 2023/01/18, 11:10:55.770, 6559382132672, vstest.console.dll, AssemblyResolver.OnResolve: Microsoft.VisualStudio.TestPlatform.Fakes: Searching in: 'C:\Program Files\dotnet\sdk\6.0.403'.
TpTrace Information: 0 : 21604, 1, 2023/01/18, 11:10:55.770, 6559382134012, vstest.console.dll, AssemblyResolver.OnResolve: Microsoft.VisualStudio.TestPlatform.Fakes: Assembly path does not exist: 'C:\Program Files\dotnet\sdk\6.0.403\Microsoft.VisualStudio.TestPlatform.Fakes.dll', returning.
TpTrace Information: 0 : 21604, 1, 2023/01/18, 11:10:55.770, 6559382135339, vstest.console.dll, AssemblyResolver.OnResolve: Microsoft.VisualStudio.TestPlatform.Fakes: Assembly path does not exist: 'C:\Program Files\dotnet\sdk\6.0.403\Microsoft.VisualStudio.TestPlatform.Fakes.exe', returning.
TpTrace Information: 0 : 21604, 1, 2023/01/18, 11:10:55.770, 6559382136297, vstest.console.dll, AssemblyResolver.OnResolve: Microsoft.VisualStudio.TestPlatform.Fakes: Failed to load assembly.
TpTrace Information: 0 : 21604, 1, 2023/01/18, 11:10:55.771, 6559382141223, vstest.console.dll, Failed to load assembly Microsoft.VisualStudio.TestPlatform.Fakes, Version=17.0.0.0, Culture=neutral. Reason:System.IO.FileNotFoundException: Could not load file or assembly 'Microsoft.VisualStudio.TestPlatform.Fakes, Version=17.0.0.0, Culture=neutral, PublicKeyToken=null'. The system cannot find the file specified.
File name: 'Microsoft.VisualStudio.TestPlatform.Fakes, Version=17.0.0.0, Culture=neutral, PublicKeyToken=null'
   at System.Reflection.RuntimeAssembly.InternalLoad(ObjectHandleOnStack assemblyName, ObjectHandleOnStack requestingAssembly, StackCrawlMarkHandle stackMark, Boolean throwOnFileNotFound, ObjectHandleOnStack assemblyLoadContext, ObjectHandleOnStack retAssembly)
   at System.Reflection.RuntimeAssembly.InternalLoad(AssemblyName assemblyName, RuntimeAssembly requestingAssembly, StackCrawlMark& stackMark, Boolean throwOnFileNotFound, AssemblyLoadContext assemblyLoadContext)
   at System.Reflection.Assembly.Load(AssemblyName assemblyRef)
   at Microsoft.VisualStudio.TestPlatform.Common.Utilities.FakesUtilities.LoadTestPlatformAssembly()
TpTrace Verbose: 0 : 21604, 1, 2023/01/18, 11:10:55.777, 6559382204244, vstest.console.dll, TestPluginCache.DiscoverTestExtensions: finding test extensions in assemblies ends with: TestLogger.dll TPluginInfo: Microsoft.VisualStudio.TestPlatform.Common.ExtensionFramework.Utilities.TestLoggerPluginInformation TExtension: Microsoft.VisualStudio.TestPlatform.ObjectModel.Client.ITestLogger
TpTrace Verbose: 0 : 21604, 1, 2023/01/18, 11:10:55.777, 6559382205968, vstest.console.dll, TestPluginCache.GetExtensionPaths: Filtered extension paths: 
TpTrace Verbose: 0 : 21604, 1, 2023/01/18, 11:10:55.777, 6559382206775, vstest.console.dll, TestPluginCache.GetExtensionPaths: Added default extension paths: C:\Program Files\dotnet\sdk\6.0.403\Extensions\Microsoft.Diagnostics.NETCore.Client.dll
C:\Program Files\dotnet\sdk\6.0.403\Extensions\Microsoft.TestPlatform.Extensions.BlameDataCollector.dll
C:\Program Files\dotnet\sdk\6.0.403\Extensions\Microsoft.TestPlatform.Extensions.EventLogCollector.dll
C:\Program Files\dotnet\sdk\6.0.403\Extensions\Microsoft.TestPlatform.TestHostRuntimeProvider.dll
C:\Program Files\dotnet\sdk\6.0.403\Extensions\Microsoft.VisualStudio.TestPlatform.Extensions.Html.TestLogger.dll
C:\Program Files\dotnet\sdk\6.0.403\Extensions\Microsoft.VisualStudio.TestPlatform.Extensions.Trx.TestLogger.dll
TpTrace Verbose: 0 : 21604, 1, 2023/01/18, 11:10:55.777, 6559382207534, vstest.console.dll, TestPluginCache.GetExtensionPaths: Added unfilterableExtensionPaths: 
TpTrace Information: 0 : 21604, 1, 2023/01/18, 11:10:55.777, 6559382209569, vstest.console.dll, AssemblyResolver.AddSearchDirectories: Adding more searchDirectories C:\Program Files\dotnet\sdk\6.0.403\Extensions,C:\Program Files\dotnet\sdk\6.0.403
TpTrace Verbose: 0 : 21604, 1, 2023/01/18, 11:10:55.777, 6559382210504, vstest.console.dll, TestPluginCache.DiscoverTestExtensions: Discovering the extensions using extension path.
TpTrace Verbose: 0 : 21604, 1, 2023/01/18, 11:10:55.778, 6559382211431, vstest.console.dll, TestPluginCache.GetExtensionPaths: Filtered extension paths: 
TpTrace Verbose: 0 : 21604, 1, 2023/01/18, 11:10:55.778, 6559382212108, vstest.console.dll, TestPluginCache.GetExtensionPaths: Added default extension paths: C:\Program Files\dotnet\sdk\6.0.403\Extensions\Microsoft.Diagnostics.NETCore.Client.dll
C:\Program Files\dotnet\sdk\6.0.403\Extensions\Microsoft.TestPlatform.Extensions.BlameDataCollector.dll
C:\Program Files\dotnet\sdk\6.0.403\Extensions\Microsoft.TestPlatform.Extensions.EventLogCollector.dll
C:\Program Files\dotnet\sdk\6.0.403\Extensions\Microsoft.TestPlatform.TestHostRuntimeProvider.dll
C:\Program Files\dotnet\sdk\6.0.403\Extensions\Microsoft.VisualStudio.TestPlatform.Extensions.Html.TestLogger.dll
C:\Program Files\dotnet\sdk\6.0.403\Extensions\Microsoft.VisualStudio.TestPlatform.Extensions.Trx.TestLogger.dll
TpTrace Verbose: 0 : 21604, 1, 2023/01/18, 11:10:55.778, 6559382212872, vstest.console.dll, TestPluginCache.GetExtensionPaths: Added unfilterableExtensionPaths: 
TpTrace Verbose: 0 : 21604, 1, 2023/01/18, 11:10:55.778, 6559382214355, vstest.console.dll, TestPluginCache.DiscoverTestExtensions: Discovering the extensions using allExtensionPaths: C:\Program Files\dotnet\sdk\6.0.403\Extensions\Microsoft.Diagnostics.NETCore.Client.dll
C:\Program Files\dotnet\sdk\6.0.403\Extensions\Microsoft.TestPlatform.Extensions.BlameDataCollector.dll
C:\Program Files\dotnet\sdk\6.0.403\Extensions\Microsoft.TestPlatform.Extensions.EventLogCollector.dll
C:\Program Files\dotnet\sdk\6.0.403\Extensions\Microsoft.TestPlatform.TestHostRuntimeProvider.dll
C:\Program Files\dotnet\sdk\6.0.403\Extensions\Microsoft.VisualStudio.TestPlatform.Extensions.Html.TestLogger.dll
C:\Program Files\dotnet\sdk\6.0.403\Extensions\Microsoft.VisualStudio.TestPlatform.Extensions.Trx.TestLogger.dll
TpTrace Information: 0 : 21604, 1, 2023/01/18, 11:10:55.778, 6559382215433, vstest.console.dll, AssemblyResolver.AddSearchDirectories: Adding more searchDirectories C:\Program Files\dotnet\sdk\6.0.403\Extensions,C:\Program Files\dotnet\sdk\6.0.403
TpTrace Information: 0 : 21604, 1, 2023/01/18, 11:10:55.778, 6559382216238, vstest.console.dll, AssemblyResolver.AddSearchDirectories: Adding more searchDirectories C:\Program Files\dotnet\sdk\6.0.403\Extensions,C:\Program Files\dotnet\sdk\6.0.403
TpTrace Information: 0 : 21604, 1, 2023/01/18, 11:10:55.778, 6559382216928, vstest.console.dll, AssemblyResolver.AddSearchDirectories: Adding more searchDirectories C:\Program Files\dotnet\sdk\6.0.403\Extensions,C:\Program Files\dotnet\sdk\6.0.403
TpTrace Information: 0 : 21604, 1, 2023/01/18, 11:10:55.778, 6559382217642, vstest.console.dll, AssemblyResolver.AddSearchDirectories: Adding more searchDirectories C:\Program Files\dotnet\sdk\6.0.403\Extensions,C:\Program Files\dotnet\sdk\6.0.403
TpTrace Information: 0 : 21604, 1, 2023/01/18, 11:10:55.778, 6559382218339, vstest.console.dll, AssemblyResolver.AddSearchDirectories: Adding more searchDirectories C:\Program Files\dotnet\sdk\6.0.403\Extensions,C:\Program Files\dotnet\sdk\6.0.403
TpTrace Information: 0 : 21604, 1, 2023/01/18, 11:10:55.778, 6559382219017, vstest.console.dll, AssemblyResolver.AddSearchDirectories: Adding more searchDirectories C:\Program Files\dotnet\sdk\6.0.403\Extensions,C:\Program Files\dotnet\sdk\6.0.403
TpTrace Verbose: 0 : 21604, 1, 2023/01/18, 11:10:55.779, 6559382221135, vstest.console.dll, MetadataReaderExtensionsHelper: Discovering extensions inside assembly 'Microsoft.Diagnostics.NETCore.Client, Version=0.2.5.801, Culture=neutral, PublicKeyToken=31bf3856ad364e35' file path 'C:\Program Files\dotnet\sdk\6.0.403\Extensions\Microsoft.Diagnostics.NETCore.Client.dll'
TpTrace Information: 0 : 21604, 1, 2023/01/18, 11:10:55.779, 6559382227867, vstest.console.dll, AssemblyResolver.OnResolve: Microsoft.Bcl.AsyncInterfaces: Resolving assembly.
TpTrace Information: 0 : 21604, 1, 2023/01/18, 11:10:55.779, 6559382228700, vstest.console.dll, AssemblyResolver.OnResolve: Microsoft.Bcl.AsyncInterfaces: Resolved from cache.
TpTrace Verbose: 0 : 21604, 1, 2023/01/18, 11:10:55.779, 6559382229313, vstest.console.dll, CurrentDomainAssemblyResolve: Resolving assembly 'Microsoft.Bcl.AsyncInterfaces'.
TpTrace Information: 0 : 21604, 1, 2023/01/18, 11:10:55.779, 6559382230146, vstest.console.dll, AssemblyResolver.OnResolve: Microsoft.Bcl.AsyncInterfaces: Resolving assembly.
TpTrace Information: 0 : 21604, 1, 2023/01/18, 11:10:55.780, 6559382230702, vstest.console.dll, AssemblyResolver.OnResolve: Microsoft.Bcl.AsyncInterfaces: Resolved from cache.
TpTrace Verbose: 0 : 21604, 1, 2023/01/18, 11:10:55.780, 6559382231251, vstest.console.dll, CurrentDomainAssemblyResolve: Resolving assembly 'Microsoft.Bcl.AsyncInterfaces'.
TpTrace Verbose: 0 : 21604, 1, 2023/01/18, 11:10:55.780, 6559382231764, vstest.console.dll, CurrentDomainAssemblyResolve: Failed to resolve assembly 'Microsoft.Bcl.AsyncInterfaces'.
TpTrace Verbose: 0 : 21604, 1, 2023/01/18, 11:10:55.780, 6559382234098, vstest.console.dll, CurrentDomainAssemblyResolve: Failed to resolve assembly 'Microsoft.Bcl.AsyncInterfaces'.
TpTrace Warning: 0 : 21604, 1, 2023/01/18, 11:10:55.780, 6559382239170, vstest.console.dll, TestPluginDiscoverer: Failed to get types from assembly 'Microsoft.Diagnostics.NETCore.Client, Version=0.2.5.801, Culture=neutral, PublicKeyToken=31bf3856ad364e35'. Error: System.Reflection.ReflectionTypeLoadException: Unable to load one or more of the requested types.
Could not load file or assembly 'Microsoft.Bcl.AsyncInterfaces, Version=1.0.0.0, Culture=neutral, PublicKeyToken=cc7b13ffcd2ddd51'. The system cannot find the file specified.
   at System.Reflection.RuntimeModule.GetTypes(RuntimeModule module)
   at System.Reflection.Assembly.GetTypes()
   at Microsoft.VisualStudio.TestPlatform.Common.ExtensionFramework.TestPluginDiscoverer.GetTestExtensionsFromAssembly[TPluginInfo,TExtension](Assembly assembly, Dictionary`2 pluginInfos, String filePath)
System.IO.FileNotFoundException: Could not load file or assembly 'Microsoft.Bcl.AsyncInterfaces, Version=1.0.0.0, Culture=neutral, PublicKeyToken=cc7b13ffcd2ddd51'. The system cannot find the file specified.
File name: 'Microsoft.Bcl.AsyncInterfaces, Version=1.0.0.0, Culture=neutral, PublicKeyToken=cc7b13ffcd2ddd51'
 ---> System.IO.FileNotFoundException: Could not load file or assembly 'Microsoft.Bcl.AsyncInterfaces, Culture=neutral, PublicKeyToken=null'. The system cannot find the file specified.
File name: 'Microsoft.Bcl.AsyncInterfaces, Culture=neutral, PublicKeyToken=null'
   at System.Reflection.RuntimeAssembly.InternalLoad(ObjectHandleOnStack assemblyName, ObjectHandleOnStack requestingAssembly, StackCrawlMarkHandle stackMark, Boolean throwOnFileNotFound, ObjectHandleOnStack assemblyLoadContext, ObjectHandleOnStack retAssembly)
   at System.Reflection.RuntimeAssembly.InternalLoad(AssemblyName assemblyName, RuntimeAssembly requestingAssembly, StackCrawlMark& stackMark, Boolean throwOnFileNotFound, AssemblyLoadContext assemblyLoadContext)
   at System.Reflection.Assembly.Load(AssemblyName assemblyRef)
   at Microsoft.VisualStudio.TestPlatform.Common.ExtensionFramework.TestPluginCache.CurrentDomainAssemblyResolve(Object sender, AssemblyResolveEventArgs args)
   at Microsoft.VisualStudio.TestPlatform.PlatformAbstractions.PlatformAssemblyResolver.AssemblyResolverEvent(Object sender, Object eventArgs)
   at System.Runtime.Loader.AssemblyLoadContext.GetFirstResolvedAssemblyFromResolvingEvent(AssemblyName assemblyName)
   at System.Runtime.Loader.AssemblyLoadContext.ResolveUsingEvent(AssemblyName assemblyName)
   at System.Runtime.Loader.AssemblyLoadContext.ResolveUsingResolvingEvent(IntPtr gchManagedAssemblyLoadContext, AssemblyName assemblyName)
TpTrace Warning: 0 : 21604, 1, 2023/01/18, 11:10:55.781, 6559382241832, vstest.console.dll, LoaderExceptions: System.IO.FileNotFoundException: Could not load file or assembly 'Microsoft.Bcl.AsyncInterfaces, Version=1.0.0.0, Culture=neutral, PublicKeyToken=cc7b13ffcd2ddd51'. The system cannot find the file specified.
File name: 'Microsoft.Bcl.AsyncInterfaces, Version=1.0.0.0, Culture=neutral, PublicKeyToken=cc7b13ffcd2ddd51'
 ---> System.IO.FileNotFoundException: Could not load file or assembly 'Microsoft.Bcl.AsyncInterfaces, Culture=neutral, PublicKeyToken=null'. The system cannot find the file specified.
File name: 'Microsoft.Bcl.AsyncInterfaces, Culture=neutral, PublicKeyToken=null'
   at System.Reflection.RuntimeAssembly.InternalLoad(ObjectHandleOnStack assemblyName, ObjectHandleOnStack requestingAssembly, StackCrawlMarkHandle stackMark, Boolean throwOnFileNotFound, ObjectHandleOnStack assemblyLoadContext, ObjectHandleOnStack retAssembly)
   at System.Reflection.RuntimeAssembly.InternalLoad(AssemblyName assemblyName, RuntimeAssembly requestingAssembly, StackCrawlMark& stackMark, Boolean throwOnFileNotFound, AssemblyLoadContext assemblyLoadContext)
   at System.Reflection.Assembly.Load(AssemblyName assemblyRef)
   at Microsoft.VisualStudio.TestPlatform.Common.ExtensionFramework.TestPluginCache.CurrentDomainAssemblyResolve(Object sender, AssemblyResolveEventArgs args)
   at Microsoft.VisualStudio.TestPlatform.PlatformAbstractions.PlatformAssemblyResolver.AssemblyResolverEvent(Object sender, Object eventArgs)
   at System.Runtime.Loader.AssemblyLoadContext.GetFirstResolvedAssemblyFromResolvingEvent(AssemblyName assemblyName)
   at System.Runtime.Loader.AssemblyLoadContext.ResolveUsingEvent(AssemblyName assemblyName)
   at System.Runtime.Loader.AssemblyLoadContext.ResolveUsingResolvingEvent(IntPtr gchManagedAssemblyLoadContext, AssemblyName assemblyName)
TpTrace Verbose: 0 : 21604, 1, 2023/01/18, 11:10:55.781, 6559382243113, vstest.console.dll, MetadataReaderExtensionsHelper: Discovering extensions inside assembly 'Microsoft.TestPlatform.Extensions.BlameDataCollector, Version=15.0.0.0, Culture=neutral, PublicKeyToken=b03f5f7f11d50a3a' file path 'C:\Program Files\dotnet\sdk\6.0.403\Extensions\Microsoft.TestPlatform.Extensions.BlameDataCollector.dll'
TpTrace Information: 0 : 21604, 1, 2023/01/18, 11:10:55.781, 6559382249512, vstest.console.dll, GetTestExtensionFromType: Register extension with identifier data 'logger://Microsoft/TestPlatform/Extensions/Blame/v1' and type 'Microsoft.TestPlatform.Extensions.BlameDataCollector.BlameLogger, Microsoft.TestPlatform.Extensions.BlameDataCollector, Version=15.0.0.0, Culture=neutral, PublicKeyToken=b03f5f7f11d50a3a' inside file 'C:\Program Files\dotnet\sdk\6.0.403\Extensions\Microsoft.TestPlatform.Extensions.BlameDataCollector.dll'
TpTrace Verbose: 0 : 21604, 1, 2023/01/18, 11:10:55.781, 6559382250536, vstest.console.dll, MetadataReaderExtensionsHelper: Discovering extensions inside assembly 'Microsoft.TestPlatform.Extensions.EventLogCollector, Version=15.0.0.0, Culture=neutral, PublicKeyToken=b03f5f7f11d50a3a' file path 'C:\Program Files\dotnet\sdk\6.0.403\Extensions\Microsoft.TestPlatform.Extensions.EventLogCollector.dll'
TpTrace Verbose: 0 : 21604, 1, 2023/01/18, 11:10:55.783, 6559382261374, vstest.console.dll, MetadataReaderExtensionsHelper: Discovering extensions inside assembly 'Microsoft.TestPlatform.TestHostRuntimeProvider, Version=15.0.0.0, Culture=neutral, PublicKeyToken=b03f5f7f11d50a3a' file path 'C:\Program Files\dotnet\sdk\6.0.403\Extensions\Microsoft.TestPlatform.TestHostRuntimeProvider.dll'
TpTrace Verbose: 0 : 21604, 1, 2023/01/18, 11:10:55.783, 6559382267027, vstest.console.dll, MetadataReaderExtensionsHelper: Discovering extensions inside assembly 'Microsoft.VisualStudio.TestPlatform.Extensions.Html.TestLogger, Version=15.0.0.0, Culture=neutral, PublicKeyToken=b03f5f7f11d50a3a' file path 'C:\Program Files\dotnet\sdk\6.0.403\Extensions\Microsoft.VisualStudio.TestPlatform.Extensions.Html.TestLogger.dll'
TpTrace Information: 0 : 21604, 1, 2023/01/18, 11:10:55.784, 6559382273806, vstest.console.dll, GetTestExtensionFromType: Register extension with identifier data 'logger://Microsoft/TestPlatform/HtmlLogger/v1' and type 'Microsoft.VisualStudio.TestPlatform.Extensions.HtmlLogger.HtmlLogger, Microsoft.VisualStudio.TestPlatform.Extensions.Html.TestLogger, Version=15.0.0.0, Culture=neutral, PublicKeyToken=b03f5f7f11d50a3a' inside file 'C:\Program Files\dotnet\sdk\6.0.403\Extensions\Microsoft.VisualStudio.TestPlatform.Extensions.Html.TestLogger.dll'
TpTrace Verbose: 0 : 21604, 1, 2023/01/18, 11:10:55.784, 6559382275042, vstest.console.dll, MetadataReaderExtensionsHelper: Discovering extensions inside assembly 'Microsoft.VisualStudio.TestPlatform.Extensions.Trx.TestLogger, Version=15.0.0.0, Culture=neutral, PublicKeyToken=b03f5f7f11d50a3a' file path 'C:\Program Files\dotnet\sdk\6.0.403\Extensions\Microsoft.VisualStudio.TestPlatform.Extensions.Trx.TestLogger.dll'
TpTrace Information: 0 : 21604, 1, 2023/01/18, 11:10:55.785, 6559382281506, vstest.console.dll, GetTestExtensionFromType: Register extension with identifier data 'logger://Microsoft/TestPlatform/TrxLogger/v1' and type 'Microsoft.VisualStudio.TestPlatform.Extensions.TrxLogger.TrxLogger, Microsoft.VisualStudio.TestPlatform.Extensions.Trx.TestLogger, Version=15.0.0.0, Culture=neutral, PublicKeyToken=b03f5f7f11d50a3a' inside file 'C:\Program Files\dotnet\sdk\6.0.403\Extensions\Microsoft.VisualStudio.TestPlatform.Extensions.Trx.TestLogger.dll'
TpTrace Verbose: 0 : 21604, 1, 2023/01/18, 11:10:55.785, 6559382282887, vstest.console.dll, TestPluginCache: Discovered the extensions using extension path ''.
TpTrace Verbose: 0 : 21604, 1, 2023/01/18, 11:10:55.785, 6559382283652, vstest.console.dll, TestPluginCache: Discoverers are ''.
TpTrace Verbose: 0 : 21604, 1, 2023/01/18, 11:10:55.785, 6559382284266, vstest.console.dll, TestPluginCache: Executors are ''.
TpTrace Verbose: 0 : 21604, 1, 2023/01/18, 11:10:55.785, 6559382284838, vstest.console.dll, TestPluginCache: Executors2 are ''.
TpTrace Verbose: 0 : 21604, 1, 2023/01/18, 11:10:55.785, 6559382285411, vstest.console.dll, TestPluginCache: Setting providers are ''.
TpTrace Verbose: 0 : 21604, 1, 2023/01/18, 11:10:55.785, 6559382286768, vstest.console.dll, TestPluginCache: Loggers are 'logger://Microsoft/TestPlatform/Extensions/Blame/v1,logger://Microsoft/TestPlatform/HtmlLogger/v1,logger://Microsoft/TestPlatform/TrxLogger/v1'.
TpTrace Verbose: 0 : 21604, 1, 2023/01/18, 11:10:55.785, 6559382287564, vstest.console.dll, TestPluginCache: TestHosts are 'HostProvider://DefaultTestHost,HostProvider://DotnetTestHost'.
TpTrace Verbose: 0 : 21604, 1, 2023/01/18, 11:10:55.785, 6559382288181, vstest.console.dll, TestPluginCache: DataCollectors are ''.
TpTrace Information: 0 : 21604, 1, 2023/01/18, 11:10:55.786, 6559382298483, vstest.console.dll, TestPluginManager.CreateTestExtension: Attempting to load test extension: Microsoft.TestPlatform.Extensions.BlameDataCollector.BlameLogger
TpTrace Verbose: 0 : 21604, 1, 2023/01/18, 11:10:55.794, 6559382379972, vstest.console.dll, TestEngine: Initializing Parallel Execution as MaxCpuCount is set to: 1
TpTrace Information: 0 : 21604, 1, 2023/01/18, 11:10:55.797, 6559382404806, vstest.console.dll, TestPluginManager.CreateTestExtension: Attempting to load test extension: Microsoft.VisualStudio.TestPlatform.CrossPlatEngine.Hosting.DefaultTestHostManager
TpTrace Information: 0 : 21604, 1, 2023/01/18, 11:10:55.799, 6559382429781, vstest.console.dll, TestPluginManager.CreateTestExtension: Attempting to load test extension: Microsoft.VisualStudio.TestPlatform.CrossPlatEngine.Hosting.DotnetTestHostManager
TpTrace Information: 0 : 21604, 1, 2023/01/18, 11:10:55.800, 6559382439335, vstest.console.dll, InferRunSettingsHelper.IsTestSettingsEnabled: Unable to navigate to RunSettings/MSTest. Current node: RunSettings
TpTrace Verbose: 0 : 21604, 1, 2023/01/18, 11:10:55.808, 6559382516119, vstest.console.dll, TestEngine.GetExecutionManager: Chosen execution manager 'Microsoft.VisualStudio.TestPlatform.CrossPlatEngine.Client.Parallel.ParallelProxyExecutionManager, Microsoft.TestPlatform.CrossPlatEngine, Version=15.0.0.0, Culture=neutral, PublicKeyToken=b03f5f7f11d50a3a' ParallelLevel '1'.
TpTrace Verbose: 0 : 21604, 1, 2023/01/18, 11:10:55.808, 6559382518437, vstest.console.dll, TestRunRequest.ExecuteAsync: Creating test run request.
TpTrace Verbose: 0 : 21604, 1, 2023/01/18, 11:10:55.809, 6559382521607, vstest.console.dll, TestRunRequest.ExecuteAsync: Starting.
TpTrace Information: 0 : 21604, 1, 2023/01/18, 11:10:55.809, 6559382525420, vstest.console.dll, TestRunRequest.ExecuteAsync: Starting run with settings:TestRunCriteria:
   KeepAlive=False,FrequencyOfRunStatsChangeEvent=10,RunStatsChangeEventTimeout=00:00:01.5000000,TestCaseFilter=,TestExecutorLauncher=
   Settingsxml=<RunSettings>
  <RunConfiguration>
    <ResultsDirectory>D:\Project\Petzey.Department\DeptUnitTest\bin\Debug\net6.0\fine-code-coverage\coverage-tool-output</ResultsDirectory>
    <TargetPlatform>X64</TargetPlatform>
    <TargetFrameworkVersion>.NETCoreApp,Version=v6.0</TargetFrameworkVersion>
    <DesignMode>False</DesignMode>
    <CollectSourceInformation>False</CollectSourceInformation>
  </RunConfiguration>
  <LoggerRunSettings>
    <Loggers>
      <Logger friendlyName="blame" enabled="True" />
      <Logger friendlyName="Console" uri="logger://microsoft/TestPlatform/ConsoleLogger/v1" assemblyQualifiedName="Microsoft.VisualStudio.TestPlatform.CommandLine.Internal.ConsoleLogger, vstest.console, Version=15.0.0.0, Culture=neutral, PublicKeyToken=b03f5f7f11d50a3a" codeBase="C:\Program Files\dotnet\sdk\6.0.403\vstest.console.dll" enabled="True" />
    </Loggers>
  </LoggerRunSettings>
  <DataCollectionRunSettings>
    <DataCollectors>
      <DataCollector friendlyName="blame" enabled="True">
        <Configuration>
          <ResultsDirectory>D:\Project\Petzey.Department\DeptUnitTest\bin\Debug\net6.0\fine-code-coverage\coverage-tool-output</ResultsDirectory>
        </Configuration>
      </DataCollector>
    </DataCollectors>
  </DataCollectionRunSettings>
</RunSettings>

TpTrace Verbose: 0 : 21604, 1, 2023/01/18, 11:10:55.809, 6559382526228, vstest.console.dll, TestRunRequest.ExecuteAsync: Wait for the first run request is over.
TpTrace Verbose: 0 : 21604, 1, 2023/01/18, 11:10:55.809, 6559382529688, vstest.console.dll, MulticastDelegateUtilities.SafeInvoke: TestRun.TestRunStart: Invoking callbacks was skipped because there are no subscribers.
TpTrace Verbose: 0 : 21604, 4, 2023/01/18, 11:10:55.810, 6559382532621, vstest.console.dll, MulticastDelegateUtilities.SafeInvoke: InternalTestLoggerEvents.SendTestRunStart: Invoking callback 1/1 for Microsoft.VisualStudio.TestPlatform.CommandLine.Internal.ConsoleLogger.TestRunStartHandler, took 0 ms.
TpTrace Verbose: 0 : 21604, 1, 2023/01/18, 11:10:55.811, 6559382542760, vstest.console.dll, ParallelProxyExecutionManager: Start execution. Total sources: 1
TpTrace Verbose: 0 : 21604, 1, 2023/01/18, 11:10:55.812, 6559382559913, vstest.console.dll, TestRequestSender is acting as server.
TpTrace Verbose: 0 : 21604, 1, 2023/01/18, 11:10:55.814, 6559382574297, vstest.console.dll, DataCollectionRequestSender.InitializeCommunication : Initialize communication. 
TpTrace Information: 0 : 21604, 1, 2023/01/18, 11:10:55.823, 6559382666777, vstest.console.dll, Listening on Endpoint : 127.0.0.1:53088
TpTrace Verbose: 0 : 21604, 1, 2023/01/18, 11:10:55.832, 6559382755337, vstest.console.dll, DotnetDataCollectionLauncher: Adding  --runtimeconfig "C:\Program Files\dotnet\sdk\6.0.403\datacollector.runtimeconfig.json" in args
TpTrace Verbose: 0 : 21604, 1, 2023/01/18, 11:10:55.832, 6559382756876, vstest.console.dll, DotnetDataCollectionLauncher: Adding  --depsfile "C:\Program Files\dotnet\sdk\6.0.403\datacollector.deps.json" in args
TpTrace Verbose: 0 : 21604, 1, 2023/01/18, 11:10:55.832, 6559382759094, vstest.console.dll, DotnetDataCollectionLauncher: Full path of dotnet.exe is C:\Program Files\dotnet\dotnet.exe
TpTrace Information: 0 : 21604, 1, 2023/01/18, 11:10:55.848, 6559382913678, vstest.console.dll, ProxyDataCollectionManager.Initialize: Launched datacollector processId: 28732 port: 53088
TpTrace Information: 0 : 21604, 1, 2023/01/18, 11:10:55.848, 6559382915348, vstest.console.dll, ProxyDataCollectionManager.Initialize: waiting for connection with timeout: 90 seconds
TpTrace Verbose: 0 : 21604, 1, 2023/01/18, 11:10:55.848, 6559382916030, vstest.console.dll, DataCollectionRequestSender.WaitForRequestHandlerConnection : Waiting for connection with timeout: 90000
TpTrace Information: 0 : 21604, 5, 2023/01/18, 11:10:56.038, 6559384819720, vstest.console.dll, Using the buffer size of 16384 bytes
TpTrace Verbose: 0 : 21604, 1, 2023/01/18, 11:10:56.038, 6559384820190, vstest.console.dll, SocketCommunicationManager.WaitForClientConnection took: 190 ms, with 90000 ms timeout, and finished with True.
TpTrace Information: 0 : 21604, 5, 2023/01/18, 11:10:56.039, 6559384821117, vstest.console.dll, Accepted Client request and set the flag
TpTrace Verbose: 0 : 21604, 1, 2023/01/18, 11:10:56.039, 6559384821593, vstest.console.dll, ProxyDataCollectionManager.InvokeDataCollectionServiceAction: Starting.
TpTrace Information: 0 : 21604, 1, 2023/01/18, 11:10:56.039, 6559384822417, vstest.console.dll, ProxyDataCollectionManager.BeforeTestRunStart: Get environment variable and port for datacollector processId: 28732 port: 53088
TpTrace Verbose: 0 : 21604, 1, 2023/01/18, 11:10:56.039, 6559384823444, vstest.console.dll, DataCollectionRequestSender.SendBeforeTestRunStartAndGetResult: Send BeforeTestRunStart message with settingsXml <RunSettings><RunConfiguration><ResultsDirectory>D:\Project\Petzey.Department\DeptUnitTest\bin\Debug\net6.0\fine-code-coverage\coverage-tool-output</ResultsDirectory><TargetPlatform>X64</TargetPlatform><TargetFrameworkVersion>.NETCoreApp,Version=v6.0</TargetFrameworkVersion><DesignMode>False</DesignMode><CollectSourceInformation>False</CollectSourceInformation><TestAdaptersPaths>C:\Program Files\dotnet\sdk\6.0.403\Extensions</TestAdaptersPaths></RunConfiguration><LoggerRunSettings><Loggers><Logger friendlyName="blame" enabled="True" /><Logger friendlyName="Console" uri="logger://microsoft/TestPlatform/ConsoleLogger/v1" assemblyQualifiedName="Microsoft.VisualStudio.TestPlatform.CommandLine.Internal.ConsoleLogger, vstest.console, Version=15.0.0.0, Culture=neutral, PublicKeyToken=b03f5f7f11d50a3a" codeBase="C:\Program Files\dotnet\sdk\6.0.403\vstest.console.dll" enabled="True" /></Loggers></LoggerRunSettings><DataCollectionRunSettings><DataCollectors><DataCollector friendlyName="blame" enabled="True"><Configuration><ResultsDirectory>D:\Project\Petzey.Department\DeptUnitTest\bin\Debug\net6.0\fine-code-coverage\coverage-tool-output</ResultsDirectory></Configuration></DataCollector></DataCollectors></DataCollectionRunSettings></RunSettings> and sources System.Collections.Generic.List`1[System.String]: 
TpTrace Verbose: 0 : 21604, 1, 2023/01/18, 11:10:56.103, 6559385463636, vstest.console.dll, DataCollectionRequestSender.SendBeforeTestRunStartAndGetResult: Received message: (DataCollection.SendMessage) -> {"MessageType":"DataCollection.SendMessage","Payload":{"FriendlyName":null,"Uri":null,"TestCaseId":"00000000-0000-0000-0000-000000000000","Message":"Logging DataCollector Diagnostics in file: D:\\Project\\Petzey.Department\\DeptUnitTest\\bin\\Debug\\net6.0\\fine-code-coverage\\coverage-tool-output\\diagnostics.datacollector.23-01-18_11-10-55_83219_1.log","Level":0}}
TpTrace Verbose: 0 : 21604, 1, 2023/01/18, 11:10:56.220, 6559386634804, vstest.console.dll, DataCollectionRequestSender.SendBeforeTestRunStartAndGetResult: Received message: (DataCollection.BeforeTestRunStartResult) -> {"MessageType":"DataCollection.BeforeTestRunStartResult","Payload":{"EnvironmentVariables":{},"DataCollectionEventsPort":53090}}
TpTrace Information: 0 : 21604, 1, 2023/01/18, 11:10:56.225, 6559386684626, vstest.console.dll, ProxyDataCollectionManager.BeforeTestRunStart: SendBeforeTestRunStartAndGetResult successful, env variable from datacollector:   and testhost port: 53090
TpTrace Information: 0 : 21604, 1, 2023/01/18, 11:10:56.225, 6559386685988, vstest.console.dll, ProxyDataCollectionManager.InvokeDataCollectionServiceAction: Completed.
TpTrace Verbose: 0 : 21604, 7, 2023/01/18, 11:10:56.225, 6559386687550, vstest.console.dll, ParallelProxyExecutionManager: Execution started. Started clients: 1
TpTrace Verbose: 0 : 21604, 1, 2023/01/18, 11:10:56.225, 6559386687711, vstest.console.dll, ProxyParallelExecutionManager: No sources available for execution.
TpTrace Information: 0 : 21604, 1, 2023/01/18, 11:10:56.225, 6559386689402, vstest.console.dll, TestRunRequest.ExecuteAsync: Started.
TpTrace Verbose: 0 : 21604, 1, 2023/01/18, 11:10:56.226, 6559386690850, vstest.console.dll, TestRunRequest.WaitForCompletion: Waiting with timeout -1.
TpTrace Verbose: 0 : 21604, 7, 2023/01/18, 11:10:56.226, 6559386692713, vstest.console.dll, TestRunRequest:SendTestRunMessage: Starting.
TpTrace Verbose: 0 : 21604, 4, 2023/01/18, 11:10:56.226, 6559386695777, vstest.console.dll, MulticastDelegateUtilities.SafeInvoke: InternalTestLoggerEvents.SendTestRunMessage: Invoking callback 1/1 for Microsoft.VisualStudio.TestPlatform.CommandLine.Internal.ConsoleLogger.TestMessageHandler, took 0 ms.
TpTrace Verbose: 0 : 21604, 7, 2023/01/18, 11:10:56.226, 6559386695770, vstest.console.dll, MulticastDelegateUtilities.SafeInvoke: TestRun.LogMessages: Invoking callback 1/1 for Microsoft.VisualStudio.TestPlatform.CommandLine.TestRunResultAggregator.TestRunMessageHandler, took 0 ms.
TpTrace Information: 0 : 21604, 7, 2023/01/18, 11:10:56.226, 6559386697374, vstest.console.dll, TestRunRequest:SendTestRunMessage: Completed.
TpTrace Verbose: 0 : 21604, 7, 2023/01/18, 11:10:56.226, 6559386699974, vstest.console.dll, ProxyExecutionManager: Test host is always Lazy initialize.
TpTrace Verbose: 0 : 21604, 7, 2023/01/18, 11:10:56.227, 6559386702682, vstest.console.dll, TestRequestSender.InitializeCommunication: initialize communication. 
TpTrace Information: 0 : 21604, 7, 2023/01/18, 11:10:56.227, 6559386709531, vstest.console.dll, SocketServer.Start: Listening on endpoint : 127.0.0.1:53091
TpTrace Verbose: 0 : 21604, 7, 2023/01/18, 11:10:56.228, 6559386718251, vstest.console.dll, DotnetTestHostmanager.GetTestHostProcessStartInfo: Platform environment 'X64' target architecture 'X64' framework '.NETCoreApp,Version=v6.0' OS 'Windows'
TpTrace Verbose: 0 : 21604, 7, 2023/01/18, 11:10:56.228, 6559386720091, vstest.console.dll, DotnetTestHostmanager: Adding  --runtimeconfig "D:\Project\Petzey.Department\DeptUnitTest\bin\Debug\net6.0\fine-code-coverage\build-output\DeptUnitTest.runtimeconfig.json" in args
TpTrace Verbose: 0 : 21604, 7, 2023/01/18, 11:10:56.229, 6559386720859, vstest.console.dll, DotnetTestHostmanager: Adding  --depsfile "D:\Project\Petzey.Department\DeptUnitTest\bin\Debug\net6.0\fine-code-coverage\build-output\DeptUnitTest.deps.json" in args
TpTrace Verbose: 0 : 21604, 7, 2023/01/18, 11:10:56.229, 6559386723299, vstest.console.dll, DotnetTestHostmanager.IsWinOnArm: Current PROCESSOR_ARCHITECTURE from environment variable 'AMD64'
TpTrace Verbose: 0 : 21604, 7, 2023/01/18, 11:10:56.229, 6559386723933, vstest.console.dll, DotnetTestHostmanager.IsWinOnArm: Is Windows on ARM 'False'
TpTrace Verbose: 0 : 21604, 7, 2023/01/18, 11:10:56.229, 6559386724507, vstest.console.dll, DotnetTestHostManager: testhost.exe found at path: D:\Project\Petzey.Department\DeptUnitTest\bin\Debug\net6.0\fine-code-coverage\build-output\testhost.exe
TpTrace Verbose: 0 : 21604, 7, 2023/01/18, 11:10:56.229, 6559386724970, vstest.console.dll, DotnetTestHostmanager: Full path of host exe is D:\Project\Petzey.Department\DeptUnitTest\bin\Debug\net6.0\fine-code-coverage\build-output\testhost.exe
TpTrace Verbose: 0 : 21604, 7, 2023/01/18, 11:10:56.229, 6559386726116, vstest.console.dll, DotnetTestHostmanager.LaunchTestHostAsync: Found 'VSTEST_WINAPPHOST_DOTNET_ROOT' in env variables, value 'C:\Program Files\dotnet', forwarding to 'DOTNET_ROOT'
TpTrace Verbose: 0 : 21604, 7, 2023/01/18, 11:10:56.229, 6559386727575, vstest.console.dll, DotnetTestHostManager: Starting process 'D:\Project\Petzey.Department\DeptUnitTest\bin\Debug\net6.0\fine-code-coverage\build-output\testhost.exe' with command line ' --runtimeconfig "D:\Project\Petzey.Department\DeptUnitTest\bin\Debug\net6.0\fine-code-coverage\build-output\DeptUnitTest.runtimeconfig.json" --depsfile "D:\Project\Petzey.Department\DeptUnitTest\bin\Debug\net6.0\fine-code-coverage\build-output\DeptUnitTest.deps.json" --port 53091 --endpoint 127.0.0.1:053091 --role client --parentprocessid 21604 --diag "D:\Project\Petzey.Department\DeptUnitTest\bin\Debug\net6.0\fine-code-coverage\coverage-tool-output\diagnostics.host.23-01-18_11-10-56_22835_7.log" --tracelevel 4 --datacollectionport 53090 --telemetryoptedin false'
TpTrace Verbose: 0 : 21604, 7, 2023/01/18, 11:10:56.241, 6559386848924, vstest.console.dll, MulticastDelegateUtilities.SafeInvoke: HostProviderEvents.OnHostLaunched: Invoking callback 1/2 for Microsoft.VisualStudio.TestPlatform.CrossPlatEngine.Client.ProxyExecutionManagerWithDataCollection.TestHostLaunchedHandler, took 1 ms.
TpTrace Verbose: 0 : 21604, 7, 2023/01/18, 11:10:56.242, 6559386850637, vstest.console.dll, Test Runtime launched
TpTrace Verbose: 0 : 21604, 7, 2023/01/18, 11:10:56.242, 6559386851412, vstest.console.dll, MulticastDelegateUtilities.SafeInvoke: HostProviderEvents.OnHostLaunched: Invoking callback 2/2 for Microsoft.VisualStudio.TestPlatform.CrossPlatEngine.Client.ProxyOperationManager.TestHostManagerHostLaunched, took 0 ms.
TpTrace Verbose: 0 : 21604, 7, 2023/01/18, 11:10:56.242, 6559386853415, vstest.console.dll, TestRequestSender.WaitForRequestHandlerConnection: waiting for connection with timeout: 90000.
TpTrace Verbose: 0 : 21604, 7, 2023/01/18, 11:10:56.449, 6559388930144, vstest.console.dll, TestRequestSender.WaitForRequestHandlerConnection: waiting took 207 ms, with timeout 90000 ms, and result 0, which is success.
TpTrace Verbose: 0 : 21604, 13, 2023/01/18, 11:10:56.449, 6559388930162, vstest.console.dll, MulticastDelegateUtilities.SafeInvoke: SocketServer: ClientConnected: Invoking callback 1/1 for Microsoft.VisualStudio.TestPlatform.CommunicationUtilities.TestRequestSender.<InitializeCommunication>b__24_0, took 0 ms.
TpTrace Verbose: 0 : 21604, 13, 2023/01/18, 11:10:56.450, 6559388932688, vstest.console.dll, SocketServer.OnClientConnected: Client connected for endPoint: 127.0.0.1:53091, starting MessageLoopAsync:
TpTrace Verbose: 0 : 21604, 7, 2023/01/18, 11:10:56.451, 6559388942114, vstest.console.dll, TestRequestSender.CheckVersionWithTestHost: Sending check version message: {"MessageType":"ProtocolVersion","Payload":7}
TpTrace Verbose: 0 : 21604, 13, 2023/01/18, 11:10:56.451, 6559388946736, vstest.console.dll, TcpClientExtensions.MessageLoopAsync: Polling on remoteEndPoint: 127.0.0.1:53092 localEndPoint: 127.0.0.1:53091
TpTrace Verbose: 0 : 21604, 13, 2023/01/18, 11:10:56.589, 6559390322611, vstest.console.dll, TcpClientExtensions.MessageLoopAsync: NotifyDataAvailable remoteEndPoint: 127.0.0.1:53092 localEndPoint: 127.0.0.1:53091
TpTrace Verbose: 0 : 21604, 13, 2023/01/18, 11:10:56.592, 6559390353338, vstest.console.dll, TestRequestSender.CheckVersionWithTestHost: onMessageReceived received message: (ProtocolVersion) -> {"MessageType":"ProtocolVersion","Payload":5}
TpTrace Verbose: 0 : 21604, 13, 2023/01/18, 11:10:56.592, 6559390360520, vstest.console.dll, MulticastDelegateUtilities.SafeInvoke: LengthPrefixCommunicationChannel: MessageReceived: Invoking callback 1/1 for Microsoft.VisualStudio.TestPlatform.CommunicationUtilities.TestRequestSender+<>c__DisplayClass26_0.<CheckVersionWithTestHost>b__0, took 0 ms.
TpTrace Verbose: 0 : 21604, 7, 2023/01/18, 11:10:56.593, 6559390361510, vstest.console.dll, TestPluginCache.GetExtensionPaths: Filtered extension paths: 
TpTrace Verbose: 0 : 21604, 13, 2023/01/18, 11:10:56.593, 6559390361838, vstest.console.dll, TcpClientExtensions.MessageLoopAsync: Polling on remoteEndPoint: 127.0.0.1:53092 localEndPoint: 127.0.0.1:53091
TpTrace Verbose: 0 : 21604, 7, 2023/01/18, 11:10:56.593, 6559390362375, vstest.console.dll, TestPluginCache.GetExtensionPaths: Added default extension paths: C:\Program Files\dotnet\sdk\6.0.403\Extensions\Microsoft.Diagnostics.NETCore.Client.dll
C:\Program Files\dotnet\sdk\6.0.403\Extensions\Microsoft.TestPlatform.Extensions.BlameDataCollector.dll
C:\Program Files\dotnet\sdk\6.0.403\Extensions\Microsoft.TestPlatform.Extensions.EventLogCollector.dll
C:\Program Files\dotnet\sdk\6.0.403\Extensions\Microsoft.TestPlatform.TestHostRuntimeProvider.dll
C:\Program Files\dotnet\sdk\6.0.403\Extensions\Microsoft.VisualStudio.TestPlatform.Extensions.Html.TestLogger.dll
C:\Program Files\dotnet\sdk\6.0.403\Extensions\Microsoft.VisualStudio.TestPlatform.Extensions.Trx.TestLogger.dll
TpTrace Verbose: 0 : 21604, 7, 2023/01/18, 11:10:56.593, 6559390363151, vstest.console.dll, TestPluginCache.GetExtensionPaths: Added unfilterableExtensionPaths: 
TpTrace Verbose: 0 : 21604, 7, 2023/01/18, 11:10:56.597, 6559390404209, vstest.console.dll, TestRequestSender.InitializeExecution: Sending initialize execution with message: {"Version":5,"MessageType":"TestExecution.Initialize","Payload":["D:\\Project\\Petzey.Department\\DeptUnitTest\\bin\\Debug\\net6.0\\fine-code-coverage\\build-output\\Microsoft.VisualStudio.TestPlatform.MSTest.TestAdapter.dll"]}
TpTrace Warning: 0 : 21604, 7, 2023/01/18, 11:10:56.597, 6559390410057, vstest.console.dll, InferRunSettingsHelper.MakeRunsettingsCompatible: Removing the following settings: TargetPlatform from RunSettings file. To use those settings please move to latest version of Microsoft.NET.Test.Sdk
TpTrace Verbose: 0 : 21604, 13, 2023/01/18, 11:10:56.603, 6559390460890, vstest.console.dll, TcpClientExtensions.MessageLoopAsync: NotifyDataAvailable remoteEndPoint: 127.0.0.1:53092 localEndPoint: 127.0.0.1:53091
TpTrace Verbose: 0 : 21604, 13, 2023/01/18, 11:10:56.603, 6559390462745, vstest.console.dll, TestRequestSender.OnExecutionMessageReceived: Received message: {"Version":5,"MessageType":"TestSession.Message","Payload":{"MessageLevel":0,"Message":"Logging TestHost Diagnostics in file: D:\\Project\\Petzey.Department\\DeptUnitTest\\bin\\Debug\\net6.0\\fine-code-coverage\\coverage-tool-output\\diagnostics.host.23-01-18_11-10-56_22835_7.log"}}
TpTrace Verbose: 0 : 21604, 13, 2023/01/18, 11:10:56.605, 6559390486873, vstest.console.dll, TestRunRequest:SendTestRunMessage: Starting.
TpTrace Verbose: 0 : 21604, 13, 2023/01/18, 11:10:56.605, 6559390488936, vstest.console.dll, MulticastDelegateUtilities.SafeInvoke: TestRun.LogMessages: Invoking callback 1/1 for Microsoft.VisualStudio.TestPlatform.CommandLine.TestRunResultAggregator.TestRunMessageHandler, took 0 ms.
TpTrace Verbose: 0 : 21604, 4, 2023/01/18, 11:10:56.605, 6559390489062, vstest.console.dll, MulticastDelegateUtilities.SafeInvoke: InternalTestLoggerEvents.SendTestRunMessage: Invoking callback 1/1 for Microsoft.VisualStudio.TestPlatform.CommandLine.Internal.ConsoleLogger.TestMessageHandler, took 0 ms.
TpTrace Information: 0 : 21604, 13, 2023/01/18, 11:10:56.605, 6559390489839, vstest.console.dll, TestRunRequest:SendTestRunMessage: Completed.
TpTrace Verbose: 0 : 21604, 13, 2023/01/18, 11:10:56.606, 6559390491524, vstest.console.dll, MulticastDelegateUtilities.SafeInvoke: LengthPrefixCommunicationChannel: MessageReceived: Invoking callback 1/1 for Microsoft.VisualStudio.TestPlatform.CommunicationUtilities.TestRequestSender+<>c__DisplayClass31_0.<StartTestRun>b__1, took 2 ms.
TpTrace Verbose: 0 : 21604, 13, 2023/01/18, 11:10:56.606, 6559390492406, vstest.console.dll, TcpClientExtensions.MessageLoopAsync: Polling on remoteEndPoint: 127.0.0.1:53092 localEndPoint: 127.0.0.1:53091
TpTrace Verbose: 0 : 21604, 7, 2023/01/18, 11:10:56.609, 6559390526435, vstest.console.dll, TestRequestSender.StartTestRun: Sending test run with message: {"Version":5,"MessageType":"TestExecution.StartWithSources","Payload":{"AdapterSourceMap":{"_none_":["D:\\Project\\Petzey.Department\\DeptUnitTest\\bin\\Debug\\net6.0\\fine-code-coverage\\build-output\\DeptUnitTest.dll"]},"RunSettings":"<RunSettings>\r\n  <RunConfiguration>\r\n    <ResultsDirectory>D:\\Project\\Petzey.Department\\DeptUnitTest\\bin\\Debug\\net6.0\\fine-code-coverage\\coverage-tool-output</ResultsDirectory>\r\n    <TargetFrameworkVersion>.NETCoreApp,Version=v6.0</TargetFrameworkVersion>\r\n    <DesignMode>False</DesignMode>\r\n    <CollectSourceInformation>False</CollectSourceInformation>\r\n  </RunConfiguration>\r\n  <LoggerRunSettings>\r\n    <Loggers>\r\n      <Logger friendlyName=\"blame\" enabled=\"True\" />\r\n      <Logger friendlyName=\"Console\" uri=\"logger://microsoft/TestPlatform/ConsoleLogger/v1\" assemblyQualifiedName=\"Microsoft.VisualStudio.TestPlatform.CommandLine.Internal.ConsoleLogger, vstest.console, Version=15.0.0.0, Culture=neutral, PublicKeyToken=b03f5f7f11d50a3a\" codeBase=\"C:\\Program Files\\dotnet\\sdk\\6.0.403\\vstest.console.dll\" enabled=\"True\" />\r\n    </Loggers>\r\n  </LoggerRunSettings>\r\n  <DataCollectionRunSettings>\r\n    <DataCollectors>\r\n      <DataCollector friendlyName=\"blame\" enabled=\"True\">\r\n        <Configuration>\r\n          <ResultsDirectory>D:\\Project\\Petzey.Department\\DeptUnitTest\\bin\\Debug\\net6.0\\fine-code-coverage\\coverage-tool-output</ResultsDirectory>\r\n        </Configuration>\r\n      </DataCollector>\r\n    </DataCollectors>\r\n  </DataCollectionRunSettings>\r\n</RunSettings>","TestExecutionContext":{"FrequencyOfRunStatsChangeEvent":10,"RunStatsChangeEventTimeout":"00:00:01.5000000","InIsolation":false,"KeepAlive":false,"AreTestCaseLevelEventsRequired":false,"IsDebug":false,"TestCaseFilter":null,"FilterOptions":null},"Package":null}}
TpTrace Verbose: 0 : 21604, 13, 2023/01/18, 11:10:57.619, 6559400623080, vstest.console.dll, TcpClientExtensions.MessageLoopAsync: Polling on remoteEndPoint: 127.0.0.1:53092 localEndPoint: 127.0.0.1:53091
TpTrace Verbose: 0 : 21604, 13, 2023/01/18, 11:10:58.229, 6559406721574, vstest.console.dll, TcpClientExtensions.MessageLoopAsync: NotifyDataAvailable remoteEndPoint: 127.0.0.1:53092 localEndPoint: 127.0.0.1:53091
TpTrace Verbose: 0 : 21604, 13, 2023/01/18, 11:10:58.229, 6559406723253, vstest.console.dll, TestRequestSender.OnExecutionMessageReceived: Received message: {"Version":5,"MessageType":"TestExecution.StatsChange","Payload":{"NewTestResults":[{"TestCase":{"Id":"6418b723-ea73-dd58-6afd-ac916f557358","FullyQualifiedName":"DeptUnitTest.UnitTest1.GetAllDept_UnitTest","DisplayName":"GetAllDept_UnitTest","ExecutorUri":"executor://MSTestAdapter/v2","Source":"D:\\Project\\Petzey.Department\\DeptUnitTest\\bin\\Debug\\net6.0\\fine-code-coverage\\build-output\\DeptUnitTest.dll","CodeFilePath":null,"LineNumber":-1,"Properties":[{"Key":{"Id":"TestCase.ManagedType","Label":"ManagedType","Category":"","Description":"","Attributes":1,"ValueType":"System.String"},"Value":"DeptUnitTest.UnitTest1"},{"Key":{"Id":"TestCase.ManagedMethod","Label":"ManagedMethod","Category":"","Description":"","Attributes":1,"ValueType":"System.String"},"Value":"GetAllDept_UnitTest"},{"Key":{"Id":"MSTestDiscoverer.TestClassName","Label":"ClassName","Category":"","Description":"","Attributes":1,"ValueType":"System.String"},"Value":"DeptUnitTest.UnitTest1"},{"Key":{"Id":"TestCase.Hierarchy","Label":"Hierarchy","Category":"","Description":"","Attributes":2,"ValueType":"System.String[]"},"Value":["DeptUnitTest","UnitTest1"]},{"Key":{"Id":"TestObject.Traits","Label":"Traits","Category":"","Description":"","Attributes":5,"ValueType":"System.Collections.Generic.KeyValuePair`2[[System.String],[System.String]][]"},"Value":[]}]},"Attachments":[],"Outcome":1,"ErrorMessage":null,"ErrorStackTrace":null,"DisplayName":"GetAllDept_UnitTest","Messages":[],"ComputerName":null,"Duration":"00:00:00.1839945","StartTime":"2023-01-18T11:10:56.8917564+05:30","EndTime":"2023-01-18T11:10:57.0929146+05:30","Properties":[{"Key":{"Id":"ExecutionId","Label":"ExecutionId","Category":"","Description":"","Attributes":1,"ValueType":"System.Guid"},"Value":"00000000-0000-0000-0000-000000000000"},{"Key":{"Id":"ParentExecId","Label":"ParentExecId","Category":"","Description":"","Attributes":1,"ValueType":"System.Guid"},"Value":"00000000-0000-0000-0000-000000000000"},{"Key":{"Id":"InnerResultsCount","Label":"InnerResultsCount","Category":"","Description":"","Attributes":1,"ValueType":"System.Int32"},"Value":0}]}],"TestRunStatistics":{"ExecutedTests":1,"Stats":{"Passed":1}},"ActiveTests":[{"Id":"07ab97d2-1a31-d6dc-1021-12b188cdb899","FullyQualifiedName":"DeptUnitTest.UnitTest1.AddDept_UnitTest","DisplayName":"AddDept_UnitTest","ExecutorUri":"executor://MSTestAdapter/v2","Source":"D:\\Project\\Petzey.Department\\DeptUnitTest\\bin\\Debug\\net6.0\\fine-code-coverage\\build-output\\DeptUnitTest.dll","CodeFilePath":null,"LineNumber":-1,"Properties":[{"Key":{"Id":"TestCase.ManagedType","Label":"ManagedType","Category":"","Description":"","Attributes":1,"ValueType":"System.String"},"Value":"DeptUnitTest.UnitTest1"},{"Key":{"Id":"TestCase.ManagedMethod","Label":"ManagedMethod","Category":"","Description":"","Attributes":1,"ValueType":"System.String"},"Value":"AddDept_UnitTest"},{"Key":{"Id":"MSTestDiscoverer.TestClassName","Label":"ClassName","Category":"","Description":"","Attributes":1,"ValueType":"System.String"},"Value":"DeptUnitTest.UnitTest1"},{"Key":{"Id":"TestCase.Hierarchy","Label":"Hierarchy","Category":"","Description":"","Attributes":2,"ValueType":"System.String[]"},"Value":["DeptUnitTest","UnitTest1"]},{"Key":{"Id":"TestObject.Traits","Label":"Traits","Category":"","Description":"","Attributes":5,"ValueType":"System.Collections.Generic.KeyValuePair`2[[System.String],[System.String]][]"},"Value":[]}]}]}}
TpTrace Verbose: 0 : 21604, 13, 2023/01/18, 11:10:58.277, 6559407201749, vstest.console.dll, TestRunRequest:SendTestRunStatsChange: Starting.
TpTrace Verbose: 0 : 21604, 13, 2023/01/18, 11:10:58.277, 6559407203312, vstest.console.dll, InProgress is AddDept_UnitTest
TpTrace Verbose: 0 : 21604, 13, 2023/01/18, 11:10:58.277, 6559407205178, vstest.console.dll, MulticastDelegateUtilities.SafeInvoke: TestRun.RunStatsChanged: Invoking callbacks was skipped because there are no subscribers.
TpTrace Information: 0 : 21604, 13, 2023/01/18, 11:10:58.277, 6559407205641, vstest.console.dll, TestRunRequest:SendTestRunStatsChange: Completed.
TpTrace Verbose: 0 : 21604, 13, 2023/01/18, 11:10:58.277, 6559407206048, vstest.console.dll, MulticastDelegateUtilities.SafeInvoke: LengthPrefixCommunicationChannel: MessageReceived: Invoking callback 1/1 for Microsoft.VisualStudio.TestPlatform.CommunicationUtilities.TestRequestSender+<>c__DisplayClass31_0.<StartTestRun>b__1, took 48 ms.
TpTrace Verbose: 0 : 21604, 13, 2023/01/18, 11:10:58.277, 6559407206481, vstest.console.dll, TcpClientExtensions.MessageLoopAsync: Polling on remoteEndPoint: 127.0.0.1:53092 localEndPoint: 127.0.0.1:53091
TpTrace Verbose: 0 : 21604, 4, 2023/01/18, 11:10:58.280, 6559407236340, vstest.console.dll, MulticastDelegateUtilities.SafeInvoke: InternalTestLoggerEvents.SendTestResult: Invoking callback 1/1 for Microsoft.VisualStudio.TestPlatform.CommandLine.Internal.ConsoleLogger.TestResultHandler, took 3 ms.
TpTrace Verbose: 0 : 21604, 13, 2023/01/18, 11:10:59.279, 6559417223604, vstest.console.dll, TcpClientExtensions.MessageLoopAsync: Polling on remoteEndPoint: 127.0.0.1:53092 localEndPoint: 127.0.0.1:53091
TpTrace Verbose: 0 : 21604, 13, 2023/01/18, 11:11:00.292, 6559427354357, vstest.console.dll, TcpClientExtensions.MessageLoopAsync: Polling on remoteEndPoint: 127.0.0.1:53092 localEndPoint: 127.0.0.1:53091
TpTrace Verbose: 0 : 21604, 13, 2023/01/18, 11:11:01.296, 6559437395608, vstest.console.dll, TcpClientExtensions.MessageLoopAsync: Polling on remoteEndPoint: 127.0.0.1:53092 localEndPoint: 127.0.0.1:53091
TpTrace Verbose: 0 : 21604, 13, 2023/01/18, 11:11:02.299, 6559447424071, vstest.console.dll, TcpClientExtensions.MessageLoopAsync: Polling on remoteEndPoint: 127.0.0.1:53092 localEndPoint: 127.0.0.1:53091
TpTrace Verbose: 0 : 21604, 13, 2023/01/18, 11:11:03.312, 6559457559889, vstest.console.dll, TcpClientExtensions.MessageLoopAsync: Polling on remoteEndPoint: 127.0.0.1:53092 localEndPoint: 127.0.0.1:53091
TpTrace Verbose: 0 : 21604, 13, 2023/01/18, 11:11:04.314, 6559467577584, vstest.console.dll, TcpClientExtensions.MessageLoopAsync: Polling on remoteEndPoint: 127.0.0.1:53092 localEndPoint: 127.0.0.1:53091
TpTrace Verbose: 0 : 21604, 13, 2023/01/18, 11:11:05.327, 6559477703149, vstest.console.dll, TcpClientExtensions.MessageLoopAsync: Polling on remoteEndPoint: 127.0.0.1:53092 localEndPoint: 127.0.0.1:53091
TpTrace Verbose: 0 : 21604, 13, 2023/01/18, 11:11:06.329, 6559487729695, vstest.console.dll, TcpClientExtensions.MessageLoopAsync: Polling on remoteEndPoint: 127.0.0.1:53092 localEndPoint: 127.0.0.1:53091
TpTrace Verbose: 0 : 21604, 13, 2023/01/18, 11:11:07.332, 6559497752375, vstest.console.dll, TcpClientExtensions.MessageLoopAsync: Polling on remoteEndPoint: 127.0.0.1:53092 localEndPoint: 127.0.0.1:53091
TpTrace Verbose: 0 : 21604, 13, 2023/01/18, 11:11:08.337, 6559507807275, vstest.console.dll, TcpClientExtensions.MessageLoopAsync: Polling on remoteEndPoint: 127.0.0.1:53092 localEndPoint: 127.0.0.1:53091
TpTrace Verbose: 0 : 21604, 13, 2023/01/18, 11:11:09.345, 6559517888427, vstest.console.dll, TcpClientExtensions.MessageLoopAsync: Polling on remoteEndPoint: 127.0.0.1:53092 localEndPoint: 127.0.0.1:53091
TpTrace Verbose: 0 : 21604, 13, 2023/01/18, 11:11:10.355, 6559527980893, vstest.console.dll, TcpClientExtensions.MessageLoopAsync: Polling on remoteEndPoint: 127.0.0.1:53092 localEndPoint: 127.0.0.1:53091
TpTrace Verbose: 0 : 21604, 13, 2023/01/18, 11:11:11.372, 6559538160316, vstest.console.dll, TcpClientExtensions.MessageLoopAsync: Polling on remoteEndPoint: 127.0.0.1:53092 localEndPoint: 127.0.0.1:53091
TpTrace Verbose: 0 : 21604, 13, 2023/01/18, 11:11:12.375, 6559548183342, vstest.console.dll, TcpClientExtensions.MessageLoopAsync: Polling on remoteEndPoint: 127.0.0.1:53092 localEndPoint: 127.0.0.1:53091
TpTrace Verbose: 0 : 21604, 13, 2023/01/18, 11:11:13.386, 6559558295440, vstest.console.dll, TcpClientExtensions.MessageLoopAsync: Polling on remoteEndPoint: 127.0.0.1:53092 localEndPoint: 127.0.0.1:53091
TpTrace Verbose: 0 : 21604, 13, 2023/01/18, 11:11:14.395, 6559568384421, vstest.console.dll, TcpClientExtensions.MessageLoopAsync: Polling on remoteEndPoint: 127.0.0.1:53092 localEndPoint: 127.0.0.1:53091
TpTrace Verbose: 0 : 21604, 13, 2023/01/18, 11:11:15.415, 6559578583965, vstest.console.dll, TcpClientExtensions.MessageLoopAsync: Polling on remoteEndPoint: 127.0.0.1:53092 localEndPoint: 127.0.0.1:53091
TpTrace Verbose: 0 : 21604, 13, 2023/01/18, 11:11:16.423, 6559588666235, vstest.console.dll, TcpClientExtensions.MessageLoopAsync: Polling on remoteEndPoint: 127.0.0.1:53092 localEndPoint: 127.0.0.1:53091
TpTrace Verbose: 0 : 21604, 13, 2023/01/18, 11:11:17.432, 6559598752835, vstest.console.dll, TcpClientExtensions.MessageLoopAsync: Polling on remoteEndPoint: 127.0.0.1:53092 localEndPoint: 127.0.0.1:53091
TpTrace Verbose: 0 : 21604, 13, 2023/01/18, 11:11:18.442, 6559608851798, vstest.console.dll, TcpClientExtensions.MessageLoopAsync: Polling on remoteEndPoint: 127.0.0.1:53092 localEndPoint: 127.0.0.1:53091
TpTrace Verbose: 0 : 21604, 13, 2023/01/18, 11:11:19.456, 6559618998881, vstest.console.dll, TcpClientExtensions.MessageLoopAsync: Polling on remoteEndPoint: 127.0.0.1:53092 localEndPoint: 127.0.0.1:53091
TpTrace Verbose: 0 : 21604, 13, 2023/01/18, 11:11:20.465, 6559629090522, vstest.console.dll, TcpClientExtensions.MessageLoopAsync: Polling on remoteEndPoint: 127.0.0.1:53092 localEndPoint: 127.0.0.1:53091
TpTrace Verbose: 0 : 21604, 13, 2023/01/18, 11:11:21.472, 6559639157313, vstest.console.dll, TcpClientExtensions.MessageLoopAsync: Polling on remoteEndPoint: 127.0.0.1:53092 localEndPoint: 127.0.0.1:53091
TpTrace Verbose: 0 : 21604, 13, 2023/01/18, 11:11:22.486, 6559649294993, vstest.console.dll, TcpClientExtensions.MessageLoopAsync: Polling on remoteEndPoint: 127.0.0.1:53092 localEndPoint: 127.0.0.1:53091
TpTrace Verbose: 0 : 21604, 13, 2023/01/18, 11:11:23.494, 6559659377309, vstest.console.dll, TcpClientExtensions.MessageLoopAsync: Polling on remoteEndPoint: 127.0.0.1:53092 localEndPoint: 127.0.0.1:53091
TpTrace Verbose: 0 : 21604, 13, 2023/01/18, 11:11:24.499, 6559669422542, vstest.console.dll, TcpClientExtensions.MessageLoopAsync: Polling on remoteEndPoint: 127.0.0.1:53092 localEndPoint: 127.0.0.1:53091
TpTrace Verbose: 0 : 21604, 13, 2023/01/18, 11:11:25.504, 6559679473890, vstest.console.dll, TcpClientExtensions.MessageLoopAsync: Polling on remoteEndPoint: 127.0.0.1:53092 localEndPoint: 127.0.0.1:53091
TpTrace Verbose: 0 : 21604, 13, 2023/01/18, 11:11:26.515, 6559689583438, vstest.console.dll, TcpClientExtensions.MessageLoopAsync: Polling on remoteEndPoint: 127.0.0.1:53092 localEndPoint: 127.0.0.1:53091
TpTrace Verbose: 0 : 21604, 13, 2023/01/18, 11:11:27.521, 6559699646657, vstest.console.dll, TcpClientExtensions.MessageLoopAsync: Polling on remoteEndPoint: 127.0.0.1:53092 localEndPoint: 127.0.0.1:53091
TpTrace Verbose: 0 : 21604, 13, 2023/01/18, 11:11:28.523, 6559709663217, vstest.console.dll, TcpClientExtensions.MessageLoopAsync: Polling on remoteEndPoint: 127.0.0.1:53092 localEndPoint: 127.0.0.1:53091
TpTrace Verbose: 0 : 21604, 13, 2023/01/18, 11:11:29.526, 6559719700363, vstest.console.dll, TcpClientExtensions.MessageLoopAsync: Polling on remoteEndPoint: 127.0.0.1:53092 localEndPoint: 127.0.0.1:53091
TpTrace Verbose: 0 : 21604, 13, 2023/01/18, 11:11:30.530, 6559729737112, vstest.console.dll, TcpClientExtensions.MessageLoopAsync: Polling on remoteEndPoint: 127.0.0.1:53092 localEndPoint: 127.0.0.1:53091
TpTrace Verbose: 0 : 21604, 13, 2023/01/18, 11:11:31.543, 6559739862718, vstest.console.dll, TcpClientExtensions.MessageLoopAsync: Polling on remoteEndPoint: 127.0.0.1:53092 localEndPoint: 127.0.0.1:53091
TpTrace Verbose: 0 : 21604, 13, 2023/01/18, 11:11:32.545, 6559749882001, vstest.console.dll, TcpClientExtensions.MessageLoopAsync: Polling on remoteEndPoint: 127.0.0.1:53092 localEndPoint: 127.0.0.1:53091
TpTrace Verbose: 0 : 21604, 13, 2023/01/18, 11:11:33.555, 6559759989960, vstest.console.dll, TcpClientExtensions.MessageLoopAsync: Polling on remoteEndPoint: 127.0.0.1:53092 localEndPoint: 127.0.0.1:53091
TpTrace Verbose: 0 : 21604, 13, 2023/01/18, 11:11:34.567, 6559770108740, vstest.console.dll, TcpClientExtensions.MessageLoopAsync: Polling on remoteEndPoint: 127.0.0.1:53092 localEndPoint: 127.0.0.1:53091
TpTrace Verbose: 0 : 21604, 13, 2023/01/18, 11:11:35.570, 6559780130696, vstest.console.dll, TcpClientExtensions.MessageLoopAsync: Polling on remoteEndPoint: 127.0.0.1:53092 localEndPoint: 127.0.0.1:53091
TpTrace Verbose: 0 : 21604, 13, 2023/01/18, 11:11:36.570, 6559790137990, vstest.console.dll, TcpClientExtensions.MessageLoopAsync: Polling on remoteEndPoint: 127.0.0.1:53092 localEndPoint: 127.0.0.1:53091
TpTrace Verbose: 0 : 21604, 13, 2023/01/18, 11:11:37.584, 6559800272118, vstest.console.dll, TcpClientExtensions.MessageLoopAsync: Polling on remoteEndPoint: 127.0.0.1:53092 localEndPoint: 127.0.0.1:53091
TpTrace Verbose: 0 : 21604, 13, 2023/01/18, 11:11:38.593, 6559810370438, vstest.console.dll, TcpClientExtensions.MessageLoopAsync: Polling on remoteEndPoint: 127.0.0.1:53092 localEndPoint: 127.0.0.1:53091
TpTrace Verbose: 0 : 21604, 13, 2023/01/18, 11:11:39.601, 6559820445840, vstest.console.dll, TcpClientExtensions.MessageLoopAsync: Polling on remoteEndPoint: 127.0.0.1:53092 localEndPoint: 127.0.0.1:53091
TpTrace Verbose: 0 : 21604, 13, 2023/01/18, 11:11:40.608, 6559830513921, vstest.console.dll, TcpClientExtensions.MessageLoopAsync: Polling on remoteEndPoint: 127.0.0.1:53092 localEndPoint: 127.0.0.1:53091
TpTrace Verbose: 0 : 21604, 13, 2023/01/18, 11:11:41.575, 6559840185874, vstest.console.dll, TcpClientExtensions.MessageLoopAsync: NotifyDataAvailable remoteEndPoint: 127.0.0.1:53092 localEndPoint: 127.0.0.1:53091
TpTrace Verbose: 0 : 21604, 13, 2023/01/18, 11:11:41.576, 6559840193261, vstest.console.dll, TestRequestSender.OnExecutionMessageReceived: Received message: {"Version":5,"MessageType":"TestExecution.Completed","Payload":{"TestRunCompleteArgs":{"TestRunStatistics":{"ExecutedTests":2,"Stats":{"Passed":1,"Failed":1}},"IsCanceled":false,"IsAborted":false,"Error":null,"AttachmentSets":[],"ElapsedTimeInRunningTests":"00:00:44.7946385","Metrics":{}},"LastRunTests":{"NewTestResults":[{"TestCase":{"Id":"07ab97d2-1a31-d6dc-1021-12b188cdb899","FullyQualifiedName":"DeptUnitTest.UnitTest1.AddDept_UnitTest","DisplayName":"AddDept_UnitTest","ExecutorUri":"executor://MSTestAdapter/v2","Source":"D:\\Project\\Petzey.Department\\DeptUnitTest\\bin\\Debug\\net6.0\\fine-code-coverage\\build-output\\DeptUnitTest.dll","CodeFilePath":null,"LineNumber":-1,"Properties":[{"Key":{"Id":"TestCase.ManagedType","Label":"ManagedType","Category":"","Description":"","Attributes":1,"ValueType":"System.String"},"Value":"DeptUnitTest.UnitTest1"},{"Key":{"Id":"TestCase.ManagedMethod","Label":"ManagedMethod","Category":"","Description":"","Attributes":1,"ValueType":"System.String"},"Value":"AddDept_UnitTest"},{"Key":{"Id":"MSTestDiscoverer.TestClassName","Label":"ClassName","Category":"","Description":"","Attributes":1,"ValueType":"System.String"},"Value":"DeptUnitTest.UnitTest1"},{"Key":{"Id":"TestCase.Hierarchy","Label":"Hierarchy","Category":"","Description":"","Attributes":2,"ValueType":"System.String[]"},"Value":["DeptUnitTest","UnitTest1"]},{"Key":{"Id":"TestObject.Traits","Label":"Traits","Category":"","Description":"","Attributes":5,"ValueType":"System.Collections.Generic.KeyValuePair`2[[System.String],[System.String]][]"},"Value":[]}]},"Attachments":[],"Outcome":2,"ErrorMessage":"Test method DeptUnitTest.UnitTest1.AddDept_UnitTest threw exception: \r\nSystem.InvalidOperationException: An exception has been raised that is likely due to a transient failure. Consider enabling transient error resiliency by adding 'EnableRetryOnFailure' to the 'UseSqlServer' call. ---> Microsoft.Data.SqlClient.SqlException: A network-related or instance-specific error occurred while establishing a connection to SQL Server. The server was not found or was not accessible. Verify that the instance name is correct and that SQL Server is configured to allow remote connections. (provider: TCP Provider, error: 0 - A connection attempt failed because the connected party did not properly respond after a period of time, or established connection failed because connected host has failed to respond.) ---> System.ComponentModel.Win32Exception: A connection attempt failed because the connected party did not properly respond after a period of time, or established connection failed because connected host has failed to respond.","ErrorStackTrace":"    at Microsoft.Data.ProviderBase.DbConnectionPool.CheckPoolBlockingPeriod(Exception e)\r\n   at Microsoft.Data.ProviderBase.DbConnectionPool.CreateObject(DbConnection owningObject, DbConnectionOptions userOptions, DbConnectionInternal oldConnection)\r\n   at Microsoft.Data.ProviderBase.DbConnectionPool.UserCreateRequest(DbConnection owningObject, DbConnectionOptions userOptions, DbConnectionInternal oldConnection)\r\n   at Microsoft.Data.ProviderBase.DbConnectionPool.TryGetConnection(DbConnection owningObject, UInt32 waitForMultipleObjectsTimeout, Boolean allowCreate, Boolean onlyOneCheckConnection, DbConnectionOptions userOptions, DbConnectionInternal& connection)\r\n   at Microsoft.Data.ProviderBase.DbConnectionPool.TryGetConnection(DbConnection owningObject, TaskCompletionSource`1 retry, DbConnectionOptions userOptions, DbConnectionInternal& connection)\r\n   at Microsoft.Data.ProviderBase.DbConnectionFactory.TryGetConnection(DbConnection owningConnection, TaskCompletionSource`1 retry, DbConnectionOptions userOptions, DbConnectionInternal oldConnection, DbConnectionInternal& connection)\r\n   at Microsoft.Data.ProviderBase.DbConnectionInternal.TryOpenConnectionInternal(DbConnection outerConnection, DbConnectionFactory connectionFactory, TaskCompletionSource`1 retry, DbConnectionOptions userOptions)\r\n   at Microsoft.Data.ProviderBase.DbConnectionClosed.TryOpenConnection(DbConnection outerConnection, DbConnectionFactory connectionFactory, TaskCompletionSource`1 retry, DbConnectionOptions userOptions)\r\n   at Microsoft.Data.SqlClient.SqlConnection.TryOpen(TaskCompletionSource`1 retry, SqlConnectionOverrides overrides)\r\n   at Microsoft.Data.SqlClient.SqlConnection.Open(SqlConnectionOverrides overrides)\r\n   at Microsoft.Data.SqlClient.SqlConnection.Open()\r\n   at Microsoft.EntityFrameworkCore.SqlServer.Storage.Internal.SqlServerConnection.OpenDbConnection(Boolean errorsExpected)\r\n   at Microsoft.EntityFrameworkCore.Storage.RelationalConnection.OpenInternal(Boolean errorsExpected)\r\n   at Microsoft.EntityFrameworkCore.Storage.RelationalConnection.Open(Boolean errorsExpected)\r\n   at Microsoft.EntityFrameworkCore.Storage.RelationalCommand.ExecuteReader(RelationalCommandParameterObject parameterObject)\r\n   at Microsoft.EntityFrameworkCore.Query.Internal.SingleQueryingEnumerable`1.Enumerator.InitializeReader(Enumerator enumerator)\r\n   at Microsoft.EntityFrameworkCore.Query.Internal.SingleQueryingEnumerable`1.Enumerator.<>c.<MoveNext>b__21_0(DbContext _, Enumerator enumerator)\r\n   at Microsoft.EntityFrameworkCore.SqlServer.Storage.Internal.SqlServerExecutionStrategy.Execute[TState,TResult](TState state, Func`3 operation, Func`3 verifySucceeded)\r\n--- End of inner exception stack trace ---\r\n    at Microsoft.EntityFrameworkCore.SqlServer.Storage.Internal.SqlServerExecutionStrategy.Execute[TState,TResult](TState state, Func`3 operation, Func`3 verifySucceeded)\r\n   at Microsoft.EntityFrameworkCore.Query.Internal.SingleQueryingEnumerable`1.Enumerator.MoveNext()\r\n   at System.Collections.Generic.List`1..ctor(IEnumerable`1 collection)\r\n   at System.Linq.Enumerable.ToList[TSource](IEnumerable`1 source)\r\n   at DeptUnitTest.UnitTest1.AddDept_UnitTest() in D:\\Project\\Petzey.Department\\DeptUnitTest\\UnitTest1.cs:line 56\r\n","DisplayName":"AddDept_UnitTest","Messages":[],"ComputerName":null,"Duration":"00:00:44.4159401","StartTime":"2023-01-18T11:10:57.1129724+05:30","EndTime":"2023-01-18T11:11:41.5303823+05:30","Properties":[{"Key":{"Id":"ExecutionId","Label":"ExecutionId","Category":"","Description":"","Attributes":1,"ValueType":"System.Guid"},"Value":"00000000-0000-0000-0000-000000000000"},{"Key":{"Id":"ParentExecId","Label":"ParentExecId","Category":"","Description":"","Attributes":1,"ValueType":"System.Guid"},"Value":"00000000-0000-0000-0000-000000000000"},{"Key":{"Id":"InnerResultsCount","Label":"InnerResultsCount","Category":"","Description":"","Attributes":1,"ValueType":"System.Int32"},"Value":0}]}],"TestRunStatistics":{"ExecutedTests":2,"Stats":{"Passed":1,"Failed":1}},"ActiveTests":[]},"RunAttachments":[],"ExecutorUris":["executor://mstestadapter/v2"]}}
TpTrace Verbose: 0 : 21604, 13, 2023/01/18, 11:11:41.576, 6559840196371, vstest.console.dll, TestRequestSender.EndSession: Sending end session.
TpTrace Verbose: 0 : 21604, 13, 2023/01/18, 11:11:41.576, 6559840198859, vstest.console.dll, ProxyOperationManager.Close: waiting for test host to exit for 100 ms
TpTrace Warning: 0 : 21604, 13, 2023/01/18, 11:11:41.688, 6559841314062, vstest.console.dll, ProxyOperationManager: Timed out waiting for test host to exit. Will terminate process.
TpTrace Information: 0 : 21604, 13, 2023/01/18, 11:11:41.688, 6559841316960, vstest.console.dll, SocketServer.Stop: Stop server endPoint: 127.0.0.1:53091
TpTrace Information: 0 : 21604, 13, 2023/01/18, 11:11:41.688, 6559841318104, vstest.console.dll, SocketServer.Stop: Cancellation requested. Stopping message loop.
TpTrace Information: 0 : 21604, 13, 2023/01/18, 11:11:41.688, 6559841320463, vstest.console.dll, Closing the connection
TpTrace Warning: 0 : 21604, 12, 2023/01/18, 11:11:41.690, 6559841338340, vstest.console.dll, TestHostManagerCallbacks.ErrorReceivedCallback Test host standard error line: 
TpTrace Verbose: 0 : 21604, 13, 2023/01/18, 11:11:41.693, 6559841364349, vstest.console.dll, ProxyDataCollectionManager.InvokeDataCollectionServiceAction: Starting.
TpTrace Information: 0 : 21604, 13, 2023/01/18, 11:11:41.693, 6559841365481, vstest.console.dll, ProxyDataCollectionManager.AfterTestRunEnd: Get attachment set and invoked data collectors processId: 28732 port: 53088
TpTrace Verbose: 0 : 21604, 13, 2023/01/18, 11:11:41.693, 6559841366387, vstest.console.dll, DataCollectionRequestSender.SendAfterTestRunStartAndGetResult: Send AfterTestRunEnd message with isCancelled: False
TpTrace Verbose: 0 : 21604, 13, 2023/01/18, 11:11:41.701, 6559841446746, vstest.console.dll, DataCollectionRequestSender.SendAfterTestRunStartAndGetResult: Received message: (DataCollection.AfterTestRunEndResult) -> {"MessageType":"DataCollection.AfterTestRunEndResult","Payload":{"AttachmentSets":[],"InvokedDataCollectors":[{"Uri":"datacollector://Microsoft/TestPlatform/Extensions/Blame/v1","FriendlyName":"Blame","AssemblyQualifiedName":"Microsoft.TestPlatform.Extensions.BlameDataCollector.BlameCollector, Microsoft.TestPlatform.Extensions.BlameDataCollector, Version=15.0.0.0, Culture=neutral, PublicKeyToken=b03f5f7f11d50a3a","FilePath":"C:\\Program Files\\dotnet\\sdk\\6.0.403\\Extensions\\Microsoft.TestPlatform.Extensions.BlameDataCollector.dll","HasAttachmentProcessor":false}],"Metrics":{}}}
TpTrace Verbose: 0 : 21604, 12, 2023/01/18, 11:11:41.702, 6559841455861, vstest.console.dll, TestHostProvider.ExitCallBack: Host exited starting callback.
TpTrace Verbose: 0 : 21604, 15, 2023/01/18, 11:11:41.704, 6559841471609, vstest.console.dll, TestHostProvider.ExitCallBack: Host exited starting callback.
TpTrace Error: 0 : 21604, 15, 2023/01/18, 11:11:41.705, 6559841480639, vstest.console.dll, TestHostProvider.ExitCallBack: could not get proccess id from process, error: System.InvalidOperationException: No process is associated with this object.
   at System.Diagnostics.Process.EnsureState(State state)
   at System.Diagnostics.Process.EnsureState(State state)
   at System.Diagnostics.Process.get_Id()
   at Microsoft.TestPlatform.TestHostProvider.Hosting.TestHostManagerCallbacks.ExitCallBack(IProcessHelper processHelper, Object process, StringBuilder testHostProcessStdError, Action`1 onHostExited).
TpTrace Error: 0 : 21604, 12, 2023/01/18, 11:11:41.705, 6559841480640, vstest.console.dll, TestHostProvider.ExitCallBack: could not get proccess id from process, error: System.InvalidOperationException: No process is associated with this object.
   at System.Diagnostics.Process.EnsureState(State state)
   at System.Diagnostics.Process.EnsureState(State state)
   at System.Diagnostics.Process.get_Id()
   at Microsoft.TestPlatform.TestHostProvider.Hosting.TestHostManagerCallbacks.ExitCallBack(IProcessHelper processHelper, Object process, StringBuilder testHostProcessStdError, Action`1 onHostExited).
TpTrace Information: 0 : 21604, 15, 2023/01/18, 11:11:41.705, 6559841481809, vstest.console.dll, TestHostManagerCallbacks.ExitCallBack: Testhost processId: -1 exited with exitcode: 0 error: ''
TpTrace Verbose: 0 : 21604, 15, 2023/01/18, 11:11:41.705, 6559841482784, vstest.console.dll, DotnetTestHostManager.OnHostExited: invoking OnHostExited callback
TpTrace Information: 0 : 21604, 12, 2023/01/18, 11:11:41.705, 6559841483215, vstest.console.dll, TestHostManagerCallbacks.ExitCallBack: Testhost processId: -1 exited with exitcode: 0 error: ''
TpTrace Verbose: 0 : 21604, 12, 2023/01/18, 11:11:41.705, 6559841485353, vstest.console.dll, DotnetTestHostManager.OnHostExited: exit event was already raised, skipping
TpTrace Warning: 0 : 21604, 9, 2023/01/18, 11:11:41.708, 6559841519434, vstest.console.dll, DataCollectionLauncher.ErrorReceivedCallback datacollector standard error line: 
TpTrace Information: 0 : 21604, 13, 2023/01/18, 11:11:41.709, 6559841521383, vstest.console.dll, ProxyDataCollectionManager.InvokeDataCollectionServiceAction: Completed.
TpTrace Information: 0 : 21604, 9, 2023/01/18, 11:11:41.714, 6559841580461, vstest.console.dll, DataCollectionLauncher.ExitCallBack: Data collector exited with exitcode: 0 error: ''
TpTrace Verbose: 0 : 21604, 13, 2023/01/18, 11:11:41.780, 6559842235117, vstest.console.dll, TestRunRequest:SendTestRunStatsChange: Starting.
TpTrace Verbose: 0 : 21604, 13, 2023/01/18, 11:11:41.780, 6559842237627, vstest.console.dll, MulticastDelegateUtilities.SafeInvoke: TestRun.RunStatsChanged: Invoking callbacks was skipped because there are no subscribers.
TpTrace Information: 0 : 21604, 13, 2023/01/18, 11:11:41.780, 6559842238585, vstest.console.dll, TestRunRequest:SendTestRunStatsChange: Completed.
TpTrace Verbose: 0 : 21604, 13, 2023/01/18, 11:11:41.781, 6559842246086, vstest.console.dll, ParallelProxyExecutionManager: HandlePartialRunComplete: Total completed clients = 1, Run complete = True, Run canceled: False.
TpTrace Verbose: 0 : 21604, 4, 2023/01/18, 11:11:41.783, 6559842262480, vstest.console.dll, MulticastDelegateUtilities.SafeInvoke: InternalTestLoggerEvents.SendTestResult: Invoking callback 1/1 for Microsoft.VisualStudio.TestPlatform.CommandLine.Internal.ConsoleLogger.TestResultHandler, took 2 ms.
TpTrace Verbose: 0 : 21604, 4, 2023/01/18, 11:11:41.801, 6559842441819, vstest.console.dll, MulticastDelegateUtilities.SafeInvoke: InternalTestLoggerEvents.SendTestRunComplete: Invoking callback 1/2 for Microsoft.TestPlatform.Extensions.BlameDataCollector.BlameLogger.TestRunCompleteHandler, took 0 ms.
TpTrace Verbose: 0 : 21604, 4, 2023/01/18, 11:11:41.811, 6559842546665, vstest.console.dll, MulticastDelegateUtilities.SafeInvoke: InternalTestLoggerEvents.SendTestRunComplete: Invoking callback 2/2 for Microsoft.VisualStudio.TestPlatform.CommandLine.Internal.ConsoleLogger.TestRunCompleteHandler, took 10 ms.
TpTrace Verbose: 0 : 21604, 13, 2023/01/18, 11:11:41.812, 6559842551005, vstest.console.dll, TestRunRequest:TestRunComplete: Starting. IsAborted:False IsCanceled:False.
TpTrace Verbose: 0 : 21604, 13, 2023/01/18, 11:11:41.814, 6559842577989, vstest.console.dll, TestLoggerManager.HandleTestRunComplete: Ignoring as the object is disposed.
TpTrace Verbose: 0 : 21604, 13, 2023/01/18, 11:11:41.815, 6559842582384, vstest.console.dll, MulticastDelegateUtilities.SafeInvoke: TestRun.TestRunComplete: Invoking callback 1/2 for Microsoft.VisualStudio.TestPlatform.CommandLine.TestRunResultAggregator.TestRunCompletionHandler, took 0 ms.
TpTrace Verbose: 0 : 21604, 13, 2023/01/18, 11:11:41.815, 6559842584048, vstest.console.dll, MulticastDelegateUtilities.SafeInvoke: TestRun.TestRunComplete: Invoking callback 2/2 for Microsoft.VisualStudio.TestPlatform.CommandLine.Processors.RunTestsArgumentExecutor+TestRunRequestEventsRegistrar.TestRunRequest_OnRunCompletion, took 0 ms.
TpTrace Information: 0 : 21604, 13, 2023/01/18, 11:11:41.815, 6559842586268, vstest.console.dll, TestRunRequest:TestRunComplete: Completed.
TpTrace Verbose: 0 : 21604, 1, 2023/01/18, 11:11:41.815, 6559842586500, vstest.console.dll, TestRunRequest.Dispose: Starting.
TpTrace Verbose: 0 : 21604, 13, 2023/01/18, 11:11:41.815, 6559842587606, vstest.console.dll, TestRequestSender.SetOperationComplete: Setting operation complete.
TpTrace Information: 0 : 21604, 1, 2023/01/18, 11:11:41.815, 6559842588930, vstest.console.dll, TestRunRequest.Dispose: Completed.
TpTrace Information: 0 : 21604, 13, 2023/01/18, 11:11:41.815, 6559842589972, vstest.console.dll, SocketServer.Stop: Stop server endPoint: 127.0.0.1:53091
TpTrace Information: 0 : 21604, 1, 2023/01/18, 11:11:41.816, 6559842591276, vstest.console.dll, TestRequestManager.RunTests: run tests completed.
TpTrace Information: 0 : 21604, 13, 2023/01/18, 11:11:41.816, 6559842592080, vstest.console.dll, SocketServer.Stop: Cancellation requested. Stopping message loop.
TpTrace Information: 0 : 21604, 1, 2023/01/18, 11:11:41.816, 6559842594161, vstest.console.dll, RunTestsArgumentProcessor:Execute: Test run is completed.
TpTrace Verbose: 0 : 21604, 13, 2023/01/18, 11:11:41.816, 6559842594466, vstest.console.dll, MulticastDelegateUtilities.SafeInvoke: LengthPrefixCommunicationChannel: MessageReceived: Invoking callback 1/1 for Microsoft.VisualStudio.TestPlatform.CommunicationUtilities.TestRequestSender+<>c__DisplayClass31_0.<StartTestRun>b__1, took 240 ms.
TpTrace Information: 0 : 21604, 13, 2023/01/18, 11:11:41.816, 6559842596803, vstest.console.dll, SocketServer.PrivateStop: Stopping server endPoint: 127.0.0.1:53091 error: 
TpTrace Verbose: 0 : 21604, 1, 2023/01/18, 11:11:41.816, 6559842598269, vstest.console.dll, Executor.Execute: Exiting with exit code of 1
TpTrace Verbose: 0 : 21604, 13, 2023/01/18, 11:11:41.817, 6559842606376, vstest.console.dll, LengthPrefixCommunicationChannel.Dispose: Dispose reader and writer.
TpTrace Information: 0 : 21604, 13, 2023/01/18, 11:11:41.817, 6559842608355, vstest.console.dll, SocketServer.Stop: Raise disconnected event endPoint: 127.0.0.1:53091 error: 
TpTrace Verbose: 0 : 21604, 13, 2023/01/18, 11:11:41.817, 6559842610138, vstest.console.dll, TestRequestSender: OnTestRunAbort: Operation is already complete. Skip error message.
TpTrace Verbose: 0 : 21604, 13, 2023/01/18, 11:11:41.818, 6559842611440, vstest.console.dll, MulticastDelegateUtilities.SafeInvoke: SocketServer: ClientDisconnected: Invoking callback 1/1 for Microsoft.VisualStudio.TestPlatform.CommunicationUtilities.TestRequestSender.<InitializeCommunication>b__24_1, took 0 ms.
TpTrace Verbose: 0 : 21604, 13, 2023/01/18, 11:11:41.818, 6559842612549, vstest.console.dll, TcpClientExtensions.MessageLoopAsync: exiting MessageLoopAsync remoteEndPoint: 127.0.0.1:53092 localEndPoint: 127.0.0.1:53091
