TpTrace Verbose: 0 : 22632, 1, 2023/01/18, 11:10:56.409, 6559388544843, testhost.dll, Version: 17.1.0
TpTrace Information: 0 : 22632, 1, 2023/01/18, 11:10:56.416, 6559388596057, testhost.dll, DefaultEngineInvoker.Invoke: Testhost process started with args :[--port, 53091],[--endpoint, 127.0.0.1:053091],[--role, client],[--parentprocessid, 21604],[--diag, D:\Project\Petzey.Department\DeptUnitTest\bin\Debug\net6.0\fine-code-coverage\coverage-tool-output\diagnostics.host.23-01-18_11-10-56_22835_7.log],[--tracelevel, 4],[--datacollectionport, 53090],[--telemetryoptedin, false]
TpTrace Information: 0 : 22632, 1, 2023/01/18, 11:10:56.419, 6559388620583, testhost.dll, Setting up debug trace listener.
TpTrace Verbose: 0 : 22632, 1, 2023/01/18, 11:10:56.419, 6559388623935, testhost.dll, TestPlatformTraceListener.Setup: Replacing listener 0 with TestHostTraceListener.
TpTrace Verbose: 0 : 22632, 1, 2023/01/18, 11:10:56.419, 6559388624556, testhost.dll, TestPlatformTraceListener.Setup: Added test platform trace listener.
TpTrace Information: 0 : 22632, 1, 2023/01/18, 11:10:56.420, 6559388639520, testhost.dll, DefaultEngineInvoker.SetParentProcessExitCallback: Monitoring parent process with id: '21604'
TpTrace Information: 0 : 22632, 1, 2023/01/18, 11:10:56.431, 6559388740585, testhost.dll, DefaultEngineInvoker.GetConnectionInfo: Initialize communication on endpoint address: '127.0.0.1:053091'
TpTrace Information: 0 : 22632, 1, 2023/01/18, 11:10:56.444, 6559388879528, testhost.dll, SocketClient.Start: connecting to server endpoint: 127.0.0.1:053091
TpTrace Information: 0 : 22632, 1, 2023/01/18, 11:10:56.452, 6559388951187, testhost.dll, DefaultEngineInvoker.ConnectToDatacollector: Connecting to datacollector, port: 53090
TpTrace Information: 0 : 22632, 10, 2023/01/18, 11:10:56.453, 6559388966742, testhost.dll, SocketClient.OnServerConnected: connected to server endpoint: 127.0.0.1:053091
TpTrace Verbose: 0 : 22632, 10, 2023/01/18, 11:10:56.455, 6559388984675, testhost.dll, Connected to server, and starting MessageLoopAsync
TpTrace Information: 0 : 22632, 1, 2023/01/18, 11:10:56.455, 6559388986040, testhost.dll, Trying to connect to server on socket : 127.0.0.1:53090 
TpTrace Verbose: 0 : 22632, 1, 2023/01/18, 11:10:56.455, 6559388988878, testhost.dll, SocketCommunicationManager : SetupClientAsync : Attempting to connect to the server.
TpTrace Information: 0 : 22632, 11, 2023/01/18, 11:10:56.457, 6559389004037, testhost.dll, Connected to the server successfully 
TpTrace Information: 0 : 22632, 11, 2023/01/18, 11:10:56.457, 6559389004846, testhost.dll, Using the buffer size of 16384 bytes
TpTrace Information: 0 : 22632, 1, 2023/01/18, 11:10:56.457, 6559389009087, testhost.dll, DefaultEngineInvoker.Invoke: Start Request Processing.
TpTrace Information: 0 : 22632, 12, 2023/01/18, 11:10:56.458, 6559389016227, testhost.dll, DefaultEngineInvoker.StartProcessingAsync: Connected to vstest.console, Starting process requests.
TpTrace Verbose: 0 : 22632, 10, 2023/01/18, 11:10:56.459, 6559389021176, testhost.dll, TcpClientExtensions.MessageLoopAsync: Polling on remoteEndPoint: [::ffff:127.0.0.1]:53091 localEndPoint: [::ffff:127.0.0.1]:53092
TpTrace Verbose: 0 : 22632, 10, 2023/01/18, 11:10:56.459, 6559389024086, testhost.dll, TcpClientExtensions.MessageLoopAsync: NotifyDataAvailable remoteEndPoint: [::ffff:127.0.0.1]:53091 localEndPoint: [::ffff:127.0.0.1]:53092
TpTrace Information: 0 : 22632, 10, 2023/01/18, 11:10:56.569, 6559390128662, testhost.dll, TestRequestHandler.OnMessageReceived: received message: (ProtocolVersion) -> 7
TpTrace Verbose: 0 : 22632, 10, 2023/01/18, 11:10:56.602, 6559390457192, testhost.dll, TestRequestHandler.SendData:  sending data from testhost: {"Version":5,"MessageType":"TestSession.Message","Payload":{"MessageLevel":0,"Message":"Logging TestHost Diagnostics in file: D:\\Project\\Petzey.Department\\DeptUnitTest\\bin\\Debug\\net6.0\\fine-code-coverage\\coverage-tool-output\\diagnostics.host.23-01-18_11-10-56_22835_7.log"}}
TpTrace Verbose: 0 : 22632, 10, 2023/01/18, 11:10:56.602, 6559390460541, testhost.dll, TcpClientExtensions.MessageLoopAsync: Polling on remoteEndPoint: [::ffff:127.0.0.1]:53091 localEndPoint: [::ffff:127.0.0.1]:53092
TpTrace Verbose: 0 : 22632, 10, 2023/01/18, 11:10:56.603, 6559390462543, testhost.dll, TcpClientExtensions.MessageLoopAsync: NotifyDataAvailable remoteEndPoint: [::ffff:127.0.0.1]:53091 localEndPoint: [::ffff:127.0.0.1]:53092
TpTrace Information: 0 : 22632, 10, 2023/01/18, 11:10:56.609, 6559390521935, testhost.dll, TestRequestHandler.OnMessageReceived: received message: (TestExecution.Initialize) -> [
  "D:\\Project\\Petzey.Department\\DeptUnitTest\\bin\\Debug\\net6.0\\fine-code-coverage\\build-output\\Microsoft.VisualStudio.TestPlatform.MSTest.TestAdapter.dll"
]
TpTrace Verbose: 0 : 22632, 10, 2023/01/18, 11:10:56.616, 6559390591557, testhost.dll, TcpClientExtensions.MessageLoopAsync: Polling on remoteEndPoint: [::ffff:127.0.0.1]:53091 localEndPoint: [::ffff:127.0.0.1]:53092
TpTrace Verbose: 0 : 22632, 10, 2023/01/18, 11:10:56.616, 6559390593014, testhost.dll, TcpClientExtensions.MessageLoopAsync: NotifyDataAvailable remoteEndPoint: [::ffff:127.0.0.1]:53091 localEndPoint: [::ffff:127.0.0.1]:53092
TpTrace Information: 0 : 22632, 4, 2023/01/18, 11:10:56.616, 6559390596475, testhost.dll, TestRequestHandler.OnMessageReceived: Running job 'TestExecution.Initialize'.
TpTrace Verbose: 0 : 22632, 4, 2023/01/18, 11:10:56.618, 6559390615707, testhost.dll, TestExecutorService: Loading the extensions
TpTrace Information: 0 : 22632, 10, 2023/01/18, 11:10:56.619, 6559390623843, testhost.dll, TestRequestHandler.OnMessageReceived: received message: (TestExecution.StartWithSources) -> {
  "AdapterSourceMap": {
    "_none_": [
      "D:\\Project\\Petzey.Department\\DeptUnitTest\\bin\\Debug\\net6.0\\fine-code-coverage\\build-output\\DeptUnitTest.dll"
    ]
  },
  "RunSettings": "<RunSettings>\r\n  <RunConfiguration>\r\n    <ResultsDirectory>D:\\Project\\Petzey.Department\\DeptUnitTest\\bin\\Debug\\net6.0\\fine-code-coverage\\coverage-tool-output</ResultsDirectory>\r\n    <TargetFrameworkVersion>.NETCoreApp,Version=v6.0</TargetFrameworkVersion>\r\n    <DesignMode>False</DesignMode>\r\n    <CollectSourceInformation>False</CollectSourceInformation>\r\n  </RunConfiguration>\r\n  <LoggerRunSettings>\r\n    <Loggers>\r\n      <Logger friendlyName=\"blame\" enabled=\"True\" />\r\n      <Logger friendlyName=\"Console\" uri=\"logger://microsoft/TestPlatform/ConsoleLogger/v1\" assemblyQualifiedName=\"Microsoft.VisualStudio.TestPlatform.CommandLine.Internal.ConsoleLogger, vstest.console, Version=15.0.0.0, Culture=neutral, PublicKeyToken=b03f5f7f11d50a3a\" codeBase=\"C:\\Program Files\\dotnet\\sdk\\6.0.403\\vstest.console.dll\" enabled=\"True\" />\r\n    </Loggers>\r\n  </LoggerRunSettings>\r\n  <DataCollectionRunSettings>\r\n    <DataCollectors>\r\n      <DataCollector friendlyName=\"blame\" enabled=\"True\">\r\n        <Configuration>\r\n          <ResultsDirectory>D:\\Project\\Petzey.Department\\DeptUnitTest\\bin\\Debug\\net6.0\\fine-code-coverage\\coverage-tool-output</ResultsDirectory>\r\n        </Configuration>\r\n      </DataCollector>\r\n    </DataCollectors>\r\n  </DataCollectionRunSettings>\r\n</RunSettings>",
  "TestExecutionContext": {
    "FrequencyOfRunStatsChangeEvent": 10,
    "RunStatsChangeEventTimeout": "00:00:01.5000000",
    "InIsolation": false,
    "KeepAlive": false,
    "AreTestCaseLevelEventsRequired": false,
    "IsDebug": false,
    "TestCaseFilter": null,
    "FilterOptions": null
  },
  "Package": null
}
TpTrace Verbose: 0 : 22632, 4, 2023/01/18, 11:10:56.620, 6559390633353, testhost.dll, TestPluginCache.DiscoverTestExtensions: finding test extensions in assemblies ends with: TestAdapter.dll TPluginInfo: Microsoft.VisualStudio.TestPlatform.Common.ExtensionFramework.Utilities.TestExecutorPluginInformation TExtension: Microsoft.VisualStudio.TestPlatform.ObjectModel.Adapter.ITestExecutor
TpTrace Verbose: 0 : 22632, 4, 2023/01/18, 11:10:56.621, 6559390643102, testhost.dll, TestPluginCache.GetExtensionPaths: Filtered extension paths: 
TpTrace Verbose: 0 : 22632, 4, 2023/01/18, 11:10:56.621, 6559390646642, testhost.dll, TestPluginCache.GetExtensionPaths: Added default extension paths: D:\Project\Petzey.Department\DeptUnitTest\bin\Debug\net6.0\fine-code-coverage\build-output\Microsoft.VisualStudio.TestPlatform.MSTest.TestAdapter.dll
TpTrace Verbose: 0 : 22632, 4, 2023/01/18, 11:10:56.621, 6559390647780, testhost.dll, TestPluginCache.GetExtensionPaths: Added unfilterableExtensionPaths: 
TpTrace Information: 0 : 22632, 4, 2023/01/18, 11:10:56.623, 6559390663486, testhost.dll, AssemblyResolver.ctor: Creating AssemblyResolver with searchDirectories D:\Project\Petzey.Department\DeptUnitTest\bin\Debug\net6.0\fine-code-coverage\build-output
TpTrace Verbose: 0 : 22632, 4, 2023/01/18, 11:10:56.625, 6559390680982, testhost.dll, TestPluginCache.DiscoverTestExtensions: Discovering the extensions using extension path.
TpTrace Verbose: 0 : 22632, 4, 2023/01/18, 11:10:56.625, 6559390682508, testhost.dll, TestPluginCache.GetExtensionPaths: Filtered extension paths: 
TpTrace Verbose: 0 : 22632, 4, 2023/01/18, 11:10:56.625, 6559390683015, testhost.dll, TestPluginCache.GetExtensionPaths: Added default extension paths: D:\Project\Petzey.Department\DeptUnitTest\bin\Debug\net6.0\fine-code-coverage\build-output\Microsoft.VisualStudio.TestPlatform.MSTest.TestAdapter.dll
TpTrace Verbose: 0 : 22632, 4, 2023/01/18, 11:10:56.625, 6559390683401, testhost.dll, TestPluginCache.GetExtensionPaths: Added unfilterableExtensionPaths: 
TpTrace Verbose: 0 : 22632, 4, 2023/01/18, 11:10:56.625, 6559390684001, testhost.dll, TestPluginCache.DiscoverTestExtensions: Discovering the extensions using allExtensionPaths: D:\Project\Petzey.Department\DeptUnitTest\bin\Debug\net6.0\fine-code-coverage\build-output\Microsoft.VisualStudio.TestPlatform.MSTest.TestAdapter.dll
TpTrace Information: 0 : 22632, 4, 2023/01/18, 11:10:56.626, 6559390692000, testhost.dll, AssemblyResolver.AddSearchDirectories: Adding more searchDirectories D:\Project\Petzey.Department\DeptUnitTest\bin\Debug\net6.0\fine-code-coverage\build-output
TpTrace Information: 0 : 22632, 4, 2023/01/18, 11:10:56.630, 6559390734169, testhost.dll, AssemblyResolver.OnResolve: Microsoft.VisualStudio.TestPlatform.MSTest.TestAdapter: Resolving assembly.
TpTrace Information: 0 : 22632, 4, 2023/01/18, 11:10:56.630, 6559390735522, testhost.dll, AssemblyResolver.OnResolve: Microsoft.VisualStudio.TestPlatform.MSTest.TestAdapter: Searching in: 'D:\Project\Petzey.Department\DeptUnitTest\bin\Debug\net6.0\fine-code-coverage\build-output'.
TpTrace Information: 0 : 22632, 4, 2023/01/18, 11:10:56.631, 6559390746155, testhost.dll, AssemblyResolver.OnResolve: Microsoft.VisualStudio.TestPlatform.MSTest.TestAdapter: Loading assembly 'D:\Project\Petzey.Department\DeptUnitTest\bin\Debug\net6.0\fine-code-coverage\build-output\Microsoft.VisualStudio.TestPlatform.MSTest.TestAdapter.dll'.
TpTrace Information: 0 : 22632, 4, 2023/01/18, 11:10:56.632, 6559390753640, testhost.dll, AssemblyResolver.OnResolve: Resolved assembly: Microsoft.VisualStudio.TestPlatform.MSTest.TestAdapter, from path: D:\Project\Petzey.Department\DeptUnitTest\bin\Debug\net6.0\fine-code-coverage\build-output\Microsoft.VisualStudio.TestPlatform.MSTest.TestAdapter.dll
TpTrace Verbose: 0 : 22632, 10, 2023/01/18, 11:10:56.642, 6559390854333, testhost.dll, TcpClientExtensions.MessageLoopAsync: Polling on remoteEndPoint: [::ffff:127.0.0.1]:53091 localEndPoint: [::ffff:127.0.0.1]:53092
TpTrace Verbose: 0 : 22632, 4, 2023/01/18, 11:10:56.649, 6559390928899, testhost.dll, TestPluginCache: Discovered the extensions using extension path ''.
TpTrace Verbose: 0 : 22632, 4, 2023/01/18, 11:10:56.650, 6559390933455, testhost.dll, TestPluginCache: Discoverers are ''.
TpTrace Verbose: 0 : 22632, 4, 2023/01/18, 11:10:56.650, 6559390934167, testhost.dll, TestPluginCache: Executors are 'executor://MSTestAdapter/v2'.
TpTrace Verbose: 0 : 22632, 4, 2023/01/18, 11:10:56.650, 6559390934881, testhost.dll, TestPluginCache: Executors2 are ''.
TpTrace Verbose: 0 : 22632, 4, 2023/01/18, 11:10:56.650, 6559390935508, testhost.dll, TestPluginCache: Setting providers are ''.
TpTrace Verbose: 0 : 22632, 4, 2023/01/18, 11:10:56.650, 6559390936161, testhost.dll, TestPluginCache: Loggers are ''.
TpTrace Verbose: 0 : 22632, 4, 2023/01/18, 11:10:56.652, 6559390960329, testhost.dll, TestPluginCache.DiscoverTestExtensions: finding test extensions in assemblies ends with: TestAdapter.dll TPluginInfo: Microsoft.VisualStudio.TestPlatform.Common.ExtensionFramework.Utilities.TestExecutorPluginInformation2 TExtension: Microsoft.VisualStudio.TestPlatform.ObjectModel.Adapter.ITestExecutor2
TpTrace Verbose: 0 : 22632, 4, 2023/01/18, 11:10:56.653, 6559390962555, testhost.dll, TestPluginCache.GetExtensionPaths: Filtered extension paths: 
TpTrace Verbose: 0 : 22632, 4, 2023/01/18, 11:10:56.653, 6559390963058, testhost.dll, TestPluginCache.GetExtensionPaths: Added default extension paths: D:\Project\Petzey.Department\DeptUnitTest\bin\Debug\net6.0\fine-code-coverage\build-output\Microsoft.VisualStudio.TestPlatform.MSTest.TestAdapter.dll
TpTrace Verbose: 0 : 22632, 4, 2023/01/18, 11:10:56.653, 6559390963427, testhost.dll, TestPluginCache.GetExtensionPaths: Added unfilterableExtensionPaths: 
TpTrace Information: 0 : 22632, 4, 2023/01/18, 11:10:56.653, 6559390964938, testhost.dll, AssemblyResolver.AddSearchDirectories: Adding more searchDirectories D:\Project\Petzey.Department\DeptUnitTest\bin\Debug\net6.0\fine-code-coverage\build-output
TpTrace Verbose: 0 : 22632, 4, 2023/01/18, 11:10:56.653, 6559390965407, testhost.dll, TestPluginCache.DiscoverTestExtensions: Discovering the extensions using extension path.
TpTrace Verbose: 0 : 22632, 4, 2023/01/18, 11:10:56.653, 6559390965772, testhost.dll, TestPluginCache.GetExtensionPaths: Filtered extension paths: 
TpTrace Verbose: 0 : 22632, 4, 2023/01/18, 11:10:56.653, 6559390966167, testhost.dll, TestPluginCache.GetExtensionPaths: Added default extension paths: D:\Project\Petzey.Department\DeptUnitTest\bin\Debug\net6.0\fine-code-coverage\build-output\Microsoft.VisualStudio.TestPlatform.MSTest.TestAdapter.dll
TpTrace Verbose: 0 : 22632, 4, 2023/01/18, 11:10:56.653, 6559390966503, testhost.dll, TestPluginCache.GetExtensionPaths: Added unfilterableExtensionPaths: 
TpTrace Verbose: 0 : 22632, 4, 2023/01/18, 11:10:56.653, 6559390966844, testhost.dll, TestPluginCache.DiscoverTestExtensions: Discovering the extensions using allExtensionPaths: D:\Project\Petzey.Department\DeptUnitTest\bin\Debug\net6.0\fine-code-coverage\build-output\Microsoft.VisualStudio.TestPlatform.MSTest.TestAdapter.dll
TpTrace Information: 0 : 22632, 4, 2023/01/18, 11:10:56.653, 6559390967288, testhost.dll, AssemblyResolver.AddSearchDirectories: Adding more searchDirectories D:\Project\Petzey.Department\DeptUnitTest\bin\Debug\net6.0\fine-code-coverage\build-output
TpTrace Verbose: 0 : 22632, 4, 2023/01/18, 11:10:56.653, 6559390969048, testhost.dll, TestPluginCache: Discovered the extensions using extension path ''.
TpTrace Verbose: 0 : 22632, 4, 2023/01/18, 11:10:56.653, 6559390969481, testhost.dll, TestPluginCache: Discoverers are ''.
TpTrace Verbose: 0 : 22632, 4, 2023/01/18, 11:10:56.653, 6559390969867, testhost.dll, TestPluginCache: Executors are 'executor://MSTestAdapter/v2'.
TpTrace Verbose: 0 : 22632, 4, 2023/01/18, 11:10:56.653, 6559390970450, testhost.dll, TestPluginCache: Executors2 are ''.
TpTrace Verbose: 0 : 22632, 4, 2023/01/18, 11:10:56.654, 6559390970823, testhost.dll, TestPluginCache: Setting providers are ''.
TpTrace Verbose: 0 : 22632, 4, 2023/01/18, 11:10:56.654, 6559390971137, testhost.dll, TestPluginCache: Loggers are ''.
TpTrace Information: 0 : 22632, 4, 2023/01/18, 11:10:56.658, 6559391012173, testhost.dll, TestPluginManager.CreateTestExtension: Attempting to load test extension: Microsoft.VisualStudio.TestPlatform.MSTest.TestAdapter.MSTestExecutor
TpTrace Verbose: 0 : 22632, 4, 2023/01/18, 11:10:56.664, 6559391077401, testhost.dll, TestExecutorExtensionManager: Loading executor Microsoft.VisualStudio.TestPlatform.MSTest.TestAdapter.MSTestExecutor
TpTrace Verbose: 0 : 22632, 4, 2023/01/18, 11:10:56.664, 6559391078463, testhost.dll, TestExecutorService: Loaded the executors
TpTrace Verbose: 0 : 22632, 4, 2023/01/18, 11:10:56.665, 6559391090293, testhost.dll, TestPluginCache.DiscoverTestExtensions: finding test extensions in assemblies ends with: TestAdapter.dll TPluginInfo: Microsoft.VisualStudio.TestPlatform.Common.ExtensionFramework.Utilities.TestSettingsProviderPluginInformation TExtension: Microsoft.VisualStudio.TestPlatform.ObjectModel.Adapter.ISettingsProvider
TpTrace Verbose: 0 : 22632, 4, 2023/01/18, 11:10:56.666, 6559391091828, testhost.dll, TestPluginCache.GetExtensionPaths: Filtered extension paths: 
TpTrace Verbose: 0 : 22632, 4, 2023/01/18, 11:10:56.666, 6559391092510, testhost.dll, TestPluginCache.GetExtensionPaths: Added default extension paths: D:\Project\Petzey.Department\DeptUnitTest\bin\Debug\net6.0\fine-code-coverage\build-output\Microsoft.VisualStudio.TestPlatform.MSTest.TestAdapter.dll
TpTrace Verbose: 0 : 22632, 4, 2023/01/18, 11:10:56.666, 6559391093125, testhost.dll, TestPluginCache.GetExtensionPaths: Added unfilterableExtensionPaths: 
TpTrace Information: 0 : 22632, 4, 2023/01/18, 11:10:56.666, 6559391094223, testhost.dll, AssemblyResolver.AddSearchDirectories: Adding more searchDirectories D:\Project\Petzey.Department\DeptUnitTest\bin\Debug\net6.0\fine-code-coverage\build-output
TpTrace Verbose: 0 : 22632, 4, 2023/01/18, 11:10:56.666, 6559391094678, testhost.dll, TestPluginCache.DiscoverTestExtensions: Discovering the extensions using extension path.
TpTrace Verbose: 0 : 22632, 4, 2023/01/18, 11:10:56.666, 6559391095104, testhost.dll, TestPluginCache.GetExtensionPaths: Filtered extension paths: 
TpTrace Verbose: 0 : 22632, 4, 2023/01/18, 11:10:56.666, 6559391095506, testhost.dll, TestPluginCache.GetExtensionPaths: Added default extension paths: D:\Project\Petzey.Department\DeptUnitTest\bin\Debug\net6.0\fine-code-coverage\build-output\Microsoft.VisualStudio.TestPlatform.MSTest.TestAdapter.dll
TpTrace Verbose: 0 : 22632, 4, 2023/01/18, 11:10:56.666, 6559391095846, testhost.dll, TestPluginCache.GetExtensionPaths: Added unfilterableExtensionPaths: 
TpTrace Verbose: 0 : 22632, 4, 2023/01/18, 11:10:56.666, 6559391096238, testhost.dll, TestPluginCache.DiscoverTestExtensions: Discovering the extensions using allExtensionPaths: D:\Project\Petzey.Department\DeptUnitTest\bin\Debug\net6.0\fine-code-coverage\build-output\Microsoft.VisualStudio.TestPlatform.MSTest.TestAdapter.dll
TpTrace Information: 0 : 22632, 4, 2023/01/18, 11:10:56.666, 6559391096749, testhost.dll, AssemblyResolver.AddSearchDirectories: Adding more searchDirectories D:\Project\Petzey.Department\DeptUnitTest\bin\Debug\net6.0\fine-code-coverage\build-output
TpTrace Verbose: 0 : 22632, 4, 2023/01/18, 11:10:56.666, 6559391098921, testhost.dll, TestPluginCache: Discovered the extensions using extension path ''.
TpTrace Verbose: 0 : 22632, 4, 2023/01/18, 11:10:56.666, 6559391099510, testhost.dll, TestPluginCache: Discoverers are ''.
TpTrace Verbose: 0 : 22632, 4, 2023/01/18, 11:10:56.666, 6559391099902, testhost.dll, TestPluginCache: Executors are 'executor://MSTestAdapter/v2'.
TpTrace Verbose: 0 : 22632, 4, 2023/01/18, 11:10:56.666, 6559391100249, testhost.dll, TestPluginCache: Executors2 are ''.
TpTrace Verbose: 0 : 22632, 4, 2023/01/18, 11:10:56.667, 6559391101174, testhost.dll, TestPluginCache: Setting providers are ''.
TpTrace Verbose: 0 : 22632, 4, 2023/01/18, 11:10:56.667, 6559391101688, testhost.dll, TestPluginCache: Loggers are ''.
TpTrace Verbose: 0 : 22632, 4, 2023/01/18, 11:10:56.667, 6559391109533, testhost.dll, TestExecutorService: Loaded the settings providers
TpTrace Information: 0 : 22632, 4, 2023/01/18, 11:10:56.667, 6559391110066, testhost.dll, TestExecutorService: Loaded the extensions
TpTrace Information: 0 : 22632, 4, 2023/01/18, 11:10:56.668, 6559391114592, testhost.dll, TestRequestHandler.OnMessageReceived: Running job 'TestExecution.StartWithSources'.
TpTrace Information: 0 : 22632, 4, 2023/01/18, 11:10:56.747, 6559391902738, testhost.dll, TestDiscoveryManager: Discovering tests from sources D:\Project\Petzey.Department\DeptUnitTest\bin\Debug\net6.0\fine-code-coverage\build-output\DeptUnitTest.dll
TpTrace Verbose: 0 : 22632, 4, 2023/01/18, 11:10:56.749, 6559391926707, testhost.dll, TestPluginCache.DiscoverTestExtensions: finding test extensions in assemblies ends with: TestAdapter.dll TPluginInfo: Microsoft.VisualStudio.TestPlatform.Common.ExtensionFramework.Utilities.TestDiscovererPluginInformation TExtension: Microsoft.VisualStudio.TestPlatform.ObjectModel.Adapter.ITestDiscoverer
TpTrace Verbose: 0 : 22632, 4, 2023/01/18, 11:10:56.749, 6559391927744, testhost.dll, TestPluginCache.GetExtensionPaths: Filtered extension paths: 
TpTrace Verbose: 0 : 22632, 4, 2023/01/18, 11:10:56.749, 6559391928177, testhost.dll, TestPluginCache.GetExtensionPaths: Added default extension paths: D:\Project\Petzey.Department\DeptUnitTest\bin\Debug\net6.0\fine-code-coverage\build-output\Microsoft.VisualStudio.TestPlatform.MSTest.TestAdapter.dll
TpTrace Verbose: 0 : 22632, 4, 2023/01/18, 11:10:56.749, 6559391928515, testhost.dll, TestPluginCache.GetExtensionPaths: Added unfilterableExtensionPaths: 
TpTrace Information: 0 : 22632, 4, 2023/01/18, 11:10:56.749, 6559391929302, testhost.dll, AssemblyResolver.AddSearchDirectories: Adding more searchDirectories D:\Project\Petzey.Department\DeptUnitTest\bin\Debug\net6.0\fine-code-coverage\build-output
TpTrace Verbose: 0 : 22632, 4, 2023/01/18, 11:10:56.749, 6559391929761, testhost.dll, TestPluginCache.DiscoverTestExtensions: Discovering the extensions using extension path.
TpTrace Verbose: 0 : 22632, 4, 2023/01/18, 11:10:56.749, 6559391930099, testhost.dll, TestPluginCache.GetExtensionPaths: Filtered extension paths: 
TpTrace Verbose: 0 : 22632, 4, 2023/01/18, 11:10:56.749, 6559391930406, testhost.dll, TestPluginCache.GetExtensionPaths: Added default extension paths: D:\Project\Petzey.Department\DeptUnitTest\bin\Debug\net6.0\fine-code-coverage\build-output\Microsoft.VisualStudio.TestPlatform.MSTest.TestAdapter.dll
TpTrace Verbose: 0 : 22632, 4, 2023/01/18, 11:10:56.750, 6559391930718, testhost.dll, TestPluginCache.GetExtensionPaths: Added unfilterableExtensionPaths: 
TpTrace Verbose: 0 : 22632, 4, 2023/01/18, 11:10:56.750, 6559391931116, testhost.dll, TestPluginCache.DiscoverTestExtensions: Discovering the extensions using allExtensionPaths: D:\Project\Petzey.Department\DeptUnitTest\bin\Debug\net6.0\fine-code-coverage\build-output\Microsoft.VisualStudio.TestPlatform.MSTest.TestAdapter.dll
TpTrace Information: 0 : 22632, 4, 2023/01/18, 11:10:56.750, 6559391931578, testhost.dll, AssemblyResolver.AddSearchDirectories: Adding more searchDirectories D:\Project\Petzey.Department\DeptUnitTest\bin\Debug\net6.0\fine-code-coverage\build-output
TpTrace Verbose: 0 : 22632, 4, 2023/01/18, 11:10:56.751, 6559391947223, testhost.dll, TestPluginCache: Discovered the extensions using extension path ''.
TpTrace Verbose: 0 : 22632, 4, 2023/01/18, 11:10:56.751, 6559391947894, testhost.dll, TestPluginCache: Discoverers are 'Microsoft.VisualStudio.TestPlatform.MSTest.TestAdapter.MSTestDiscoverer, Microsoft.VisualStudio.TestPlatform.MSTest.TestAdapter, Version=14.0.0.0, Culture=neutral, PublicKeyToken=b03f5f7f11d50a3a'.
TpTrace Verbose: 0 : 22632, 4, 2023/01/18, 11:10:56.751, 6559391948296, testhost.dll, TestPluginCache: Executors are 'executor://MSTestAdapter/v2'.
TpTrace Verbose: 0 : 22632, 4, 2023/01/18, 11:10:56.751, 6559391948626, testhost.dll, TestPluginCache: Executors2 are ''.
TpTrace Verbose: 0 : 22632, 4, 2023/01/18, 11:10:56.751, 6559391948932, testhost.dll, TestPluginCache: Setting providers are ''.
TpTrace Verbose: 0 : 22632, 4, 2023/01/18, 11:10:56.751, 6559391949300, testhost.dll, TestPluginCache: Loggers are ''.
TpTrace Verbose: 0 : 22632, 4, 2023/01/18, 11:10:56.756, 6559391996487, testhost.dll, BaseRunTests.RunTestInternalWithExecutors: Running tests for executor://MSTestAdapter/v2
TpTrace Information: 0 : 22632, 4, 2023/01/18, 11:10:56.756, 6559391999948, testhost.dll, AssemblyResolver.OnResolve: Microsoft.VisualStudio.TestPlatform.MSTestAdapter.PlatformServices.Interface: Resolving assembly.
TpTrace Information: 0 : 22632, 4, 2023/01/18, 11:10:56.757, 6559392000593, testhost.dll, AssemblyResolver.OnResolve: Microsoft.VisualStudio.TestPlatform.MSTestAdapter.PlatformServices.Interface: Searching in: 'D:\Project\Petzey.Department\DeptUnitTest\bin\Debug\net6.0\fine-code-coverage\build-output'.
TpTrace Information: 0 : 22632, 4, 2023/01/18, 11:10:56.757, 6559392003760, testhost.dll, AssemblyResolver.OnResolve: Microsoft.VisualStudio.TestPlatform.MSTestAdapter.PlatformServices.Interface: Loading assembly 'D:\Project\Petzey.Department\DeptUnitTest\bin\Debug\net6.0\fine-code-coverage\build-output\Microsoft.VisualStudio.TestPlatform.MSTestAdapter.PlatformServices.Interface.dll'.
TpTrace Information: 0 : 22632, 4, 2023/01/18, 11:10:56.757, 6559392008202, testhost.dll, AssemblyResolver.OnResolve: Resolved assembly: Microsoft.VisualStudio.TestPlatform.MSTestAdapter.PlatformServices.Interface, from path: D:\Project\Petzey.Department\DeptUnitTest\bin\Debug\net6.0\fine-code-coverage\build-output\Microsoft.VisualStudio.TestPlatform.MSTestAdapter.PlatformServices.Interface.dll
TpTrace Information: 0 : 22632, 4, 2023/01/18, 11:10:56.758, 6559392017837, testhost.dll, AssemblyResolver.OnResolve: Microsoft.VisualStudio.TestPlatform.MSTestAdapter.PlatformServices: Resolving assembly.
TpTrace Information: 0 : 22632, 4, 2023/01/18, 11:10:56.758, 6559392018443, testhost.dll, AssemblyResolver.OnResolve: Microsoft.VisualStudio.TestPlatform.MSTestAdapter.PlatformServices: Searching in: 'D:\Project\Petzey.Department\DeptUnitTest\bin\Debug\net6.0\fine-code-coverage\build-output'.
TpTrace Information: 0 : 22632, 4, 2023/01/18, 11:10:56.759, 6559392020706, testhost.dll, AssemblyResolver.OnResolve: Microsoft.VisualStudio.TestPlatform.MSTestAdapter.PlatformServices: Loading assembly 'D:\Project\Petzey.Department\DeptUnitTest\bin\Debug\net6.0\fine-code-coverage\build-output\Microsoft.VisualStudio.TestPlatform.MSTestAdapter.PlatformServices.dll'.
TpTrace Information: 0 : 22632, 4, 2023/01/18, 11:10:56.759, 6559392024631, testhost.dll, AssemblyResolver.OnResolve: Resolved assembly: Microsoft.VisualStudio.TestPlatform.MSTestAdapter.PlatformServices, from path: D:\Project\Petzey.Department\DeptUnitTest\bin\Debug\net6.0\fine-code-coverage\build-output\Microsoft.VisualStudio.TestPlatform.MSTestAdapter.PlatformServices.dll
TpTrace Information: 0 : 22632, 4, 2023/01/18, 11:10:56.759, 6559392026980, testhost.dll, MSTest - MSTestExecutor.RunTests: Running tests from sources.
TpTrace Information: 0 : 22632, 4, 2023/01/18, 11:10:56.763, 6559392062368, testhost.dll, MSTest - CollectSourceInformation value Found : False 
TpTrace Information: 0 : 22632, 4, 2023/01/18, 11:10:56.779, 6559392230472, testhost.dll, MSTest - DictionaryHelper.ConcatWithOverwrites: The source is null or empty, returning the overwrite dictionary.
TpTrace Information: 0 : 22632, 4, 2023/01/18, 11:10:56.785, 6559392280791, testhost.dll, MSTest - DictionaryHelper.ConcatWithOverwrites: The source is null or empty, returning the overwrite dictionary.
TpTrace Information: 0 : 22632, 4, 2023/01/18, 11:10:56.785, 6559392283149, testhost.dll, MSTest - DictionaryHelper.ConcatWithOverwrites: The source is null or empty, returning the overwrite dictionary.
TpTrace Information: 0 : 22632, 4, 2023/01/18, 11:10:56.785, 6559392284785, testhost.dll, MSTest - DictionaryHelper.ConcatWithOverwrites: The source is null or empty, returning the overwrite dictionary.
TpTrace Information: 0 : 22632, 4, 2023/01/18, 11:10:56.790, 6559392335329, testhost.dll, AssemblyResolver.OnResolve: Microsoft.TestPlatform.AdapterUtilities: Resolving assembly.
TpTrace Information: 0 : 22632, 4, 2023/01/18, 11:10:56.790, 6559392336154, testhost.dll, AssemblyResolver.OnResolve: Microsoft.TestPlatform.AdapterUtilities: Searching in: 'D:\Project\Petzey.Department\DeptUnitTest\bin\Debug\net6.0\fine-code-coverage\build-output'.
TpTrace Information: 0 : 22632, 4, 2023/01/18, 11:10:56.790, 6559392338660, testhost.dll, AssemblyResolver.OnResolve: Microsoft.TestPlatform.AdapterUtilities: Loading assembly 'D:\Project\Petzey.Department\DeptUnitTest\bin\Debug\net6.0\fine-code-coverage\build-output\Microsoft.TestPlatform.AdapterUtilities.dll'.
TpTrace Information: 0 : 22632, 4, 2023/01/18, 11:10:56.791, 6559392342553, testhost.dll, AssemblyResolver.OnResolve: Resolved assembly: Microsoft.TestPlatform.AdapterUtilities, from path: D:\Project\Petzey.Department\DeptUnitTest\bin\Debug\net6.0\fine-code-coverage\build-output\Microsoft.TestPlatform.AdapterUtilities.dll
TpTrace Information: 0 : 22632, 4, 2023/01/18, 11:10:56.816, 6559392595395, testhost.dll, MSTest - DictionaryHelper.ConcatWithOverwrites: The source is null or empty, returning the overwrite dictionary.
TpTrace Information: 0 : 22632, 4, 2023/01/18, 11:10:56.816, 6559392597868, testhost.dll, MSTest - MSTestDiscoverer: Found 2 tests from source D:\Project\Petzey.Department\DeptUnitTest\bin\Debug\net6.0\fine-code-coverage\build-output\DeptUnitTest.dll
TpTrace Information: 0 : 22632, 4, 2023/01/18, 11:10:56.831, 6559392743665, testhost.dll, AssemblyResolver.OnResolve: Microsoft.VisualStudio.TestPlatform.MSTestAdapter.PlatformServices.resources: Resolving assembly.
TpTrace Information: 0 : 22632, 4, 2023/01/18, 11:10:56.831, 6559392744641, testhost.dll, AssemblyResolver.OnResolve: Microsoft.VisualStudio.TestPlatform.MSTestAdapter.PlatformServices.resources: Searching in: 'D:\Project\Petzey.Department\DeptUnitTest\bin\Debug\net6.0\fine-code-coverage\build-output'.
TpTrace Information: 0 : 22632, 4, 2023/01/18, 11:10:56.831, 6559392745242, testhost.dll, AssemblyResolver.OnResolve: Microsoft.VisualStudio.TestPlatform.MSTestAdapter.PlatformServices.resources: Assembly path does not exist: 'D:\Project\Petzey.Department\DeptUnitTest\bin\Debug\net6.0\fine-code-coverage\build-output\Microsoft.VisualStudio.TestPlatform.MSTestAdapter.PlatformServices.resources.dll', returning.
TpTrace Information: 0 : 22632, 4, 2023/01/18, 11:10:56.831, 6559392745734, testhost.dll, AssemblyResolver.OnResolve: Microsoft.VisualStudio.TestPlatform.MSTestAdapter.PlatformServices.resources: Assembly path does not exist: 'D:\Project\Petzey.Department\DeptUnitTest\bin\Debug\net6.0\fine-code-coverage\build-output\Microsoft.VisualStudio.TestPlatform.MSTestAdapter.PlatformServices.resources.exe', returning.
TpTrace Information: 0 : 22632, 4, 2023/01/18, 11:10:56.831, 6559392746118, testhost.dll, AssemblyResolver.OnResolve: Microsoft.VisualStudio.TestPlatform.MSTestAdapter.PlatformServices.resources: Failed to load assembly.
TpTrace Information: 0 : 22632, 4, 2023/01/18, 11:10:56.831, 6559392748277, testhost.dll, AssemblyResolver.OnResolve: Microsoft.VisualStudio.TestPlatform.MSTestAdapter.PlatformServices.resources: Resolving assembly.
TpTrace Information: 0 : 22632, 4, 2023/01/18, 11:10:56.831, 6559392748782, testhost.dll, AssemblyResolver.OnResolve: Microsoft.VisualStudio.TestPlatform.MSTestAdapter.PlatformServices.resources: Resolved from cache.
TpTrace Information: 0 : 22632, 4, 2023/01/18, 11:10:56.838, 6559392814656, testhost.dll, MSTest - Created unit-test runner D:\Project\Petzey.Department\DeptUnitTest\bin\Debug\net6.0\fine-code-coverage\build-output\DeptUnitTest.dll
TpTrace Verbose: 0 : 22632, 4, 2023/01/18, 11:10:56.843, 6559392861859, testhost.dll, TestExecutionRecorder.RecordStart: Starting test: DeptUnitTest.UnitTest1.GetAllDept_UnitTest.
TpTrace Information: 0 : 22632, 4, 2023/01/18, 11:10:56.893, 6559393360809, testhost.dll, MSTest - Executing test GetAllDept_UnitTest
TpTrace Information: 0 : 22632, 4, 2023/01/18, 11:10:57.092, 6559395358349, testhost.dll, MSTest - Executed test GetAllDept_UnitTest
TpTrace Verbose: 0 : 22632, 4, 2023/01/18, 11:10:57.096, 6559395399858, testhost.dll, TestExecutionRecorder.RecordEnd: test: DeptUnitTest.UnitTest1.GetAllDept_UnitTest execution completed.
TpTrace Verbose: 0 : 22632, 4, 2023/01/18, 11:10:57.107, 6559395503482, testhost.dll, TestExecutionRecorder.RecordResult: Received result for test: DeptUnitTest.UnitTest1.GetAllDept_UnitTest.
TpTrace Warning: 0 : 22632, 4, 2023/01/18, 11:10:57.111, 6559395546443, testhost.dll, TestRunCache: InProgressTests is null
TpTrace Warning: 0 : 22632, 4, 2023/01/18, 11:10:57.111, 6559395547908, testhost.dll, TestRunCache: No test found corresponding to testResult 'GetAllDept_UnitTest' in inProgress list.
TpTrace Verbose: 0 : 22632, 4, 2023/01/18, 11:10:57.111, 6559395549217, testhost.dll, TestExecutionRecorder.RecordStart: Starting test: DeptUnitTest.UnitTest1.AddDept_UnitTest.
TpTrace Information: 0 : 22632, 4, 2023/01/18, 11:10:57.112, 6559395560327, testhost.dll, MSTest - Executing test AddDept_UnitTest
TpTrace Verbose: 0 : 22632, 10, 2023/01/18, 11:10:57.644, 6559400870901, testhost.dll, TcpClientExtensions.MessageLoopAsync: Polling on remoteEndPoint: [::ffff:127.0.0.1]:53091 localEndPoint: [::ffff:127.0.0.1]:53092
TpTrace Information: 0 : 22632, 4, 2023/01/18, 11:10:58.072, 6559405153574, testhost.dll, AssemblyResolver.OnResolve: Microsoft.Data.SqlClient.resources: Resolving assembly.
TpTrace Information: 0 : 22632, 4, 2023/01/18, 11:10:58.072, 6559405154652, testhost.dll, AssemblyResolver.OnResolve: Microsoft.Data.SqlClient.resources: Searching in: 'D:\Project\Petzey.Department\DeptUnitTest\bin\Debug\net6.0\fine-code-coverage\build-output'.
TpTrace Information: 0 : 22632, 4, 2023/01/18, 11:10:58.072, 6559405155272, testhost.dll, AssemblyResolver.OnResolve: Microsoft.Data.SqlClient.resources: Assembly path does not exist: 'D:\Project\Petzey.Department\DeptUnitTest\bin\Debug\net6.0\fine-code-coverage\build-output\Microsoft.Data.SqlClient.resources.dll', returning.
TpTrace Information: 0 : 22632, 4, 2023/01/18, 11:10:58.072, 6559405155800, testhost.dll, AssemblyResolver.OnResolve: Microsoft.Data.SqlClient.resources: Assembly path does not exist: 'D:\Project\Petzey.Department\DeptUnitTest\bin\Debug\net6.0\fine-code-coverage\build-output\Microsoft.Data.SqlClient.resources.exe', returning.
TpTrace Information: 0 : 22632, 4, 2023/01/18, 11:10:58.072, 6559405156215, testhost.dll, AssemblyResolver.OnResolve: Microsoft.Data.SqlClient.resources: Failed to load assembly.
TpTrace Information: 0 : 22632, 4, 2023/01/18, 11:10:58.072, 6559405157458, testhost.dll, AssemblyResolver.OnResolve: Microsoft.Data.SqlClient.resources: Resolving assembly.
TpTrace Information: 0 : 22632, 4, 2023/01/18, 11:10:58.072, 6559405157884, testhost.dll, AssemblyResolver.OnResolve: Microsoft.Data.SqlClient.resources: Resolved from cache.
TpTrace Information: 0 : 22632, 4, 2023/01/18, 11:10:58.073, 6559405164365, testhost.dll, AssemblyResolver.OnResolve: Microsoft.Data.SqlClient.resources: Resolving assembly.
TpTrace Information: 0 : 22632, 4, 2023/01/18, 11:10:58.073, 6559405164913, testhost.dll, AssemblyResolver.OnResolve: Microsoft.Data.SqlClient.resources: Resolved from cache.
TpTrace Information: 0 : 22632, 4, 2023/01/18, 11:10:58.073, 6559405165871, testhost.dll, AssemblyResolver.OnResolve: Microsoft.Data.SqlClient.resources: Resolving assembly.
TpTrace Information: 0 : 22632, 4, 2023/01/18, 11:10:58.073, 6559405166286, testhost.dll, AssemblyResolver.OnResolve: Microsoft.Data.SqlClient.resources: Resolved from cache.
TpTrace Information: 0 : 22632, 9, 2023/01/18, 11:10:58.191, 6559406348290, testhost.dll, Sending test run statistics
TpTrace Verbose: 0 : 22632, 9, 2023/01/18, 11:10:58.228, 6559406718489, testhost.dll, TestRequestHandler.SendData:  sending data from testhost: {"Version":5,"MessageType":"TestExecution.StatsChange","Payload":{"NewTestResults":[{"TestCase":{"Id":"6418b723-ea73-dd58-6afd-ac916f557358","FullyQualifiedName":"DeptUnitTest.UnitTest1.GetAllDept_UnitTest","DisplayName":"GetAllDept_UnitTest","ExecutorUri":"executor://MSTestAdapter/v2","Source":"D:\\Project\\Petzey.Department\\DeptUnitTest\\bin\\Debug\\net6.0\\fine-code-coverage\\build-output\\DeptUnitTest.dll","CodeFilePath":null,"LineNumber":-1,"Properties":[{"Key":{"Id":"TestCase.ManagedType","Label":"ManagedType","Category":"","Description":"","Attributes":1,"ValueType":"System.String"},"Value":"DeptUnitTest.UnitTest1"},{"Key":{"Id":"TestCase.ManagedMethod","Label":"ManagedMethod","Category":"","Description":"","Attributes":1,"ValueType":"System.String"},"Value":"GetAllDept_UnitTest"},{"Key":{"Id":"MSTestDiscoverer.TestClassName","Label":"ClassName","Category":"","Description":"","Attributes":1,"ValueType":"System.String"},"Value":"DeptUnitTest.UnitTest1"},{"Key":{"Id":"TestCase.Hierarchy","Label":"Hierarchy","Category":"","Description":"","Attributes":2,"ValueType":"System.String[]"},"Value":["DeptUnitTest","UnitTest1"]},{"Key":{"Id":"TestObject.Traits","Label":"Traits","Category":"","Description":"","Attributes":5,"ValueType":"System.Collections.Generic.KeyValuePair`2[[System.String],[System.String]][]"},"Value":[]}]},"Attachments":[],"Outcome":1,"ErrorMessage":null,"ErrorStackTrace":null,"DisplayName":"GetAllDept_UnitTest","Messages":[],"ComputerName":null,"Duration":"00:00:00.1839945","StartTime":"2023-01-18T11:10:56.8917564+05:30","EndTime":"2023-01-18T11:10:57.0929146+05:30","Properties":[{"Key":{"Id":"ExecutionId","Label":"ExecutionId","Category":"","Description":"","Attributes":1,"ValueType":"System.Guid"},"Value":"00000000-0000-0000-0000-000000000000"},{"Key":{"Id":"ParentExecId","Label":"ParentExecId","Category":"","Description":"","Attributes":1,"ValueType":"System.Guid"},"Value":"00000000-0000-0000-0000-000000000000"},{"Key":{"Id":"InnerResultsCount","Label":"InnerResultsCount","Category":"","Description":"","Attributes":1,"ValueType":"System.Int32"},"Value":0}]}],"TestRunStatistics":{"ExecutedTests":1,"Stats":{"Passed":1}},"ActiveTests":[{"Id":"07ab97d2-1a31-d6dc-1021-12b188cdb899","FullyQualifiedName":"DeptUnitTest.UnitTest1.AddDept_UnitTest","DisplayName":"AddDept_UnitTest","ExecutorUri":"executor://MSTestAdapter/v2","Source":"D:\\Project\\Petzey.Department\\DeptUnitTest\\bin\\Debug\\net6.0\\fine-code-coverage\\build-output\\DeptUnitTest.dll","CodeFilePath":null,"LineNumber":-1,"Properties":[{"Key":{"Id":"TestCase.ManagedType","Label":"ManagedType","Category":"","Description":"","Attributes":1,"ValueType":"System.String"},"Value":"DeptUnitTest.UnitTest1"},{"Key":{"Id":"TestCase.ManagedMethod","Label":"ManagedMethod","Category":"","Description":"","Attributes":1,"ValueType":"System.String"},"Value":"AddDept_UnitTest"},{"Key":{"Id":"MSTestDiscoverer.TestClassName","Label":"ClassName","Category":"","Description":"","Attributes":1,"ValueType":"System.String"},"Value":"DeptUnitTest.UnitTest1"},{"Key":{"Id":"TestCase.Hierarchy","Label":"Hierarchy","Category":"","Description":"","Attributes":2,"ValueType":"System.String[]"},"Value":["DeptUnitTest","UnitTest1"]},{"Key":{"Id":"TestObject.Traits","Label":"Traits","Category":"","Description":"","Attributes":5,"ValueType":"System.Collections.Generic.KeyValuePair`2[[System.String],[System.String]][]"},"Value":[]}]}]}}
TpTrace Verbose: 0 : 22632, 9, 2023/01/18, 11:10:58.229, 6559406721286, testhost.dll, TestRunCache: OnNewTestResult: Notified the onCacheHit callback.
TpTrace Verbose: 0 : 22632, 10, 2023/01/18, 11:10:58.655, 6559410981405, testhost.dll, TcpClientExtensions.MessageLoopAsync: Polling on remoteEndPoint: [::ffff:127.0.0.1]:53091 localEndPoint: [::ffff:127.0.0.1]:53092
TpTrace Verbose: 0 : 22632, 10, 2023/01/18, 11:10:59.660, 6559421032113, testhost.dll, TcpClientExtensions.MessageLoopAsync: Polling on remoteEndPoint: [::ffff:127.0.0.1]:53091 localEndPoint: [::ffff:127.0.0.1]:53092
TpTrace Verbose: 0 : 22632, 10, 2023/01/18, 11:11:00.665, 6559431082724, testhost.dll, TcpClientExtensions.MessageLoopAsync: Polling on remoteEndPoint: [::ffff:127.0.0.1]:53091 localEndPoint: [::ffff:127.0.0.1]:53092
TpTrace Verbose: 0 : 22632, 10, 2023/01/18, 11:11:01.677, 6559441208585, testhost.dll, TcpClientExtensions.MessageLoopAsync: Polling on remoteEndPoint: [::ffff:127.0.0.1]:53091 localEndPoint: [::ffff:127.0.0.1]:53092
TpTrace Verbose: 0 : 22632, 10, 2023/01/18, 11:11:02.678, 6559451210990, testhost.dll, TcpClientExtensions.MessageLoopAsync: Polling on remoteEndPoint: [::ffff:127.0.0.1]:53091 localEndPoint: [::ffff:127.0.0.1]:53092
TpTrace Verbose: 0 : 22632, 10, 2023/01/18, 11:11:03.680, 6559461239240, testhost.dll, TcpClientExtensions.MessageLoopAsync: Polling on remoteEndPoint: [::ffff:127.0.0.1]:53091 localEndPoint: [::ffff:127.0.0.1]:53092
TpTrace Verbose: 0 : 22632, 10, 2023/01/18, 11:11:04.697, 6559471402555, testhost.dll, TcpClientExtensions.MessageLoopAsync: Polling on remoteEndPoint: [::ffff:127.0.0.1]:53091 localEndPoint: [::ffff:127.0.0.1]:53092
TpTrace Verbose: 0 : 22632, 10, 2023/01/18, 11:11:05.707, 6559481503203, testhost.dll, TcpClientExtensions.MessageLoopAsync: Polling on remoteEndPoint: [::ffff:127.0.0.1]:53091 localEndPoint: [::ffff:127.0.0.1]:53092
TpTrace Verbose: 0 : 22632, 10, 2023/01/18, 11:11:06.722, 6559491651879, testhost.dll, TcpClientExtensions.MessageLoopAsync: Polling on remoteEndPoint: [::ffff:127.0.0.1]:53091 localEndPoint: [::ffff:127.0.0.1]:53092
TpTrace Verbose: 0 : 22632, 10, 2023/01/18, 11:11:07.731, 6559501749092, testhost.dll, TcpClientExtensions.MessageLoopAsync: Polling on remoteEndPoint: [::ffff:127.0.0.1]:53091 localEndPoint: [::ffff:127.0.0.1]:53092
TpTrace Verbose: 0 : 22632, 10, 2023/01/18, 11:11:08.737, 6559511801498, testhost.dll, TcpClientExtensions.MessageLoopAsync: Polling on remoteEndPoint: [::ffff:127.0.0.1]:53091 localEndPoint: [::ffff:127.0.0.1]:53092
TpTrace Verbose: 0 : 22632, 10, 2023/01/18, 11:11:09.741, 6559521848595, testhost.dll, TcpClientExtensions.MessageLoopAsync: Polling on remoteEndPoint: [::ffff:127.0.0.1]:53091 localEndPoint: [::ffff:127.0.0.1]:53092
TpTrace Verbose: 0 : 22632, 10, 2023/01/18, 11:11:10.751, 6559531946029, testhost.dll, TcpClientExtensions.MessageLoopAsync: Polling on remoteEndPoint: [::ffff:127.0.0.1]:53091 localEndPoint: [::ffff:127.0.0.1]:53092
TpTrace Verbose: 0 : 22632, 10, 2023/01/18, 11:11:11.759, 6559542023989, testhost.dll, TcpClientExtensions.MessageLoopAsync: Polling on remoteEndPoint: [::ffff:127.0.0.1]:53091 localEndPoint: [::ffff:127.0.0.1]:53092
TpTrace Verbose: 0 : 22632, 10, 2023/01/18, 11:11:12.775, 6559552183388, testhost.dll, TcpClientExtensions.MessageLoopAsync: Polling on remoteEndPoint: [::ffff:127.0.0.1]:53091 localEndPoint: [::ffff:127.0.0.1]:53092
TpTrace Verbose: 0 : 22632, 10, 2023/01/18, 11:11:13.794, 6559562377000, testhost.dll, TcpClientExtensions.MessageLoopAsync: Polling on remoteEndPoint: [::ffff:127.0.0.1]:53091 localEndPoint: [::ffff:127.0.0.1]:53092
TpTrace Verbose: 0 : 22632, 10, 2023/01/18, 11:11:14.801, 6559572448559, testhost.dll, TcpClientExtensions.MessageLoopAsync: Polling on remoteEndPoint: [::ffff:127.0.0.1]:53091 localEndPoint: [::ffff:127.0.0.1]:53092
TpTrace Verbose: 0 : 22632, 10, 2023/01/18, 11:11:15.814, 6559582578022, testhost.dll, TcpClientExtensions.MessageLoopAsync: Polling on remoteEndPoint: [::ffff:127.0.0.1]:53091 localEndPoint: [::ffff:127.0.0.1]:53092
TpTrace Verbose: 0 : 22632, 10, 2023/01/18, 11:11:16.819, 6559592630239, testhost.dll, TcpClientExtensions.MessageLoopAsync: Polling on remoteEndPoint: [::ffff:127.0.0.1]:53091 localEndPoint: [::ffff:127.0.0.1]:53092
TpTrace Verbose: 0 : 22632, 10, 2023/01/18, 11:11:17.834, 6559602776677, testhost.dll, TcpClientExtensions.MessageLoopAsync: Polling on remoteEndPoint: [::ffff:127.0.0.1]:53091 localEndPoint: [::ffff:127.0.0.1]:53092
TpTrace Verbose: 0 : 22632, 10, 2023/01/18, 11:11:18.841, 6559612847871, testhost.dll, TcpClientExtensions.MessageLoopAsync: Polling on remoteEndPoint: [::ffff:127.0.0.1]:53091 localEndPoint: [::ffff:127.0.0.1]:53092
TpTrace Verbose: 0 : 22632, 10, 2023/01/18, 11:11:19.851, 6559622943750, testhost.dll, TcpClientExtensions.MessageLoopAsync: Polling on remoteEndPoint: [::ffff:127.0.0.1]:53091 localEndPoint: [::ffff:127.0.0.1]:53092
TpTrace Verbose: 0 : 22632, 10, 2023/01/18, 11:11:20.863, 6559633063166, testhost.dll, TcpClientExtensions.MessageLoopAsync: Polling on remoteEndPoint: [::ffff:127.0.0.1]:53091 localEndPoint: [::ffff:127.0.0.1]:53092
TpTrace Verbose: 0 : 22632, 10, 2023/01/18, 11:11:21.869, 6559643122303, testhost.dll, TcpClientExtensions.MessageLoopAsync: Polling on remoteEndPoint: [::ffff:127.0.0.1]:53091 localEndPoint: [::ffff:127.0.0.1]:53092
TpTrace Verbose: 0 : 22632, 10, 2023/01/18, 11:11:22.870, 6559653132981, testhost.dll, TcpClientExtensions.MessageLoopAsync: Polling on remoteEndPoint: [::ffff:127.0.0.1]:53091 localEndPoint: [::ffff:127.0.0.1]:53092
TpTrace Verbose: 0 : 22632, 10, 2023/01/18, 11:11:23.885, 6559663284650, testhost.dll, TcpClientExtensions.MessageLoopAsync: Polling on remoteEndPoint: [::ffff:127.0.0.1]:53091 localEndPoint: [::ffff:127.0.0.1]:53092
TpTrace Verbose: 0 : 22632, 10, 2023/01/18, 11:11:24.890, 6559673332561, testhost.dll, TcpClientExtensions.MessageLoopAsync: Polling on remoteEndPoint: [::ffff:127.0.0.1]:53091 localEndPoint: [::ffff:127.0.0.1]:53092
TpTrace Verbose: 0 : 22632, 10, 2023/01/18, 11:11:25.905, 6559683485280, testhost.dll, TcpClientExtensions.MessageLoopAsync: Polling on remoteEndPoint: [::ffff:127.0.0.1]:53091 localEndPoint: [::ffff:127.0.0.1]:53092
TpTrace Verbose: 0 : 22632, 10, 2023/01/18, 11:11:26.911, 6559693547277, testhost.dll, TcpClientExtensions.MessageLoopAsync: Polling on remoteEndPoint: [::ffff:127.0.0.1]:53091 localEndPoint: [::ffff:127.0.0.1]:53092
TpTrace Verbose: 0 : 22632, 10, 2023/01/18, 11:11:27.920, 6559703636393, testhost.dll, TcpClientExtensions.MessageLoopAsync: Polling on remoteEndPoint: [::ffff:127.0.0.1]:53091 localEndPoint: [::ffff:127.0.0.1]:53092
TpTrace Verbose: 0 : 22632, 10, 2023/01/18, 11:11:28.928, 6559713720192, testhost.dll, TcpClientExtensions.MessageLoopAsync: Polling on remoteEndPoint: [::ffff:127.0.0.1]:53091 localEndPoint: [::ffff:127.0.0.1]:53092
TpTrace Verbose: 0 : 22632, 10, 2023/01/18, 11:11:29.938, 6559723810987, testhost.dll, TcpClientExtensions.MessageLoopAsync: Polling on remoteEndPoint: [::ffff:127.0.0.1]:53091 localEndPoint: [::ffff:127.0.0.1]:53092
TpTrace Verbose: 0 : 22632, 10, 2023/01/18, 11:11:30.938, 6559733818481, testhost.dll, TcpClientExtensions.MessageLoopAsync: Polling on remoteEndPoint: [::ffff:127.0.0.1]:53091 localEndPoint: [::ffff:127.0.0.1]:53092
TpTrace Verbose: 0 : 22632, 10, 2023/01/18, 11:11:31.948, 6559743912298, testhost.dll, TcpClientExtensions.MessageLoopAsync: Polling on remoteEndPoint: [::ffff:127.0.0.1]:53091 localEndPoint: [::ffff:127.0.0.1]:53092
TpTrace Verbose: 0 : 22632, 10, 2023/01/18, 11:11:32.961, 6559754048574, testhost.dll, TcpClientExtensions.MessageLoopAsync: Polling on remoteEndPoint: [::ffff:127.0.0.1]:53091 localEndPoint: [::ffff:127.0.0.1]:53092
TpTrace Verbose: 0 : 22632, 10, 2023/01/18, 11:11:33.970, 6559764136169, testhost.dll, TcpClientExtensions.MessageLoopAsync: Polling on remoteEndPoint: [::ffff:127.0.0.1]:53091 localEndPoint: [::ffff:127.0.0.1]:53092
TpTrace Verbose: 0 : 22632, 10, 2023/01/18, 11:11:34.986, 6559774291976, testhost.dll, TcpClientExtensions.MessageLoopAsync: Polling on remoteEndPoint: [::ffff:127.0.0.1]:53091 localEndPoint: [::ffff:127.0.0.1]:53092
TpTrace Verbose: 0 : 22632, 10, 2023/01/18, 11:11:35.990, 6559784339781, testhost.dll, TcpClientExtensions.MessageLoopAsync: Polling on remoteEndPoint: [::ffff:127.0.0.1]:53091 localEndPoint: [::ffff:127.0.0.1]:53092
TpTrace Verbose: 0 : 22632, 10, 2023/01/18, 11:11:37.008, 6559794519478, testhost.dll, TcpClientExtensions.MessageLoopAsync: Polling on remoteEndPoint: [::ffff:127.0.0.1]:53091 localEndPoint: [::ffff:127.0.0.1]:53092
TpTrace Verbose: 0 : 22632, 10, 2023/01/18, 11:11:38.014, 6559804575255, testhost.dll, TcpClientExtensions.MessageLoopAsync: Polling on remoteEndPoint: [::ffff:127.0.0.1]:53091 localEndPoint: [::ffff:127.0.0.1]:53092
TpTrace Verbose: 0 : 22632, 10, 2023/01/18, 11:11:39.032, 6559814752031, testhost.dll, TcpClientExtensions.MessageLoopAsync: Polling on remoteEndPoint: [::ffff:127.0.0.1]:53091 localEndPoint: [::ffff:127.0.0.1]:53092
TpTrace Verbose: 0 : 22632, 10, 2023/01/18, 11:11:40.043, 6559824863345, testhost.dll, TcpClientExtensions.MessageLoopAsync: Polling on remoteEndPoint: [::ffff:127.0.0.1]:53091 localEndPoint: [::ffff:127.0.0.1]:53092
TpTrace Verbose: 0 : 22632, 10, 2023/01/18, 11:11:41.052, 6559834955350, testhost.dll, TcpClientExtensions.MessageLoopAsync: Polling on remoteEndPoint: [::ffff:127.0.0.1]:53091 localEndPoint: [::ffff:127.0.0.1]:53092
TpTrace Information: 0 : 22632, 4, 2023/01/18, 11:11:41.475, 6559839190233, testhost.dll, AssemblyResolver.OnResolve: Microsoft.VisualStudio.TestPlatform.MSTest.TestAdapter.resources: Resolving assembly.
TpTrace Information: 0 : 22632, 4, 2023/01/18, 11:11:41.476, 6559839192542, testhost.dll, AssemblyResolver.OnResolve: Microsoft.VisualStudio.TestPlatform.MSTest.TestAdapter.resources: Searching in: 'D:\Project\Petzey.Department\DeptUnitTest\bin\Debug\net6.0\fine-code-coverage\build-output'.
TpTrace Information: 0 : 22632, 4, 2023/01/18, 11:11:41.476, 6559839194420, testhost.dll, AssemblyResolver.OnResolve: Microsoft.VisualStudio.TestPlatform.MSTest.TestAdapter.resources: Assembly path does not exist: 'D:\Project\Petzey.Department\DeptUnitTest\bin\Debug\net6.0\fine-code-coverage\build-output\Microsoft.VisualStudio.TestPlatform.MSTest.TestAdapter.resources.dll', returning.
TpTrace Information: 0 : 22632, 4, 2023/01/18, 11:11:41.476, 6559839196056, testhost.dll, AssemblyResolver.OnResolve: Microsoft.VisualStudio.TestPlatform.MSTest.TestAdapter.resources: Assembly path does not exist: 'D:\Project\Petzey.Department\DeptUnitTest\bin\Debug\net6.0\fine-code-coverage\build-output\Microsoft.VisualStudio.TestPlatform.MSTest.TestAdapter.resources.exe', returning.
TpTrace Information: 0 : 22632, 4, 2023/01/18, 11:11:41.476, 6559839197130, testhost.dll, AssemblyResolver.OnResolve: Microsoft.VisualStudio.TestPlatform.MSTest.TestAdapter.resources: Failed to load assembly.
TpTrace Information: 0 : 22632, 4, 2023/01/18, 11:11:41.530, 6559839732577, testhost.dll, MSTest - Executed test AddDept_UnitTest
TpTrace Verbose: 0 : 22632, 4, 2023/01/18, 11:11:41.530, 6559839734862, testhost.dll, TestExecutionRecorder.RecordEnd: test: DeptUnitTest.UnitTest1.AddDept_UnitTest execution completed.
TpTrace Warning: 0 : 22632, 4, 2023/01/18, 11:11:41.530, 6559839735929, testhost.dll, TestRunCache: InProgressTests is null
TpTrace Information: 0 : 22632, 4, 2023/01/18, 11:11:41.543, 6559839861729, testhost.dll, MSTest - MSTestExecutor:Test DeptUnitTest.UnitTest1.AddDept_UnitTest failed. ErrorMessage:Test method DeptUnitTest.UnitTest1.AddDept_UnitTest threw exception: 
System.InvalidOperationException: An exception has been raised that is likely due to a transient failure. Consider enabling transient error resiliency by adding 'EnableRetryOnFailure' to the 'UseSqlServer' call. ---> Microsoft.Data.SqlClient.SqlException: A network-related or instance-specific error occurred while establishing a connection to SQL Server. The server was not found or was not accessible. Verify that the instance name is correct and that SQL Server is configured to allow remote connections. (provider: TCP Provider, error: 0 - A connection attempt failed because the connected party did not properly respond after a period of time, or established connection failed because connected host has failed to respond.) ---> System.ComponentModel.Win32Exception: A connection attempt failed because the connected party did not properly respond after a period of time, or established connection failed because connected host has failed to respond., ErrorStackTrace:    at Microsoft.Data.ProviderBase.DbConnectionPool.CheckPoolBlockingPeriod(Exception e)
   at Microsoft.Data.ProviderBase.DbConnectionPool.CreateObject(DbConnection owningObject, DbConnectionOptions userOptions, DbConnectionInternal oldConnection)
   at Microsoft.Data.ProviderBase.DbConnectionPool.UserCreateRequest(DbConnection owningObject, DbConnectionOptions userOptions, DbConnectionInternal oldConnection)
   at Microsoft.Data.ProviderBase.DbConnectionPool.TryGetConnection(DbConnection owningObject, UInt32 waitForMultipleObjectsTimeout, Boolean allowCreate, Boolean onlyOneCheckConnection, DbConnectionOptions userOptions, DbConnectionInternal& connection)
   at Microsoft.Data.ProviderBase.DbConnectionPool.TryGetConnection(DbConnection owningObject, TaskCompletionSource`1 retry, DbConnectionOptions userOptions, DbConnectionInternal& connection)
   at Microsoft.Data.ProviderBase.DbConnectionFactory.TryGetConnection(DbConnection owningConnection, TaskCompletionSource`1 retry, DbConnectionOptions userOptions, DbConnectionInternal oldConnection, DbConnectionInternal& connection)
   at Microsoft.Data.ProviderBase.DbConnectionInternal.TryOpenConnectionInternal(DbConnection outerConnection, DbConnectionFactory connectionFactory, TaskCompletionSource`1 retry, DbConnectionOptions userOptions)
   at Microsoft.Data.ProviderBase.DbConnectionClosed.TryOpenConnection(DbConnection outerConnection, DbConnectionFactory connectionFactory, TaskCompletionSource`1 retry, DbConnectionOptions userOptions)
   at Microsoft.Data.SqlClient.SqlConnection.TryOpen(TaskCompletionSource`1 retry, SqlConnectionOverrides overrides)
   at Microsoft.Data.SqlClient.SqlConnection.Open(SqlConnectionOverrides overrides)
   at Microsoft.Data.SqlClient.SqlConnection.Open()
   at Microsoft.EntityFrameworkCore.SqlServer.Storage.Internal.SqlServerConnection.OpenDbConnection(Boolean errorsExpected)
   at Microsoft.EntityFrameworkCore.Storage.RelationalConnection.OpenInternal(Boolean errorsExpected)
   at Microsoft.EntityFrameworkCore.Storage.RelationalConnection.Open(Boolean errorsExpected)
   at Microsoft.EntityFrameworkCore.Storage.RelationalCommand.ExecuteReader(RelationalCommandParameterObject parameterObject)
   at Microsoft.EntityFrameworkCore.Query.Internal.SingleQueryingEnumerable`1.Enumerator.InitializeReader(Enumerator enumerator)
   at Microsoft.EntityFrameworkCore.Query.Internal.SingleQueryingEnumerable`1.Enumerator.<>c.<MoveNext>b__21_0(DbContext _, Enumerator enumerator)
   at Microsoft.EntityFrameworkCore.SqlServer.Storage.Internal.SqlServerExecutionStrategy.Execute[TState,TResult](TState state, Func`3 operation, Func`3 verifySucceeded)
--- End of inner exception stack trace ---
    at Microsoft.EntityFrameworkCore.SqlServer.Storage.Internal.SqlServerExecutionStrategy.Execute[TState,TResult](TState state, Func`3 operation, Func`3 verifySucceeded)
   at Microsoft.EntityFrameworkCore.Query.Internal.SingleQueryingEnumerable`1.Enumerator.MoveNext()
   at System.Collections.Generic.List`1..ctor(IEnumerable`1 collection)
   at System.Linq.Enumerable.ToList[TSource](IEnumerable`1 source)
   at DeptUnitTest.UnitTest1.AddDept_UnitTest() in D:\Project\Petzey.Department\DeptUnitTest\UnitTest1.cs:line 56
.
TpTrace Verbose: 0 : 22632, 4, 2023/01/18, 11:11:41.543, 6559839864677, testhost.dll, TestExecutionRecorder.RecordResult: Received result for test: DeptUnitTest.UnitTest1.AddDept_UnitTest.
TpTrace Warning: 0 : 22632, 4, 2023/01/18, 11:11:41.543, 6559839866327, testhost.dll, TestRunCache: InProgressTests is null
TpTrace Warning: 0 : 22632, 4, 2023/01/18, 11:11:41.543, 6559839867177, testhost.dll, TestRunCache: No test found corresponding to testResult 'AddDept_UnitTest' in inProgress list.
TpTrace Information: 0 : 22632, 4, 2023/01/18, 11:11:41.544, 6559839871716, testhost.dll, MSTest - Executing cleanup methods.
TpTrace Information: 0 : 22632, 4, 2023/01/18, 11:11:41.546, 6559839895247, testhost.dll, MSTest - Executed cleanup methods.
TpTrace Information: 0 : 22632, 4, 2023/01/18, 11:11:41.546, 6559839896531, testhost.dll, MSTest - Executed tests belonging to source D:\Project\Petzey.Department\DeptUnitTest\bin\Debug\net6.0\fine-code-coverage\build-output\DeptUnitTest.dll
TpTrace Verbose: 0 : 22632, 4, 2023/01/18, 11:11:41.547, 6559839903676, testhost.dll, BaseRunTests.RunTestInternalWithExecutors: Completed running tests for executor://MSTestAdapter/v2
TpTrace Information: 0 : 22632, 4, 2023/01/18, 11:11:41.552, 6559839951728, testhost.dll, Sending test run complete
TpTrace Verbose: 0 : 22632, 4, 2023/01/18, 11:11:41.574, 6559840179679, testhost.dll, TestRequestHandler.SendData:  sending data from testhost: {"Version":5,"MessageType":"TestExecution.Completed","Payload":{"TestRunCompleteArgs":{"TestRunStatistics":{"ExecutedTests":2,"Stats":{"Passed":1,"Failed":1}},"IsCanceled":false,"IsAborted":false,"Error":null,"AttachmentSets":[],"ElapsedTimeInRunningTests":"00:00:44.7946385","Metrics":{}},"LastRunTests":{"NewTestResults":[{"TestCase":{"Id":"07ab97d2-1a31-d6dc-1021-12b188cdb899","FullyQualifiedName":"DeptUnitTest.UnitTest1.AddDept_UnitTest","DisplayName":"AddDept_UnitTest","ExecutorUri":"executor://MSTestAdapter/v2","Source":"D:\\Project\\Petzey.Department\\DeptUnitTest\\bin\\Debug\\net6.0\\fine-code-coverage\\build-output\\DeptUnitTest.dll","CodeFilePath":null,"LineNumber":-1,"Properties":[{"Key":{"Id":"TestCase.ManagedType","Label":"ManagedType","Category":"","Description":"","Attributes":1,"ValueType":"System.String"},"Value":"DeptUnitTest.UnitTest1"},{"Key":{"Id":"TestCase.ManagedMethod","Label":"ManagedMethod","Category":"","Description":"","Attributes":1,"ValueType":"System.String"},"Value":"AddDept_UnitTest"},{"Key":{"Id":"MSTestDiscoverer.TestClassName","Label":"ClassName","Category":"","Description":"","Attributes":1,"ValueType":"System.String"},"Value":"DeptUnitTest.UnitTest1"},{"Key":{"Id":"TestCase.Hierarchy","Label":"Hierarchy","Category":"","Description":"","Attributes":2,"ValueType":"System.String[]"},"Value":["DeptUnitTest","UnitTest1"]},{"Key":{"Id":"TestObject.Traits","Label":"Traits","Category":"","Description":"","Attributes":5,"ValueType":"System.Collections.Generic.KeyValuePair`2[[System.String],[System.String]][]"},"Value":[]}]},"Attachments":[],"Outcome":2,"ErrorMessage":"Test method DeptUnitTest.UnitTest1.AddDept_UnitTest threw exception: \r\nSystem.InvalidOperationException: An exception has been raised that is likely due to a transient failure. Consider enabling transient error resiliency by adding 'EnableRetryOnFailure' to the 'UseSqlServer' call. ---> Microsoft.Data.SqlClient.SqlException: A network-related or instance-specific error occurred while establishing a connection to SQL Server. The server was not found or was not accessible. Verify that the instance name is correct and that SQL Server is configured to allow remote connections. (provider: TCP Provider, error: 0 - A connection attempt failed because the connected party did not properly respond after a period of time, or established connection failed because connected host has failed to respond.) ---> System.ComponentModel.Win32Exception: A connection attempt failed because the connected party did not properly respond after a period of time, or established connection failed because connected host has failed to respond.","ErrorStackTrace":"    at Microsoft.Data.ProviderBase.DbConnectionPool.CheckPoolBlockingPeriod(Exception e)\r\n   at Microsoft.Data.ProviderBase.DbConnectionPool.CreateObject(DbConnection owningObject, DbConnectionOptions userOptions, DbConnectionInternal oldConnection)\r\n   at Microsoft.Data.ProviderBase.DbConnectionPool.UserCreateRequest(DbConnection owningObject, DbConnectionOptions userOptions, DbConnectionInternal oldConnection)\r\n   at Microsoft.Data.ProviderBase.DbConnectionPool.TryGetConnection(DbConnection owningObject, UInt32 waitForMultipleObjectsTimeout, Boolean allowCreate, Boolean onlyOneCheckConnection, DbConnectionOptions userOptions, DbConnectionInternal& connection)\r\n   at Microsoft.Data.ProviderBase.DbConnectionPool.TryGetConnection(DbConnection owningObject, TaskCompletionSource`1 retry, DbConnectionOptions userOptions, DbConnectionInternal& connection)\r\n   at Microsoft.Data.ProviderBase.DbConnectionFactory.TryGetConnection(DbConnection owningConnection, TaskCompletionSource`1 retry, DbConnectionOptions userOptions, DbConnectionInternal oldConnection, DbConnectionInternal& connection)\r\n   at Microsoft.Data.ProviderBase.DbConnectionInternal.TryOpenConnectionInternal(DbConnection outerConnection, DbConnectionFactory connectionFactory, TaskCompletionSource`1 retry, DbConnectionOptions userOptions)\r\n   at Microsoft.Data.ProviderBase.DbConnectionClosed.TryOpenConnection(DbConnection outerConnection, DbConnectionFactory connectionFactory, TaskCompletionSource`1 retry, DbConnectionOptions userOptions)\r\n   at Microsoft.Data.SqlClient.SqlConnection.TryOpen(TaskCompletionSource`1 retry, SqlConnectionOverrides overrides)\r\n   at Microsoft.Data.SqlClient.SqlConnection.Open(SqlConnectionOverrides overrides)\r\n   at Microsoft.Data.SqlClient.SqlConnection.Open()\r\n   at Microsoft.EntityFrameworkCore.SqlServer.Storage.Internal.SqlServerConnection.OpenDbConnection(Boolean errorsExpected)\r\n   at Microsoft.EntityFrameworkCore.Storage.RelationalConnection.OpenInternal(Boolean errorsExpected)\r\n   at Microsoft.EntityFrameworkCore.Storage.RelationalConnection.Open(Boolean errorsExpected)\r\n   at Microsoft.EntityFrameworkCore.Storage.RelationalCommand.ExecuteReader(RelationalCommandParameterObject parameterObject)\r\n   at Microsoft.EntityFrameworkCore.Query.Internal.SingleQueryingEnumerable`1.Enumerator.InitializeReader(Enumerator enumerator)\r\n   at Microsoft.EntityFrameworkCore.Query.Internal.SingleQueryingEnumerable`1.Enumerator.<>c.<MoveNext>b__21_0(DbContext _, Enumerator enumerator)\r\n   at Microsoft.EntityFrameworkCore.SqlServer.Storage.Internal.SqlServerExecutionStrategy.Execute[TState,TResult](TState state, Func`3 operation, Func`3 verifySucceeded)\r\n--- End of inner exception stack trace ---\r\n    at Microsoft.EntityFrameworkCore.SqlServer.Storage.Internal.SqlServerExecutionStrategy.Execute[TState,TResult](TState state, Func`3 operation, Func`3 verifySucceeded)\r\n   at Microsoft.EntityFrameworkCore.Query.Internal.SingleQueryingEnumerable`1.Enumerator.MoveNext()\r\n   at System.Collections.Generic.List`1..ctor(IEnumerable`1 collection)\r\n   at System.Linq.Enumerable.ToList[TSource](IEnumerable`1 source)\r\n   at DeptUnitTest.UnitTest1.AddDept_UnitTest() in D:\\Project\\Petzey.Department\\DeptUnitTest\\UnitTest1.cs:line 56\r\n","DisplayName":"AddDept_UnitTest","Messages":[],"ComputerName":null,"Duration":"00:00:44.4159401","StartTime":"2023-01-18T11:10:57.1129724+05:30","EndTime":"2023-01-18T11:11:41.5303823+05:30","Properties":[{"Key":{"Id":"ExecutionId","Label":"ExecutionId","Category":"","Description":"","Attributes":1,"ValueType":"System.Guid"},"Value":"00000000-0000-0000-0000-000000000000"},{"Key":{"Id":"ParentExecId","Label":"ParentExecId","Category":"","Description":"","Attributes":1,"ValueType":"System.Guid"},"Value":"00000000-0000-0000-0000-000000000000"},{"Key":{"Id":"InnerResultsCount","Label":"InnerResultsCount","Category":"","Description":"","Attributes":1,"ValueType":"System.Int32"},"Value":0}]}],"TestRunStatistics":{"ExecutedTests":2,"Stats":{"Passed":1,"Failed":1}},"ActiveTests":[]},"RunAttachments":[],"ExecutorUris":["executor://mstestadapter/v2"]}}
TpTrace Verbose: 0 : 22632, 4, 2023/01/18, 11:11:41.575, 6559840189172, testhost.dll, BaseRunTests.RunTests: Run is complete.
TpTrace Verbose: 0 : 22632, 10, 2023/01/18, 11:11:41.576, 6559840198503, testhost.dll, TcpClientExtensions.MessageLoopAsync: NotifyDataAvailable remoteEndPoint: [::ffff:127.0.0.1]:53091 localEndPoint: [::ffff:127.0.0.1]:53092
TpTrace Information: 0 : 22632, 10, 2023/01/18, 11:11:41.577, 6559840201007, testhost.dll, TestRequestHandler.OnMessageReceived: received message: (TestSession.Terminate) -> null
TpTrace Information: 0 : 22632, 10, 2023/01/18, 11:11:41.577, 6559840201776, testhost.dll, Session End message received from server. Closing the connection.
TpTrace Information: 0 : 22632, 10, 2023/01/18, 11:11:41.577, 6559840206198, testhost.dll, SocketClient.Stop: Stop communication from server endpoint: 127.0.0.1:053091
TpTrace Information: 0 : 22632, 10, 2023/01/18, 11:11:41.577, 6559840207009, testhost.dll, SocketClient: Stop: Cancellation requested. Stopping message loop.
TpTrace Verbose: 0 : 22632, 10, 2023/01/18, 11:11:41.577, 6559840208717, testhost.dll, LengthPrefixCommunicationChannel.Dispose: Dispose reader and writer.
TpTrace Information: 0 : 22632, 10, 2023/01/18, 11:11:41.577, 6559840209526, testhost.dll, Closing the connection !
TpTrace Information: 0 : 22632, 10, 2023/01/18, 11:11:41.578, 6559840212869, testhost.dll, SocketClient.PrivateStop: Stop communication from server endpoint: 127.0.0.1:053091, error:
TpTrace Information: 0 : 22632, 1, 2023/01/18, 11:11:41.578, 6559840218676, testhost.dll, Closing the connection !
TpTrace Verbose: 0 : 22632, 10, 2023/01/18, 11:11:41.578, 6559840219196, testhost.dll, LengthPrefixCommunicationChannel.Dispose: Dispose reader and writer.
TpTrace Information: 0 : 22632, 1, 2023/01/18, 11:11:41.578, 6559840219536, testhost.dll, SocketClient.Stop: Stop communication from server endpoint: 127.0.0.1:053091
TpTrace Verbose: 0 : 22632, 10, 2023/01/18, 11:11:41.579, 6559840220558, testhost.dll, TcpClientExtensions.MessageLoopAsync: exiting MessageLoopAsync remoteEndPoint: [::ffff:127.0.0.1]:53091 localEndPoint: [::ffff:127.0.0.1]:53092
TpTrace Verbose: 0 : 22632, 1, 2023/01/18, 11:11:41.579, 6559840221326, testhost.dll, LengthPrefixCommunicationChannel.Dispose: Dispose reader and writer.
TpTrace Information: 0 : 22632, 1, 2023/01/18, 11:11:41.579, 6559840223516, testhost.dll, Testhost process exiting.
